[0.024s] Invoking command in '/home/wuray/tello_ros_ws/build/tello_driver': AMENT_PREFIX_PATH=/home/wuray/tello_ros_ws/install/tello_msgs:${AMENT_PREFIX_PATH} CMAKE_PREFIX_PATH=/home/wuray/tello_ros_ws/install/tello_msgs:/home/wuray/tello_ros_ws/install/ros2_shared:/home/wuray/tello_ros_ws/install/tello_description:/opt/ros/dashing:/home/wuray/flock_catkin_ws/devel:/opt/ros/melodic LD_LIBRARY_PATH=/home/wuray/tello_ros_ws/install/tello_msgs/lib:${LD_LIBRARY_PATH} PYTHONPATH=/home/wuray/tello_ros_ws/install/tello_msgs/lib/python3.6/site-packages:${PYTHONPATH} /usr/local/bin/cmake --build /home/wuray/tello_ros_ws/build/tello_driver -- -j4 -l4
[0.070s] [  9%] Built target tello_joy_node
[0.073s] [ 18%] Built target tello_emulator
[0.081s] [ 50%] Built target tello_driver_node
[0.091s] [ 86%] Built target tello_driver_main
[0.096s] [100%] Built target tello_joy_main
[0.104s] Invoked command in '/home/wuray/tello_ros_ws/build/tello_driver' returned '0': AMENT_PREFIX_PATH=/home/wuray/tello_ros_ws/install/tello_msgs:${AMENT_PREFIX_PATH} CMAKE_PREFIX_PATH=/home/wuray/tello_ros_ws/install/tello_msgs:/home/wuray/tello_ros_ws/install/ros2_shared:/home/wuray/tello_ros_ws/install/tello_description:/opt/ros/dashing:/home/wuray/flock_catkin_ws/devel:/opt/ros/melodic LD_LIBRARY_PATH=/home/wuray/tello_ros_ws/install/tello_msgs/lib:${LD_LIBRARY_PATH} PYTHONPATH=/home/wuray/tello_ros_ws/install/tello_msgs/lib/python3.6/site-packages:${PYTHONPATH} /usr/local/bin/cmake --build /home/wuray/tello_ros_ws/build/tello_driver -- -j4 -l4
[0.161s] Invoking command in '/home/wuray/tello_ros_ws/build/tello_driver': AMENT_PREFIX_PATH=/home/wuray/tello_ros_ws/install/tello_msgs:${AMENT_PREFIX_PATH} CMAKE_PREFIX_PATH=/home/wuray/tello_ros_ws/install/tello_msgs:/home/wuray/tello_ros_ws/install/ros2_shared:/home/wuray/tello_ros_ws/install/tello_description:/opt/ros/dashing:/home/wuray/flock_catkin_ws/devel:/opt/ros/melodic LD_LIBRARY_PATH=/home/wuray/tello_ros_ws/install/tello_msgs/lib:${LD_LIBRARY_PATH} PYTHONPATH=/home/wuray/tello_ros_ws/install/tello_msgs/lib/python3.6/site-packages:${PYTHONPATH} /usr/local/bin/cmake --install /home/wuray/tello_ros_ws/build/tello_driver
[0.167s] -- Install configuration: ""
[0.167s] -- Up-to-date: /home/wuray/tello_ros_ws/install/tello_driver/share/tello_driver/environment/library_path.sh
[0.168s] -- Up-to-date: /home/wuray/tello_ros_ws/install/tello_driver/lib/libtello_driver_node.so
[0.168s] -- Up-to-date: /home/wuray/tello_ros_ws/install/tello_driver/lib/libtello_joy_node.so
[0.169s] -- Up-to-date: /home/wuray/tello_ros_ws/install/tello_driver/lib/tello_driver/tello_driver_main
[0.169s] -- Up-to-date: /home/wuray/tello_ros_ws/install/tello_driver/lib/tello_driver/tello_joy_main
[0.170s] -- Up-to-date: /home/wuray/tello_ros_ws/install/tello_driver/lib/tello_driver/tello_emulator
[0.170s] -- Up-to-date: /home/wuray/tello_ros_ws/install/tello_driver/share/tello_driver/cfg
[0.170s] -- Up-to-date: /home/wuray/tello_ros_ws/install/tello_driver/share/tello_driver/cfg/camera_info.yaml
[0.170s] -- Up-to-date: /home/wuray/tello_ros_ws/install/tello_driver/share/tello_driver/launch
[0.171s] -- Up-to-date: /home/wuray/tello_ros_ws/install/tello_driver/share/tello_driver/launch/emulator_launch.py
[0.171s] -- Up-to-date: /home/wuray/tello_ros_ws/install/tello_driver/share/tello_driver/launch/teleop_launch.py
[0.171s] -- Up-to-date: /home/wuray/tello_ros_ws/install/tello_driver/share/tello_driver/launch/emulators_launch.py
[0.171s] -- Up-to-date: /home/wuray/tello_ros_ws/install/tello_driver/share/ament_index/resource_index/package_run_dependencies/tello_driver
[0.171s] -- Up-to-date: /home/wuray/tello_ros_ws/install/tello_driver/share/ament_index/resource_index/parent_prefix_path/tello_driver
[0.172s] -- Up-to-date: /home/wuray/tello_ros_ws/install/tello_driver/share/tello_driver/environment/ament_prefix_path.sh
[0.172s] -- Up-to-date: /home/wuray/tello_ros_ws/install/tello_driver/share/tello_driver/environment/path.sh
[0.173s] -- Up-to-date: /home/wuray/tello_ros_ws/install/tello_driver/share/tello_driver/local_setup.bash
[0.176s] -- Up-to-date: /home/wuray/tello_ros_ws/install/tello_driver/share/tello_driver/local_setup.sh
[0.176s] -- Up-to-date: /home/wuray/tello_ros_ws/install/tello_driver/share/tello_driver/local_setup.zsh
[0.176s] -- Up-to-date: /home/wuray/tello_ros_ws/install/tello_driver/share/ament_index/resource_index/packages/tello_driver
[0.177s] -- Up-to-date: /home/wuray/tello_ros_ws/install/tello_driver/share/ament_index/resource_index/rclcpp_components/tello_driver
[0.177s] -- Up-to-date: /home/wuray/tello_ros_ws/install/tello_driver/share/tello_driver/cmake/tello_driverConfig.cmake
[0.177s] -- Up-to-date: /home/wuray/tello_ros_ws/install/tello_driver/share/tello_driver/cmake/tello_driverConfig-version.cmake
[0.177s] -- Up-to-date: /home/wuray/tello_ros_ws/install/tello_driver/share/tello_driver/package.xml
[0.178s] Invoked command in '/home/wuray/tello_ros_ws/build/tello_driver' returned '0': AMENT_PREFIX_PATH=/home/wuray/tello_ros_ws/install/tello_msgs:${AMENT_PREFIX_PATH} CMAKE_PREFIX_PATH=/home/wuray/tello_ros_ws/install/tello_msgs:/home/wuray/tello_ros_ws/install/ros2_shared:/home/wuray/tello_ros_ws/install/tello_description:/opt/ros/dashing:/home/wuray/flock_catkin_ws/devel:/opt/ros/melodic LD_LIBRARY_PATH=/home/wuray/tello_ros_ws/install/tello_msgs/lib:${LD_LIBRARY_PATH} PYTHONPATH=/home/wuray/tello_ros_ws/install/tello_msgs/lib/python3.6/site-packages:${PYTHONPATH} /usr/local/bin/cmake --install /home/wuray/tello_ros_ws/build/tello_driver
