[35m[1mScanning dependencies of target generate_urdf_4[0m
[35m[1mScanning dependencies of target generate_urdf_7[0m
[35m[1mScanning dependencies of target generate_urdf_5[0m
[ 11%] [34m[1mGenerate /home/wuray/tello_ros_ws/build/tello_description/urdf/tello_7.urdf[0m
[ 22%] [34m[1mGenerate /home/wuray/tello_ros_ws/build/tello_description/urdf/tello_4.urdf[0m
[ 33%] [34m[1mGenerate /home/wuray/tello_ros_ws/build/tello_description/urdf/tello_5.urdf[0m
[ 33%] Built target generate_urdf_7
[35m[1mScanning dependencies of target generate_urdf_3[0m
[ 44%] [34m[1mGenerate /home/wuray/tello_ros_ws/build/tello_description/urdf/tello_3.urdf[0m
[ 44%] Built target generate_urdf_4
[ 44%] Built target generate_urdf_5
[35m[1mScanning dependencies of target generate_urdf[0m
[35m[1mScanning dependencies of target generate_urdf_6[0m
[ 55%] [34m[1mGenerate /home/wuray/tello_ros_ws/build/tello_description/urdf/tello_6.urdf[0m
[ 66%] [34m[1mGenerate /home/wuray/tello_ros_ws/build/tello_description/urdf/tello.urdf[0m
[ 66%] Built target generate_urdf_3
[35m[1mScanning dependencies of target generate_urdf_1[0m
[ 66%] Built target generate_urdf_6
[ 77%] [34m[1mGenerate /home/wuray/tello_ros_ws/build/tello_description/urdf/tello_1.urdf[0m
[35m[1mScanning dependencies of target generate_urdf_8[0m
[ 77%] Built target generate_urdf
[ 88%] [34m[1mGenerate /home/wuray/tello_ros_ws/build/tello_description/urdf/tello_8.urdf[0m
[35m[1mScanning dependencies of target generate_urdf_2[0m
[100%] [34m[1mGenerate /home/wuray/tello_ros_ws/build/tello_description/urdf/tello_2.urdf[0m
[100%] Built target generate_urdf_1
[100%] Built target generate_urdf_8
[100%] Built target generate_urdf_2
-- Install configuration: ""
-- Installing: /home/wuray/tello_ros_ws/install/tello_description/share/tello_description/urdf
-- Installing: /home/wuray/tello_ros_ws/install/tello_description/share/tello_description/urdf/tello_2.urdf
-- Installing: /home/wuray/tello_ros_ws/install/tello_description/share/tello_description/urdf/tello_6.urdf
-- Installing: /home/wuray/tello_ros_ws/install/tello_description/share/tello_description/urdf/tello_1.urdf
-- Installing: /home/wuray/tello_ros_ws/install/tello_description/share/tello_description/urdf/tello_8.urdf
-- Installing: /home/wuray/tello_ros_ws/install/tello_description/share/tello_description/urdf/tello_4.urdf
-- Installing: /home/wuray/tello_ros_ws/install/tello_description/share/tello_description/urdf/tello_5.urdf
-- Installing: /home/wuray/tello_ros_ws/install/tello_description/share/tello_description/urdf/tello.urdf
-- Installing: /home/wuray/tello_ros_ws/install/tello_description/share/tello_description/urdf/tello_7.urdf
-- Installing: /home/wuray/tello_ros_ws/install/tello_description/share/tello_description/urdf/tello_3.urdf
-- Installing: /home/wuray/tello_ros_ws/install/tello_description/share/ament_index/resource_index/package_run_dependencies/tello_description
-- Installing: /home/wuray/tello_ros_ws/install/tello_description/share/ament_index/resource_index/parent_prefix_path/tello_description
-- Installing: /home/wuray/tello_ros_ws/install/tello_description/share/tello_description/environment/ament_prefix_path.sh
-- Installing: /home/wuray/tello_ros_ws/install/tello_description/share/tello_description/environment/path.sh
-- Installing: /home/wuray/tello_ros_ws/install/tello_description/share/tello_description/local_setup.bash
-- Installing: /home/wuray/tello_ros_ws/install/tello_description/share/tello_description/local_setup.sh
-- Installing: /home/wuray/tello_ros_ws/install/tello_description/share/tello_description/local_setup.zsh
-- Installing: /home/wuray/tello_ros_ws/install/tello_description/share/ament_index/resource_index/packages/tello_description
-- Installing: /home/wuray/tello_ros_ws/install/tello_description/share/tello_description/cmake/tello_descriptionConfig.cmake
-- Installing: /home/wuray/tello_ros_ws/install/tello_description/share/tello_description/cmake/tello_descriptionConfig-version.cmake
-- Installing: /home/wuray/tello_ros_ws/install/tello_description/share/tello_description/package.xml
