[0.037s] Invoking command in '/home/wuray/tello_ros_ws/build/tello_description': CMAKE_PREFIX_PATH=/home/wuray/tello_ros_ws/install/tello_description:/home/wuray/tello_ros_ws/install/ros2_shared:/opt/ros/dashing:/home/wuray/flock_catkin_ws/devel:/opt/ros/melodic /usr/local/bin/cmake --build /home/wuray/tello_ros_ws/build/tello_description -- -j4 -l4
[0.082s] [35m[1mScanning dependencies of target generate_urdf_4[0m
[0.082s] [35m[1mScanning dependencies of target generate_urdf_7[0m
[0.090s] [35m[1mScanning dependencies of target generate_urdf_5[0m
[0.094s] [ 11%] [34m[1mGenerate /home/wuray/tello_ros_ws/build/tello_description/urdf/tello_7.urdf[0m
[0.105s] [ 22%] [34m[1mGenerate /home/wuray/tello_ros_ws/build/tello_description/urdf/tello_4.urdf[0m
[0.107s] [ 33%] [34m[1mGenerate /home/wuray/tello_ros_ws/build/tello_description/urdf/tello_5.urdf[0m
[0.182s] [ 33%] Built target generate_urdf_7
[0.195s] [35m[1mScanning dependencies of target generate_urdf_3[0m
[0.222s] [ 44%] [34m[1mGenerate /home/wuray/tello_ros_ws/build/tello_description/urdf/tello_3.urdf[0m
[0.223s] [ 44%] Built target generate_urdf_4
[0.226s] [ 44%] Built target generate_urdf_5
[0.231s] [35m[1mScanning dependencies of target generate_urdf[0m
[0.236s] [35m[1mScanning dependencies of target generate_urdf_6[0m
[0.247s] [ 55%] [34m[1mGenerate /home/wuray/tello_ros_ws/build/tello_description/urdf/tello_6.urdf[0m
[0.249s] [ 66%] [34m[1mGenerate /home/wuray/tello_ros_ws/build/tello_description/urdf/tello.urdf[0m
[0.313s] [ 66%] Built target generate_urdf_3
[0.328s] [35m[1mScanning dependencies of target generate_urdf_1[0m
[0.338s] [ 66%] Built target generate_urdf_6
[0.340s] [ 77%] [34m[1mGenerate /home/wuray/tello_ros_ws/build/tello_description/urdf/tello_1.urdf[0m
[0.347s] [35m[1mScanning dependencies of target generate_urdf_8[0m
[0.356s] [ 77%] Built target generate_urdf
[0.358s] [ 88%] [34m[1mGenerate /home/wuray/tello_ros_ws/build/tello_description/urdf/tello_8.urdf[0m
[0.365s] [35m[1mScanning dependencies of target generate_urdf_2[0m
[0.375s] [100%] [34m[1mGenerate /home/wuray/tello_ros_ws/build/tello_description/urdf/tello_2.urdf[0m
[0.424s] [100%] Built target generate_urdf_1
[0.451s] [100%] Built target generate_urdf_8
[0.457s] [100%] Built target generate_urdf_2
[0.462s] Invoked command in '/home/wuray/tello_ros_ws/build/tello_description' returned '0': CMAKE_PREFIX_PATH=/home/wuray/tello_ros_ws/install/tello_description:/home/wuray/tello_ros_ws/install/ros2_shared:/opt/ros/dashing:/home/wuray/flock_catkin_ws/devel:/opt/ros/melodic /usr/local/bin/cmake --build /home/wuray/tello_ros_ws/build/tello_description -- -j4 -l4
[0.497s] Invoking command in '/home/wuray/tello_ros_ws/build/tello_description': CMAKE_PREFIX_PATH=/home/wuray/tello_ros_ws/install/tello_description:/home/wuray/tello_ros_ws/install/ros2_shared:/opt/ros/dashing:/home/wuray/flock_catkin_ws/devel:/opt/ros/melodic /usr/local/bin/cmake --install /home/wuray/tello_ros_ws/build/tello_description
[0.501s] -- Install configuration: ""
[0.502s] -- Installing: /home/wuray/tello_ros_ws/install/tello_description/share/tello_description/urdf
[0.502s] -- Installing: /home/wuray/tello_ros_ws/install/tello_description/share/tello_description/urdf/tello_2.urdf
[0.502s] -- Installing: /home/wuray/tello_ros_ws/install/tello_description/share/tello_description/urdf/tello_6.urdf
[0.503s] -- Installing: /home/wuray/tello_ros_ws/install/tello_description/share/tello_description/urdf/tello_1.urdf
[0.503s] -- Installing: /home/wuray/tello_ros_ws/install/tello_description/share/tello_description/urdf/tello_8.urdf
[0.503s] -- Installing: /home/wuray/tello_ros_ws/install/tello_description/share/tello_description/urdf/tello_4.urdf
[0.503s] -- Installing: /home/wuray/tello_ros_ws/install/tello_description/share/tello_description/urdf/tello_5.urdf
[0.503s] -- Installing: /home/wuray/tello_ros_ws/install/tello_description/share/tello_description/urdf/tello.urdf
[0.504s] -- Installing: /home/wuray/tello_ros_ws/install/tello_description/share/tello_description/urdf/tello_7.urdf
[0.504s] -- Installing: /home/wuray/tello_ros_ws/install/tello_description/share/tello_description/urdf/tello_3.urdf
[0.504s] -- Installing: /home/wuray/tello_ros_ws/install/tello_description/share/ament_index/resource_index/package_run_dependencies/tello_description
[0.504s] -- Installing: /home/wuray/tello_ros_ws/install/tello_description/share/ament_index/resource_index/parent_prefix_path/tello_description
[0.505s] -- Installing: /home/wuray/tello_ros_ws/install/tello_description/share/tello_description/environment/ament_prefix_path.sh
[0.505s] -- Installing: /home/wuray/tello_ros_ws/install/tello_description/share/tello_description/environment/path.sh
[0.505s] -- Installing: /home/wuray/tello_ros_ws/install/tello_description/share/tello_description/local_setup.bash
[0.505s] -- Installing: /home/wuray/tello_ros_ws/install/tello_description/share/tello_description/local_setup.sh
[0.505s] -- Installing: /home/wuray/tello_ros_ws/install/tello_description/share/tello_description/local_setup.zsh
[0.506s] -- Installing: /home/wuray/tello_ros_ws/install/tello_description/share/ament_index/resource_index/packages/tello_description
[0.506s] -- Installing: /home/wuray/tello_ros_ws/install/tello_description/share/tello_description/cmake/tello_descriptionConfig.cmake
[0.506s] -- Installing: /home/wuray/tello_ros_ws/install/tello_description/share/tello_description/cmake/tello_descriptionConfig-version.cmake
[0.506s] -- Installing: /home/wuray/tello_ros_ws/install/tello_description/share/tello_description/package.xml
[0.511s] Invoked command in '/home/wuray/tello_ros_ws/build/tello_description' returned '0': CMAKE_PREFIX_PATH=/home/wuray/tello_ros_ws/install/tello_description:/home/wuray/tello_ros_ws/install/ros2_shared:/opt/ros/dashing:/home/wuray/flock_catkin_ws/devel:/opt/ros/melodic /usr/local/bin/cmake --install /home/wuray/tello_ros_ws/build/tello_description
