[0.075s] Invoking command in '/home/wuray/tello_ros_ws/build/tello_msgs': CMAKE_PREFIX_PATH=/home/wuray/tello_ros_ws/install/tello_description:/home/wuray/tello_ros_ws/install/ros2_shared:/opt/ros/dashing:/home/wuray/flock_catkin_ws/devel:/opt/ros/melodic /usr/local/bin/cmake /home/wuray/tello_ros_ws/src/tello_ros/tello_msgs -DCMAKE_INSTALL_PREFIX=/home/wuray/tello_ros_ws/install/tello_msgs
[0.186s] -- The C compiler identification is GNU 7.5.0
[0.292s] -- The CXX compiler identification is GNU 7.5.0
[0.307s] -- Detecting C compiler ABI info
[0.402s] -- Detecting C compiler ABI info - done
[0.429s] -- Check for working C compiler: /usr/bin/cc - skipped
[0.429s] -- Detecting C compile features
[0.431s] -- Detecting C compile features - done
[0.441s] -- Detecting CXX compiler ABI info
[0.539s] -- Detecting CXX compiler ABI info - done
[0.560s] -- Check for working CXX compiler: /usr/bin/c++ - skipped
[0.561s] -- Detecting CXX compile features
[0.562s] -- Detecting CXX compile features - done
[0.563s] -- Found ament_cmake: 0.7.5 (/opt/ros/dashing/share/ament_cmake/cmake)
[0.611s] -- Found PythonInterp: /usr/bin/python3 (found suitable version "3.6.9", minimum required is "3") 
[0.612s] -- Using PYTHON_EXECUTABLE: /usr/bin/python3
[0.957s] CMake Error at CMakeLists.txt:29 (find_package):
[0.957s]   By not providing "Findrosidl_default_generators.cmake" in CMAKE_MODULE_PATH
[0.957s]   this project has asked CMake to find a package configuration file provided
[0.957s]   by "rosidl_default_generators", but CMake did not find one.
[0.958s] 
[0.958s]   Could not find a package configuration file provided by
[0.958s]   "rosidl_default_generators" with any of the following names:
[0.958s] 
[0.958s]     rosidl_default_generatorsConfig.cmake
[0.958s]     rosidl_default_generators-config.cmake
[0.958s] 
[0.959s]   Add the installation prefix of "rosidl_default_generators" to
[0.959s]   CMAKE_PREFIX_PATH or set "rosidl_default_generators_DIR" to a directory
[0.959s]   containing one of the above files.  If "rosidl_default_generators" provides
[0.959s]   a separate development package or SDK, be sure it has been installed.
[0.959s] 
[0.959s] 
[0.960s] -- Configuring incomplete, errors occurred!
[0.960s] See also "/home/wuray/tello_ros_ws/build/tello_msgs/CMakeFiles/CMakeOutput.log".
[0.962s] Invoked command in '/home/wuray/tello_ros_ws/build/tello_msgs' returned '1': CMAKE_PREFIX_PATH=/home/wuray/tello_ros_ws/install/tello_description:/home/wuray/tello_ros_ws/install/ros2_shared:/opt/ros/dashing:/home/wuray/flock_catkin_ws/devel:/opt/ros/melodic /usr/local/bin/cmake /home/wuray/tello_ros_ws/src/tello_ros/tello_msgs -DCMAKE_INSTALL_PREFIX=/home/wuray/tello_ros_ws/install/tello_msgs
