[0.247s] DEBUG:colcon:Command line arguments: ['/usr/bin/colcon', 'build']
[0.247s] DEBUG:colcon:Parsed command line arguments: Namespace(ament_cmake_args=None, base_paths=['.'], build_base='build', catkin_cmake_args=None, catkin_skip_building_tests=False, cmake_args=None, cmake_clean_cache=False, cmake_clean_first=False, cmake_force_configure=False, cmake_target=None, cmake_target_skip_unavailable=False, continue_on_error=False, event_handlers=None, executor='parallel', ignore_user_meta=False, install_base='install', log_base=None, log_level=None, main=<bound method BuildVerb.main of <colcon_core.verb.build.BuildVerb object at 0x7f197b38b438>>, merge_install=False, metas=['./colcon.meta'], packages_above=None, packages_above_and_dependencies=None, packages_above_depth=None, packages_end=None, packages_ignore=None, packages_ignore_regex=None, packages_select=None, packages_select_build_failed=False, packages_select_by_dep=None, packages_select_regex=None, packages_select_test_failures=False, packages_skip=None, packages_skip_build_finished=False, packages_skip_by_dep=None, packages_skip_regex=None, packages_skip_test_passed=False, packages_skip_up_to=None, packages_start=None, packages_up_to=None, packages_up_to_regex=None, parallel_workers=4, paths=None, symlink_install=False, test_result_base=None, verb_extension=<colcon_core.verb.build.BuildVerb object at 0x7f197b38b438>, verb_name='build', verb_parser=<colcon_defaults.argument_parser.defaults.DefaultArgumentsDecorator object at 0x7f197b38b7f0>)
[0.254s] Level 1:colcon.colcon_core.package_discovery:discover_packages(colcon_meta) check parameters
[0.254s] Level 1:colcon.colcon_core.package_discovery:discover_packages(recursive) check parameters
[0.254s] Level 1:colcon.colcon_core.package_discovery:discover_packages(ignore) check parameters
[0.254s] Level 1:colcon.colcon_core.package_discovery:discover_packages(path) check parameters
[0.254s] Level 1:colcon.colcon_core.package_discovery:discover_packages(colcon_meta) discover
[0.255s] Level 1:colcon.colcon_core.package_discovery:discover_packages(recursive) discover
[0.255s] INFO:colcon.colcon_core.package_discovery:Crawling recursively for packages in '/home/wuray/tello_ros_ws'
[0.255s] Level 1:colcon.colcon_core.package_identification:_identify(.) by extensions ['ignore', 'ignore_ament_install']
[0.256s] Level 1:colcon.colcon_core.package_identification:_identify(.) by extension 'ignore'
[0.256s] Level 1:colcon.colcon_core.package_identification:_identify(.) by extension 'ignore_ament_install'
[0.256s] Level 1:colcon.colcon_core.package_identification:_identify(.) by extensions ['colcon_pkg']
[0.256s] Level 1:colcon.colcon_core.package_identification:_identify(.) by extension 'colcon_pkg'
[0.256s] Level 1:colcon.colcon_core.package_identification:_identify(.) by extensions ['colcon_meta']
[0.256s] Level 1:colcon.colcon_core.package_identification:_identify(.) by extension 'colcon_meta'
[0.256s] Level 1:colcon.colcon_core.package_identification:_identify(.) by extensions ['ros']
[0.256s] Level 1:colcon.colcon_core.package_identification:_identify(.) by extension 'ros'
[0.273s] Level 1:colcon.colcon_core.package_identification:_identify(.) by extensions ['cmake', 'python']
[0.273s] Level 1:colcon.colcon_core.package_identification:_identify(.) by extension 'cmake'
[0.273s] Level 1:colcon.colcon_core.package_identification:_identify(.) by extension 'python'
[0.274s] Level 1:colcon.colcon_core.package_identification:_identify(.) by extensions ['python_setup_py']
[0.274s] Level 1:colcon.colcon_core.package_identification:_identify(.) by extension 'python_setup_py'
[0.274s] Level 1:colcon.colcon_core.package_identification:_identify(build) by extensions ['ignore', 'ignore_ament_install']
[0.274s] Level 1:colcon.colcon_core.package_identification:_identify(build) by extension 'ignore'
[0.274s] Level 1:colcon.colcon_core.package_identification:_identify(build) ignored
[0.274s] Level 1:colcon.colcon_core.package_identification:_identify(install) by extensions ['ignore', 'ignore_ament_install']
[0.274s] Level 1:colcon.colcon_core.package_identification:_identify(install) by extension 'ignore'
[0.275s] Level 1:colcon.colcon_core.package_identification:_identify(install) ignored
[0.275s] Level 1:colcon.colcon_core.package_identification:_identify(log) by extensions ['ignore', 'ignore_ament_install']
[0.275s] Level 1:colcon.colcon_core.package_identification:_identify(log) by extension 'ignore'
[0.275s] Level 1:colcon.colcon_core.package_identification:_identify(log) ignored
[0.275s] Level 1:colcon.colcon_core.package_identification:_identify(src) by extensions ['ignore', 'ignore_ament_install']
[0.275s] Level 1:colcon.colcon_core.package_identification:_identify(src) by extension 'ignore'
[0.275s] Level 1:colcon.colcon_core.package_identification:_identify(src) by extension 'ignore_ament_install'
[0.275s] Level 1:colcon.colcon_core.package_identification:_identify(src) by extensions ['colcon_pkg']
[0.275s] Level 1:colcon.colcon_core.package_identification:_identify(src) by extension 'colcon_pkg'
[0.275s] Level 1:colcon.colcon_core.package_identification:_identify(src) by extensions ['colcon_meta']
[0.275s] Level 1:colcon.colcon_core.package_identification:_identify(src) by extension 'colcon_meta'
[0.275s] Level 1:colcon.colcon_core.package_identification:_identify(src) by extensions ['ros']
[0.276s] Level 1:colcon.colcon_core.package_identification:_identify(src) by extension 'ros'
[0.276s] Level 1:colcon.colcon_core.package_identification:_identify(src) by extensions ['cmake', 'python']
[0.276s] Level 1:colcon.colcon_core.package_identification:_identify(src) by extension 'cmake'
[0.276s] Level 1:colcon.colcon_core.package_identification:_identify(src) by extension 'python'
[0.276s] Level 1:colcon.colcon_core.package_identification:_identify(src) by extensions ['python_setup_py']
[0.276s] Level 1:colcon.colcon_core.package_identification:_identify(src) by extension 'python_setup_py'
[0.276s] Level 1:colcon.colcon_core.package_identification:_identify(src/ros2_shared) by extensions ['ignore', 'ignore_ament_install']
[0.276s] Level 1:colcon.colcon_core.package_identification:_identify(src/ros2_shared) by extension 'ignore'
[0.276s] Level 1:colcon.colcon_core.package_identification:_identify(src/ros2_shared) by extension 'ignore_ament_install'
[0.276s] Level 1:colcon.colcon_core.package_identification:_identify(src/ros2_shared) by extensions ['colcon_pkg']
[0.276s] Level 1:colcon.colcon_core.package_identification:_identify(src/ros2_shared) by extension 'colcon_pkg'
[0.276s] Level 1:colcon.colcon_core.package_identification:_identify(src/ros2_shared) by extensions ['colcon_meta']
[0.276s] Level 1:colcon.colcon_core.package_identification:_identify(src/ros2_shared) by extension 'colcon_meta'
[0.276s] Level 1:colcon.colcon_core.package_identification:_identify(src/ros2_shared) by extensions ['ros']
[0.276s] Level 1:colcon.colcon_core.package_identification:_identify(src/ros2_shared) by extension 'ros'
[0.279s] DEBUG:colcon.colcon_core.package_identification:Package 'src/ros2_shared' with type 'ros.ament_cmake' and name 'ros2_shared'
[0.280s] Level 1:colcon.colcon_core.package_identification:_identify(src/tello_ros) by extensions ['ignore', 'ignore_ament_install']
[0.280s] Level 1:colcon.colcon_core.package_identification:_identify(src/tello_ros) by extension 'ignore'
[0.280s] Level 1:colcon.colcon_core.package_identification:_identify(src/tello_ros) by extension 'ignore_ament_install'
[0.280s] Level 1:colcon.colcon_core.package_identification:_identify(src/tello_ros) by extensions ['colcon_pkg']
[0.280s] Level 1:colcon.colcon_core.package_identification:_identify(src/tello_ros) by extension 'colcon_pkg'
[0.280s] Level 1:colcon.colcon_core.package_identification:_identify(src/tello_ros) by extensions ['colcon_meta']
[0.280s] Level 1:colcon.colcon_core.package_identification:_identify(src/tello_ros) by extension 'colcon_meta'
[0.280s] Level 1:colcon.colcon_core.package_identification:_identify(src/tello_ros) by extensions ['ros']
[0.280s] Level 1:colcon.colcon_core.package_identification:_identify(src/tello_ros) by extension 'ros'
[0.280s] Level 1:colcon.colcon_core.package_identification:_identify(src/tello_ros) by extensions ['cmake', 'python']
[0.280s] Level 1:colcon.colcon_core.package_identification:_identify(src/tello_ros) by extension 'cmake'
[0.280s] Level 1:colcon.colcon_core.package_identification:_identify(src/tello_ros) by extension 'python'
[0.280s] Level 1:colcon.colcon_core.package_identification:_identify(src/tello_ros) by extensions ['python_setup_py']
[0.280s] Level 1:colcon.colcon_core.package_identification:_identify(src/tello_ros) by extension 'python_setup_py'
[0.281s] Level 1:colcon.colcon_core.package_identification:_identify(src/tello_ros/tello_description) by extensions ['ignore', 'ignore_ament_install']
[0.281s] Level 1:colcon.colcon_core.package_identification:_identify(src/tello_ros/tello_description) by extension 'ignore'
[0.281s] Level 1:colcon.colcon_core.package_identification:_identify(src/tello_ros/tello_description) by extension 'ignore_ament_install'
[0.281s] Level 1:colcon.colcon_core.package_identification:_identify(src/tello_ros/tello_description) by extensions ['colcon_pkg']
[0.281s] Level 1:colcon.colcon_core.package_identification:_identify(src/tello_ros/tello_description) by extension 'colcon_pkg'
[0.281s] Level 1:colcon.colcon_core.package_identification:_identify(src/tello_ros/tello_description) by extensions ['colcon_meta']
[0.281s] Level 1:colcon.colcon_core.package_identification:_identify(src/tello_ros/tello_description) by extension 'colcon_meta'
[0.281s] Level 1:colcon.colcon_core.package_identification:_identify(src/tello_ros/tello_description) by extensions ['ros']
[0.281s] Level 1:colcon.colcon_core.package_identification:_identify(src/tello_ros/tello_description) by extension 'ros'
[0.282s] DEBUG:colcon.colcon_core.package_identification:Package 'src/tello_ros/tello_description' with type 'ros.ament_cmake' and name 'tello_description'
[0.282s] Level 1:colcon.colcon_core.package_identification:_identify(src/tello_ros/tello_driver) by extensions ['ignore', 'ignore_ament_install']
[0.283s] Level 1:colcon.colcon_core.package_identification:_identify(src/tello_ros/tello_driver) by extension 'ignore'
[0.283s] Level 1:colcon.colcon_core.package_identification:_identify(src/tello_ros/tello_driver) by extension 'ignore_ament_install'
[0.283s] Level 1:colcon.colcon_core.package_identification:_identify(src/tello_ros/tello_driver) by extensions ['colcon_pkg']
[0.283s] Level 1:colcon.colcon_core.package_identification:_identify(src/tello_ros/tello_driver) by extension 'colcon_pkg'
[0.283s] Level 1:colcon.colcon_core.package_identification:_identify(src/tello_ros/tello_driver) by extensions ['colcon_meta']
[0.283s] Level 1:colcon.colcon_core.package_identification:_identify(src/tello_ros/tello_driver) by extension 'colcon_meta'
[0.283s] Level 1:colcon.colcon_core.package_identification:_identify(src/tello_ros/tello_driver) by extensions ['ros']
[0.283s] Level 1:colcon.colcon_core.package_identification:_identify(src/tello_ros/tello_driver) by extension 'ros'
[0.285s] DEBUG:colcon.colcon_core.package_identification:Package 'src/tello_ros/tello_driver' with type 'ros.ament_cmake' and name 'tello_driver'
[0.285s] Level 1:colcon.colcon_core.package_identification:_identify(src/tello_ros/tello_gazebo) by extensions ['ignore', 'ignore_ament_install']
[0.285s] Level 1:colcon.colcon_core.package_identification:_identify(src/tello_ros/tello_gazebo) by extension 'ignore'
[0.285s] Level 1:colcon.colcon_core.package_identification:_identify(src/tello_ros/tello_gazebo) by extension 'ignore_ament_install'
[0.285s] Level 1:colcon.colcon_core.package_identification:_identify(src/tello_ros/tello_gazebo) by extensions ['colcon_pkg']
[0.285s] Level 1:colcon.colcon_core.package_identification:_identify(src/tello_ros/tello_gazebo) by extension 'colcon_pkg'
[0.285s] Level 1:colcon.colcon_core.package_identification:_identify(src/tello_ros/tello_gazebo) by extensions ['colcon_meta']
[0.285s] Level 1:colcon.colcon_core.package_identification:_identify(src/tello_ros/tello_gazebo) by extension 'colcon_meta'
[0.286s] Level 1:colcon.colcon_core.package_identification:_identify(src/tello_ros/tello_gazebo) by extensions ['ros']
[0.286s] Level 1:colcon.colcon_core.package_identification:_identify(src/tello_ros/tello_gazebo) by extension 'ros'
[0.287s] DEBUG:colcon.colcon_core.package_identification:Package 'src/tello_ros/tello_gazebo' with type 'ros.ament_cmake' and name 'tello_gazebo'
[0.287s] Level 1:colcon.colcon_core.package_identification:_identify(src/tello_ros/tello_msgs) by extensions ['ignore', 'ignore_ament_install']
[0.287s] Level 1:colcon.colcon_core.package_identification:_identify(src/tello_ros/tello_msgs) by extension 'ignore'
[0.287s] Level 1:colcon.colcon_core.package_identification:_identify(src/tello_ros/tello_msgs) by extension 'ignore_ament_install'
[0.287s] Level 1:colcon.colcon_core.package_identification:_identify(src/tello_ros/tello_msgs) by extensions ['colcon_pkg']
[0.287s] Level 1:colcon.colcon_core.package_identification:_identify(src/tello_ros/tello_msgs) by extension 'colcon_pkg'
[0.287s] Level 1:colcon.colcon_core.package_identification:_identify(src/tello_ros/tello_msgs) by extensions ['colcon_meta']
[0.288s] Level 1:colcon.colcon_core.package_identification:_identify(src/tello_ros/tello_msgs) by extension 'colcon_meta'
[0.288s] Level 1:colcon.colcon_core.package_identification:_identify(src/tello_ros/tello_msgs) by extensions ['ros']
[0.288s] Level 1:colcon.colcon_core.package_identification:_identify(src/tello_ros/tello_msgs) by extension 'ros'
[0.288s] DEBUG:colcon.colcon_core.package_identification:Package 'src/tello_ros/tello_msgs' with type 'ros.ament_cmake' and name 'tello_msgs'
[0.288s] Level 1:colcon.colcon_core.package_discovery:discover_packages(recursive) using defaults
[0.289s] Level 1:colcon.colcon_core.package_discovery:discover_packages(ignore) discover
[0.289s] Level 1:colcon.colcon_core.package_discovery:discover_packages(ignore) using defaults
[0.289s] Level 1:colcon.colcon_core.package_discovery:discover_packages(path) discover
[0.289s] Level 1:colcon.colcon_core.package_discovery:discover_packages(path) using defaults
[0.323s] Level 5:colcon.colcon_core.verb:set package 'ros2_shared' build argument 'cmake_args' from command line to 'None'
[0.323s] Level 5:colcon.colcon_core.verb:set package 'ros2_shared' build argument 'cmake_target' from command line to 'None'
[0.323s] Level 5:colcon.colcon_core.verb:set package 'ros2_shared' build argument 'cmake_target_skip_unavailable' from command line to 'False'
[0.323s] Level 5:colcon.colcon_core.verb:set package 'ros2_shared' build argument 'cmake_clean_cache' from command line to 'False'
[0.323s] Level 5:colcon.colcon_core.verb:set package 'ros2_shared' build argument 'cmake_clean_first' from command line to 'False'
[0.323s] Level 5:colcon.colcon_core.verb:set package 'ros2_shared' build argument 'cmake_force_configure' from command line to 'False'
[0.323s] Level 5:colcon.colcon_core.verb:set package 'ros2_shared' build argument 'ament_cmake_args' from command line to 'None'
[0.323s] Level 5:colcon.colcon_core.verb:set package 'ros2_shared' build argument 'catkin_cmake_args' from command line to 'None'
[0.323s] Level 5:colcon.colcon_core.verb:set package 'ros2_shared' build argument 'catkin_skip_building_tests' from command line to 'False'
[0.323s] DEBUG:colcon.colcon_core.verb:Building package 'ros2_shared' with the following arguments: {'ament_cmake_args': None, 'build_base': '/home/wuray/tello_ros_ws/build/ros2_shared', 'catkin_cmake_args': None, 'catkin_skip_building_tests': False, 'cmake_args': None, 'cmake_clean_cache': False, 'cmake_clean_first': False, 'cmake_force_configure': False, 'cmake_target': None, 'cmake_target_skip_unavailable': False, 'install_base': '/home/wuray/tello_ros_ws/install/ros2_shared', 'merge_install': False, 'path': '/home/wuray/tello_ros_ws/src/ros2_shared', 'symlink_install': False, 'test_result_base': None}
[0.327s] Level 5:colcon.colcon_core.verb:set package 'tello_description' build argument 'cmake_args' from command line to 'None'
[0.327s] Level 5:colcon.colcon_core.verb:set package 'tello_description' build argument 'cmake_target' from command line to 'None'
[0.328s] Level 5:colcon.colcon_core.verb:set package 'tello_description' build argument 'cmake_target_skip_unavailable' from command line to 'False'
[0.328s] Level 5:colcon.colcon_core.verb:set package 'tello_description' build argument 'cmake_clean_cache' from command line to 'False'
[0.328s] Level 5:colcon.colcon_core.verb:set package 'tello_description' build argument 'cmake_clean_first' from command line to 'False'
[0.328s] Level 5:colcon.colcon_core.verb:set package 'tello_description' build argument 'cmake_force_configure' from command line to 'False'
[0.328s] Level 5:colcon.colcon_core.verb:set package 'tello_description' build argument 'ament_cmake_args' from command line to 'None'
[0.328s] Level 5:colcon.colcon_core.verb:set package 'tello_description' build argument 'catkin_cmake_args' from command line to 'None'
[0.328s] Level 5:colcon.colcon_core.verb:set package 'tello_description' build argument 'catkin_skip_building_tests' from command line to 'False'
[0.328s] DEBUG:colcon.colcon_core.verb:Building package 'tello_description' with the following arguments: {'ament_cmake_args': None, 'build_base': '/home/wuray/tello_ros_ws/build/tello_description', 'catkin_cmake_args': None, 'catkin_skip_building_tests': False, 'cmake_args': None, 'cmake_clean_cache': False, 'cmake_clean_first': False, 'cmake_force_configure': False, 'cmake_target': None, 'cmake_target_skip_unavailable': False, 'install_base': '/home/wuray/tello_ros_ws/install/tello_description', 'merge_install': False, 'path': '/home/wuray/tello_ros_ws/src/tello_ros/tello_description', 'symlink_install': False, 'test_result_base': None}
[0.332s] Level 5:colcon.colcon_core.verb:set package 'tello_msgs' build argument 'cmake_args' from command line to 'None'
[0.332s] Level 5:colcon.colcon_core.verb:set package 'tello_msgs' build argument 'cmake_target' from command line to 'None'
[0.332s] Level 5:colcon.colcon_core.verb:set package 'tello_msgs' build argument 'cmake_target_skip_unavailable' from command line to 'False'
[0.332s] Level 5:colcon.colcon_core.verb:set package 'tello_msgs' build argument 'cmake_clean_cache' from command line to 'False'
[0.332s] Level 5:colcon.colcon_core.verb:set package 'tello_msgs' build argument 'cmake_clean_first' from command line to 'False'
[0.333s] Level 5:colcon.colcon_core.verb:set package 'tello_msgs' build argument 'cmake_force_configure' from command line to 'False'
[0.333s] Level 5:colcon.colcon_core.verb:set package 'tello_msgs' build argument 'ament_cmake_args' from command line to 'None'
[0.333s] Level 5:colcon.colcon_core.verb:set package 'tello_msgs' build argument 'catkin_cmake_args' from command line to 'None'
[0.333s] Level 5:colcon.colcon_core.verb:set package 'tello_msgs' build argument 'catkin_skip_building_tests' from command line to 'False'
[0.333s] DEBUG:colcon.colcon_core.verb:Building package 'tello_msgs' with the following arguments: {'ament_cmake_args': None, 'build_base': '/home/wuray/tello_ros_ws/build/tello_msgs', 'catkin_cmake_args': None, 'catkin_skip_building_tests': False, 'cmake_args': None, 'cmake_clean_cache': False, 'cmake_clean_first': False, 'cmake_force_configure': False, 'cmake_target': None, 'cmake_target_skip_unavailable': False, 'install_base': '/home/wuray/tello_ros_ws/install/tello_msgs', 'merge_install': False, 'path': '/home/wuray/tello_ros_ws/src/tello_ros/tello_msgs', 'symlink_install': False, 'test_result_base': None}
[0.348s] Level 5:colcon.colcon_core.verb:set package 'tello_driver' build argument 'cmake_args' from command line to 'None'
[0.348s] Level 5:colcon.colcon_core.verb:set package 'tello_driver' build argument 'cmake_target' from command line to 'None'
[0.348s] Level 5:colcon.colcon_core.verb:set package 'tello_driver' build argument 'cmake_target_skip_unavailable' from command line to 'False'
[0.348s] Level 5:colcon.colcon_core.verb:set package 'tello_driver' build argument 'cmake_clean_cache' from command line to 'False'
[0.348s] Level 5:colcon.colcon_core.verb:set package 'tello_driver' build argument 'cmake_clean_first' from command line to 'False'
[0.348s] Level 5:colcon.colcon_core.verb:set package 'tello_driver' build argument 'cmake_force_configure' from command line to 'False'
[0.348s] Level 5:colcon.colcon_core.verb:set package 'tello_driver' build argument 'ament_cmake_args' from command line to 'None'
[0.349s] Level 5:colcon.colcon_core.verb:set package 'tello_driver' build argument 'catkin_cmake_args' from command line to 'None'
[0.349s] Level 5:colcon.colcon_core.verb:set package 'tello_driver' build argument 'catkin_skip_building_tests' from command line to 'False'
[0.349s] DEBUG:colcon.colcon_core.verb:Building package 'tello_driver' with the following arguments: {'ament_cmake_args': None, 'build_base': '/home/wuray/tello_ros_ws/build/tello_driver', 'catkin_cmake_args': None, 'catkin_skip_building_tests': False, 'cmake_args': None, 'cmake_clean_cache': False, 'cmake_clean_first': False, 'cmake_force_configure': False, 'cmake_target': None, 'cmake_target_skip_unavailable': False, 'install_base': '/home/wuray/tello_ros_ws/install/tello_driver', 'merge_install': False, 'path': '/home/wuray/tello_ros_ws/src/tello_ros/tello_driver', 'symlink_install': False, 'test_result_base': None}
[0.353s] Level 5:colcon.colcon_core.verb:set package 'tello_gazebo' build argument 'cmake_args' from command line to 'None'
[0.353s] Level 5:colcon.colcon_core.verb:set package 'tello_gazebo' build argument 'cmake_target' from command line to 'None'
[0.353s] Level 5:colcon.colcon_core.verb:set package 'tello_gazebo' build argument 'cmake_target_skip_unavailable' from command line to 'False'
[0.353s] Level 5:colcon.colcon_core.verb:set package 'tello_gazebo' build argument 'cmake_clean_cache' from command line to 'False'
[0.353s] Level 5:colcon.colcon_core.verb:set package 'tello_gazebo' build argument 'cmake_clean_first' from command line to 'False'
[0.353s] Level 5:colcon.colcon_core.verb:set package 'tello_gazebo' build argument 'cmake_force_configure' from command line to 'False'
[0.353s] Level 5:colcon.colcon_core.verb:set package 'tello_gazebo' build argument 'ament_cmake_args' from command line to 'None'
[0.353s] Level 5:colcon.colcon_core.verb:set package 'tello_gazebo' build argument 'catkin_cmake_args' from command line to 'None'
[0.353s] Level 5:colcon.colcon_core.verb:set package 'tello_gazebo' build argument 'catkin_skip_building_tests' from command line to 'False'
[0.353s] DEBUG:colcon.colcon_core.verb:Building package 'tello_gazebo' with the following arguments: {'ament_cmake_args': None, 'build_base': '/home/wuray/tello_ros_ws/build/tello_gazebo', 'catkin_cmake_args': None, 'catkin_skip_building_tests': False, 'cmake_args': None, 'cmake_clean_cache': False, 'cmake_clean_first': False, 'cmake_force_configure': False, 'cmake_target': None, 'cmake_target_skip_unavailable': False, 'install_base': '/home/wuray/tello_ros_ws/install/tello_gazebo', 'merge_install': False, 'path': '/home/wuray/tello_ros_ws/src/tello_ros/tello_gazebo', 'symlink_install': False, 'test_result_base': None}
[0.354s] INFO:colcon.colcon_core.executor:Executing jobs using 'parallel' executor
[0.357s] DEBUG:colcon.colcon_parallel_executor.executor.parallel:run_until_complete
[0.357s] INFO:colcon.colcon_ros.task.ament_cmake.build:Building ROS package in '/home/wuray/tello_ros_ws/src/tello_ros/tello_msgs' with build type 'ament_cmake'
[0.358s] INFO:colcon.colcon_cmake.task.cmake.build:Building CMake package in '/home/wuray/tello_ros_ws/src/tello_ros/tello_msgs'
[0.362s] INFO:colcon.colcon_core.plugin_system:Skipping extension 'colcon_core.shell.bat': Not used on non-Windows systems
[0.363s] INFO:colcon.colcon_core.shell:Skip shell extension 'powershell' for command environment: Not usable outside of PowerShell
[0.363s] DEBUG:colcon.colcon_core.shell:Skip shell extension 'dsv' for command environment
[0.367s] DEBUG:colcon.colcon_core.shell:Ignoring prefix path '/opt/ros/eloquent'
[0.367s] DEBUG:colcon.colcon_core.shell:Ignoring prefix path '/opt/ros/dashing'
[0.367s] DEBUG:colcon.colcon_core.shell:Ignoring prefix path '/home/wuray/flock_catkin_ws/devel'
[0.367s] DEBUG:colcon.colcon_core.shell:Ignoring prefix path '/opt/ros/melodic'
[0.371s] INFO:colcon.colcon_ros.task.ament_cmake.build:Building ROS package in '/home/wuray/tello_ros_ws/src/ros2_shared' with build type 'ament_cmake'
[0.372s] INFO:colcon.colcon_cmake.task.cmake.build:Building CMake package in '/home/wuray/tello_ros_ws/src/ros2_shared'
[0.374s] INFO:colcon.colcon_core.shell:Skip shell extension 'powershell' for command environment: Not usable outside of PowerShell
[0.374s] DEBUG:colcon.colcon_core.shell:Skip shell extension 'dsv' for command environment
[0.378s] DEBUG:colcon.colcon_core.shell:Ignoring prefix path '/opt/ros/eloquent'
[0.378s] DEBUG:colcon.colcon_core.shell:Ignoring prefix path '/opt/ros/dashing'
[0.378s] DEBUG:colcon.colcon_core.shell:Ignoring prefix path '/home/wuray/flock_catkin_ws/devel'
[0.378s] DEBUG:colcon.colcon_core.shell:Ignoring prefix path '/opt/ros/melodic'
[0.381s] INFO:colcon.colcon_ros.task.ament_cmake.build:Building ROS package in '/home/wuray/tello_ros_ws/src/tello_ros/tello_description' with build type 'ament_cmake'
[0.382s] INFO:colcon.colcon_cmake.task.cmake.build:Building CMake package in '/home/wuray/tello_ros_ws/src/tello_ros/tello_description'
[0.384s] INFO:colcon.colcon_core.shell:Skip shell extension 'powershell' for command environment: Not usable outside of PowerShell
[0.384s] DEBUG:colcon.colcon_core.shell:Skip shell extension 'dsv' for command environment
[0.389s] DEBUG:colcon.colcon_core.shell:Ignoring prefix path '/opt/ros/eloquent'
[0.390s] DEBUG:colcon.colcon_core.shell:Ignoring prefix path '/opt/ros/dashing'
[0.390s] DEBUG:colcon.colcon_core.shell:Ignoring prefix path '/home/wuray/flock_catkin_ws/devel'
[0.390s] DEBUG:colcon.colcon_core.shell:Ignoring prefix path '/opt/ros/melodic'
[0.401s] DEBUG:colcon.colcon_core.event_handler.log_command:Invoking command in '/home/wuray/tello_ros_ws/build/tello_msgs': CMAKE_PREFIX_PATH=/home/wuray/tello_ros_ws/install/tello_description:/home/wuray/tello_ros_ws/install/ros2_shared:/opt/ros/eloquent:/opt/ros/dashing:/home/wuray/flock_catkin_ws/devel:/opt/ros/melodic /usr/local/bin/cmake --build /home/wuray/tello_ros_ws/build/tello_msgs -- -j4 -l4
[0.411s] DEBUG:colcon.colcon_core.event_handler.log_command:Invoking command in '/home/wuray/tello_ros_ws/build/ros2_shared': CMAKE_PREFIX_PATH=/home/wuray/tello_ros_ws/install/tello_description:/home/wuray/tello_ros_ws/install/ros2_shared:/opt/ros/eloquent:/opt/ros/dashing:/home/wuray/flock_catkin_ws/devel:/opt/ros/melodic /usr/local/bin/cmake --build /home/wuray/tello_ros_ws/build/ros2_shared -- -j4 -l4
[0.422s] DEBUG:colcon.colcon_core.event_handler.log_command:Invoking command in '/home/wuray/tello_ros_ws/build/tello_description': CMAKE_PREFIX_PATH=/home/wuray/tello_ros_ws/install/tello_description:/home/wuray/tello_ros_ws/install/ros2_shared:/opt/ros/eloquent:/opt/ros/dashing:/home/wuray/flock_catkin_ws/devel:/opt/ros/melodic /usr/local/bin/cmake --build /home/wuray/tello_ros_ws/build/tello_description -- -j4 -l4
[0.445s] DEBUG:colcon.colcon_core.event_handler.log_command:Invoked command in '/home/wuray/tello_ros_ws/build/ros2_shared' returned '0': CMAKE_PREFIX_PATH=/home/wuray/tello_ros_ws/install/tello_description:/home/wuray/tello_ros_ws/install/ros2_shared:/opt/ros/eloquent:/opt/ros/dashing:/home/wuray/flock_catkin_ws/devel:/opt/ros/melodic /usr/local/bin/cmake --build /home/wuray/tello_ros_ws/build/ros2_shared -- -j4 -l4
[0.524s] DEBUG:colcon.colcon_core.event_handler.log_command:Invoking command in '/home/wuray/tello_ros_ws/build/ros2_shared': CMAKE_PREFIX_PATH=/home/wuray/tello_ros_ws/install/tello_description:/home/wuray/tello_ros_ws/install/ros2_shared:/opt/ros/eloquent:/opt/ros/dashing:/home/wuray/flock_catkin_ws/devel:/opt/ros/melodic /usr/local/bin/cmake --install /home/wuray/tello_ros_ws/build/ros2_shared
[0.536s] Level 1:colcon.colcon_core.environment:create_environment_scripts_only(ros2_shared)
[0.539s] DEBUG:colcon.colcon_core.event_handler.log_command:Invoked command in '/home/wuray/tello_ros_ws/build/ros2_shared' returned '0': CMAKE_PREFIX_PATH=/home/wuray/tello_ros_ws/install/tello_description:/home/wuray/tello_ros_ws/install/ros2_shared:/opt/ros/eloquent:/opt/ros/dashing:/home/wuray/flock_catkin_ws/devel:/opt/ros/melodic /usr/local/bin/cmake --install /home/wuray/tello_ros_ws/build/ros2_shared
[0.546s] Level 1:colcon.colcon_core.environment:checking '/home/wuray/tello_ros_ws/install/ros2_shared' for CMake module files
[0.546s] Level 1:colcon.colcon_core.environment:checking '/home/wuray/tello_ros_ws/install/ros2_shared' for CMake config files
[0.547s] Level 1:colcon.colcon_core.shell:create_environment_hook('ros2_shared', 'cmake_prefix_path')
[0.548s] INFO:colcon.colcon_core.shell:Creating environment hook '/home/wuray/tello_ros_ws/install/ros2_shared/share/ros2_shared/hook/cmake_prefix_path.ps1'
[0.549s] INFO:colcon.colcon_core.shell:Creating environment descriptor '/home/wuray/tello_ros_ws/install/ros2_shared/share/ros2_shared/hook/cmake_prefix_path.dsv'
[0.550s] INFO:colcon.colcon_core.shell:Creating environment hook '/home/wuray/tello_ros_ws/install/ros2_shared/share/ros2_shared/hook/cmake_prefix_path.sh'
[0.553s] Level 1:colcon.colcon_core.environment:checking '/home/wuray/tello_ros_ws/install/ros2_shared/bin'
[0.553s] Level 1:colcon.colcon_core.environment:checking '/home/wuray/tello_ros_ws/install/ros2_shared/lib/pkgconfig/ros2_shared.pc'
[0.553s] Level 1:colcon.colcon_core.environment:checking '/home/wuray/tello_ros_ws/install/ros2_shared/lib/python3.6/site-packages'
[0.555s] INFO:colcon.colcon_core.shell:Creating package script '/home/wuray/tello_ros_ws/install/ros2_shared/share/ros2_shared/package.ps1'
[0.557s] INFO:colcon.colcon_core.shell:Creating package descriptor '/home/wuray/tello_ros_ws/install/ros2_shared/share/ros2_shared/package.dsv'
[0.559s] INFO:colcon.colcon_core.shell:Creating package script '/home/wuray/tello_ros_ws/install/ros2_shared/share/ros2_shared/package.sh'
[0.560s] INFO:colcon.colcon_core.shell:Creating package script '/home/wuray/tello_ros_ws/install/ros2_shared/share/ros2_shared/package.bash'
[0.562s] INFO:colcon.colcon_core.shell:Creating package script '/home/wuray/tello_ros_ws/install/ros2_shared/share/ros2_shared/package.zsh'
[0.564s] Level 1:colcon.colcon_core.environment:create_file_with_runtime_dependencies(/home/wuray/tello_ros_ws/install/ros2_shared/share/colcon-core/packages/ros2_shared)
[0.571s] DEBUG:colcon.colcon_core.event_handler.log_command:Invoked command in '/home/wuray/tello_ros_ws/build/tello_description' returned '0': CMAKE_PREFIX_PATH=/home/wuray/tello_ros_ws/install/tello_description:/home/wuray/tello_ros_ws/install/ros2_shared:/opt/ros/eloquent:/opt/ros/dashing:/home/wuray/flock_catkin_ws/devel:/opt/ros/melodic /usr/local/bin/cmake --build /home/wuray/tello_ros_ws/build/tello_description -- -j4 -l4
[0.598s] Level 1:colcon.colcon_core.environment:create_environment_scripts_only(ros2_shared)
[0.600s] Level 1:colcon.colcon_core.environment:checking '/home/wuray/tello_ros_ws/install/ros2_shared' for CMake module files
[0.600s] Level 1:colcon.colcon_core.environment:checking '/home/wuray/tello_ros_ws/install/ros2_shared' for CMake config files
[0.601s] Level 1:colcon.colcon_core.shell:create_environment_hook('ros2_shared', 'cmake_prefix_path')
[0.602s] INFO:colcon.colcon_core.shell:Creating environment hook '/home/wuray/tello_ros_ws/install/ros2_shared/share/ros2_shared/hook/cmake_prefix_path.ps1'
[0.602s] INFO:colcon.colcon_core.shell:Creating environment descriptor '/home/wuray/tello_ros_ws/install/ros2_shared/share/ros2_shared/hook/cmake_prefix_path.dsv'
[0.603s] INFO:colcon.colcon_core.shell:Creating environment hook '/home/wuray/tello_ros_ws/install/ros2_shared/share/ros2_shared/hook/cmake_prefix_path.sh'
[0.604s] Level 1:colcon.colcon_core.environment:checking '/home/wuray/tello_ros_ws/install/ros2_shared/bin'
[0.604s] Level 1:colcon.colcon_core.environment:checking '/home/wuray/tello_ros_ws/install/ros2_shared/lib/pkgconfig/ros2_shared.pc'
[0.604s] Level 1:colcon.colcon_core.environment:checking '/home/wuray/tello_ros_ws/install/ros2_shared/lib/python3.6/site-packages'
[0.606s] INFO:colcon.colcon_core.shell:Creating package script '/home/wuray/tello_ros_ws/install/ros2_shared/share/ros2_shared/package.ps1'
[0.607s] INFO:colcon.colcon_core.shell:Creating package descriptor '/home/wuray/tello_ros_ws/install/ros2_shared/share/ros2_shared/package.dsv'
[0.608s] INFO:colcon.colcon_core.shell:Creating package script '/home/wuray/tello_ros_ws/install/ros2_shared/share/ros2_shared/package.sh'
[0.609s] INFO:colcon.colcon_core.shell:Creating package script '/home/wuray/tello_ros_ws/install/ros2_shared/share/ros2_shared/package.bash'
[0.610s] INFO:colcon.colcon_core.shell:Creating package script '/home/wuray/tello_ros_ws/install/ros2_shared/share/ros2_shared/package.zsh'
[0.611s] Level 1:colcon.colcon_core.environment:create_file_with_runtime_dependencies(/home/wuray/tello_ros_ws/install/ros2_shared/share/colcon-core/packages/ros2_shared)
[0.616s] DEBUG:colcon.colcon_core.event_handler.log_command:Invoking command in '/home/wuray/tello_ros_ws/build/tello_description': CMAKE_PREFIX_PATH=/home/wuray/tello_ros_ws/install/tello_description:/home/wuray/tello_ros_ws/install/ros2_shared:/opt/ros/eloquent:/opt/ros/dashing:/home/wuray/flock_catkin_ws/devel:/opt/ros/melodic /usr/local/bin/cmake --install /home/wuray/tello_ros_ws/build/tello_description
[0.625s] Level 1:colcon.colcon_core.environment:create_environment_scripts_only(tello_description)
[0.628s] Level 1:colcon.colcon_core.environment:checking '/home/wuray/tello_ros_ws/install/tello_description' for CMake module files
[0.631s] DEBUG:colcon.colcon_core.event_handler.log_command:Invoked command in '/home/wuray/tello_ros_ws/build/tello_description' returned '0': CMAKE_PREFIX_PATH=/home/wuray/tello_ros_ws/install/tello_description:/home/wuray/tello_ros_ws/install/ros2_shared:/opt/ros/eloquent:/opt/ros/dashing:/home/wuray/flock_catkin_ws/devel:/opt/ros/melodic /usr/local/bin/cmake --install /home/wuray/tello_ros_ws/build/tello_description
[0.631s] Level 1:colcon.colcon_core.environment:checking '/home/wuray/tello_ros_ws/install/tello_description' for CMake config files
[0.631s] Level 1:colcon.colcon_core.shell:create_environment_hook('tello_description', 'cmake_prefix_path')
[0.632s] INFO:colcon.colcon_core.shell:Creating environment hook '/home/wuray/tello_ros_ws/install/tello_description/share/tello_description/hook/cmake_prefix_path.ps1'
[0.633s] INFO:colcon.colcon_core.shell:Creating environment descriptor '/home/wuray/tello_ros_ws/install/tello_description/share/tello_description/hook/cmake_prefix_path.dsv'
[0.634s] INFO:colcon.colcon_core.shell:Creating environment hook '/home/wuray/tello_ros_ws/install/tello_description/share/tello_description/hook/cmake_prefix_path.sh'
[0.636s] Level 1:colcon.colcon_core.environment:checking '/home/wuray/tello_ros_ws/install/tello_description/bin'
[0.636s] Level 1:colcon.colcon_core.environment:checking '/home/wuray/tello_ros_ws/install/tello_description/lib/pkgconfig/tello_description.pc'
[0.636s] Level 1:colcon.colcon_core.environment:checking '/home/wuray/tello_ros_ws/install/tello_description/lib/python3.6/site-packages'
[0.637s] INFO:colcon.colcon_core.shell:Creating package script '/home/wuray/tello_ros_ws/install/tello_description/share/tello_description/package.ps1'
[0.640s] INFO:colcon.colcon_core.shell:Creating package descriptor '/home/wuray/tello_ros_ws/install/tello_description/share/tello_description/package.dsv'
[0.641s] INFO:colcon.colcon_core.shell:Creating package script '/home/wuray/tello_ros_ws/install/tello_description/share/tello_description/package.sh'
[0.641s] INFO:colcon.colcon_core.shell:Creating package script '/home/wuray/tello_ros_ws/install/tello_description/share/tello_description/package.bash'
[0.642s] INFO:colcon.colcon_core.shell:Creating package script '/home/wuray/tello_ros_ws/install/tello_description/share/tello_description/package.zsh'
[0.642s] Level 1:colcon.colcon_core.environment:create_file_with_runtime_dependencies(/home/wuray/tello_ros_ws/install/tello_description/share/colcon-core/packages/tello_description)
[0.666s] DEBUG:colcon.colcon_core.event_handler.log_command:Invoked command in '/home/wuray/tello_ros_ws/build/tello_msgs' returned '0': CMAKE_PREFIX_PATH=/home/wuray/tello_ros_ws/install/tello_description:/home/wuray/tello_ros_ws/install/ros2_shared:/opt/ros/eloquent:/opt/ros/dashing:/home/wuray/flock_catkin_ws/devel:/opt/ros/melodic /usr/local/bin/cmake --build /home/wuray/tello_ros_ws/build/tello_msgs -- -j4 -l4
[0.679s] Level 1:colcon.colcon_core.environment:create_environment_scripts_only(tello_description)
[0.680s] Level 1:colcon.colcon_core.environment:checking '/home/wuray/tello_ros_ws/install/tello_description' for CMake module files
[0.681s] Level 1:colcon.colcon_core.environment:checking '/home/wuray/tello_ros_ws/install/tello_description' for CMake config files
[0.681s] Level 1:colcon.colcon_core.shell:create_environment_hook('tello_description', 'cmake_prefix_path')
[0.682s] INFO:colcon.colcon_core.shell:Creating environment hook '/home/wuray/tello_ros_ws/install/tello_description/share/tello_description/hook/cmake_prefix_path.ps1'
[0.683s] INFO:colcon.colcon_core.shell:Creating environment descriptor '/home/wuray/tello_ros_ws/install/tello_description/share/tello_description/hook/cmake_prefix_path.dsv'
[0.684s] INFO:colcon.colcon_core.shell:Creating environment hook '/home/wuray/tello_ros_ws/install/tello_description/share/tello_description/hook/cmake_prefix_path.sh'
[0.685s] Level 1:colcon.colcon_core.environment:checking '/home/wuray/tello_ros_ws/install/tello_description/bin'
[0.686s] Level 1:colcon.colcon_core.environment:checking '/home/wuray/tello_ros_ws/install/tello_description/lib/pkgconfig/tello_description.pc'
[0.686s] Level 1:colcon.colcon_core.environment:checking '/home/wuray/tello_ros_ws/install/tello_description/lib/python3.6/site-packages'
[0.687s] INFO:colcon.colcon_core.shell:Creating package script '/home/wuray/tello_ros_ws/install/tello_description/share/tello_description/package.ps1'
[0.688s] INFO:colcon.colcon_core.shell:Creating package descriptor '/home/wuray/tello_ros_ws/install/tello_description/share/tello_description/package.dsv'
[0.688s] INFO:colcon.colcon_core.shell:Creating package script '/home/wuray/tello_ros_ws/install/tello_description/share/tello_description/package.sh'
[0.689s] INFO:colcon.colcon_core.shell:Creating package script '/home/wuray/tello_ros_ws/install/tello_description/share/tello_description/package.bash'
[0.690s] INFO:colcon.colcon_core.shell:Creating package script '/home/wuray/tello_ros_ws/install/tello_description/share/tello_description/package.zsh'
[0.690s] Level 1:colcon.colcon_core.environment:create_file_with_runtime_dependencies(/home/wuray/tello_ros_ws/install/tello_description/share/colcon-core/packages/tello_description)
[0.790s] DEBUG:colcon.colcon_core.event_handler.log_command:Invoking command in '/home/wuray/tello_ros_ws/build/tello_msgs': CMAKE_PREFIX_PATH=/home/wuray/tello_ros_ws/install/tello_description:/home/wuray/tello_ros_ws/install/ros2_shared:/opt/ros/eloquent:/opt/ros/dashing:/home/wuray/flock_catkin_ws/devel:/opt/ros/melodic /usr/local/bin/cmake --install /home/wuray/tello_ros_ws/build/tello_msgs
[0.856s] Level 1:colcon.colcon_core.environment:create_environment_scripts_only(tello_msgs)
[0.858s] Level 1:colcon.colcon_core.environment:checking '/home/wuray/tello_ros_ws/install/tello_msgs' for CMake module files
[0.858s] DEBUG:colcon.colcon_core.event_handler.log_command:Invoked command in '/home/wuray/tello_ros_ws/build/tello_msgs' returned '0': CMAKE_PREFIX_PATH=/home/wuray/tello_ros_ws/install/tello_description:/home/wuray/tello_ros_ws/install/ros2_shared:/opt/ros/eloquent:/opt/ros/dashing:/home/wuray/flock_catkin_ws/devel:/opt/ros/melodic /usr/local/bin/cmake --install /home/wuray/tello_ros_ws/build/tello_msgs
[0.859s] Level 1:colcon.colcon_core.environment:checking '/home/wuray/tello_ros_ws/install/tello_msgs' for CMake config files
[0.860s] Level 1:colcon.colcon_core.shell:create_environment_hook('tello_msgs', 'cmake_prefix_path')
[0.861s] INFO:colcon.colcon_core.shell:Creating environment hook '/home/wuray/tello_ros_ws/install/tello_msgs/share/tello_msgs/hook/cmake_prefix_path.ps1'
[0.862s] INFO:colcon.colcon_core.shell:Creating environment descriptor '/home/wuray/tello_ros_ws/install/tello_msgs/share/tello_msgs/hook/cmake_prefix_path.dsv'
[0.862s] INFO:colcon.colcon_core.shell:Creating environment hook '/home/wuray/tello_ros_ws/install/tello_msgs/share/tello_msgs/hook/cmake_prefix_path.sh'
[0.863s] Level 1:colcon.colcon_core.environment:checking '/home/wuray/tello_ros_ws/install/tello_msgs/lib'
[0.863s] Level 1:colcon.colcon_core.shell:create_environment_hook('tello_msgs', 'ld_library_path_lib')
[0.865s] INFO:colcon.colcon_core.shell:Creating environment hook '/home/wuray/tello_ros_ws/install/tello_msgs/share/tello_msgs/hook/ld_library_path_lib.ps1'
[0.865s] INFO:colcon.colcon_core.shell:Creating environment descriptor '/home/wuray/tello_ros_ws/install/tello_msgs/share/tello_msgs/hook/ld_library_path_lib.dsv'
[0.866s] INFO:colcon.colcon_core.shell:Creating environment hook '/home/wuray/tello_ros_ws/install/tello_msgs/share/tello_msgs/hook/ld_library_path_lib.sh'
[0.866s] Level 1:colcon.colcon_core.environment:checking '/home/wuray/tello_ros_ws/install/tello_msgs/bin'
[0.866s] Level 1:colcon.colcon_core.environment:checking '/home/wuray/tello_ros_ws/install/tello_msgs/lib/pkgconfig/tello_msgs.pc'
[0.866s] Level 1:colcon.colcon_core.environment:checking '/home/wuray/tello_ros_ws/install/tello_msgs/lib/python3.6/site-packages'
[0.866s] Level 1:colcon.colcon_core.shell:create_environment_hook('tello_msgs', 'pythonpath')
[0.867s] INFO:colcon.colcon_core.shell:Creating environment hook '/home/wuray/tello_ros_ws/install/tello_msgs/share/tello_msgs/hook/pythonpath.ps1'
[0.868s] INFO:colcon.colcon_core.shell:Creating environment descriptor '/home/wuray/tello_ros_ws/install/tello_msgs/share/tello_msgs/hook/pythonpath.dsv'
[0.868s] INFO:colcon.colcon_core.shell:Creating environment hook '/home/wuray/tello_ros_ws/install/tello_msgs/share/tello_msgs/hook/pythonpath.sh'
[0.870s] INFO:colcon.colcon_core.shell:Creating package script '/home/wuray/tello_ros_ws/install/tello_msgs/share/tello_msgs/package.ps1'
[0.871s] INFO:colcon.colcon_core.shell:Creating package descriptor '/home/wuray/tello_ros_ws/install/tello_msgs/share/tello_msgs/package.dsv'
[0.871s] INFO:colcon.colcon_core.shell:Creating package script '/home/wuray/tello_ros_ws/install/tello_msgs/share/tello_msgs/package.sh'
[0.872s] INFO:colcon.colcon_core.shell:Creating package script '/home/wuray/tello_ros_ws/install/tello_msgs/share/tello_msgs/package.bash'
[0.872s] INFO:colcon.colcon_core.shell:Creating package script '/home/wuray/tello_ros_ws/install/tello_msgs/share/tello_msgs/package.zsh'
[0.873s] Level 1:colcon.colcon_core.environment:create_file_with_runtime_dependencies(/home/wuray/tello_ros_ws/install/tello_msgs/share/colcon-core/packages/tello_msgs)
[0.980s] Level 1:colcon.colcon_core.environment:create_environment_scripts_only(tello_msgs)
[0.981s] Level 1:colcon.colcon_core.environment:checking '/home/wuray/tello_ros_ws/install/tello_msgs' for CMake module files
[0.982s] Level 1:colcon.colcon_core.environment:checking '/home/wuray/tello_ros_ws/install/tello_msgs' for CMake config files
[0.983s] Level 1:colcon.colcon_core.shell:create_environment_hook('tello_msgs', 'cmake_prefix_path')
[0.984s] INFO:colcon.colcon_core.shell:Creating environment hook '/home/wuray/tello_ros_ws/install/tello_msgs/share/tello_msgs/hook/cmake_prefix_path.ps1'
[0.985s] INFO:colcon.colcon_core.shell:Creating environment descriptor '/home/wuray/tello_ros_ws/install/tello_msgs/share/tello_msgs/hook/cmake_prefix_path.dsv'
[0.986s] INFO:colcon.colcon_core.shell:Creating environment hook '/home/wuray/tello_ros_ws/install/tello_msgs/share/tello_msgs/hook/cmake_prefix_path.sh'
[0.987s] Level 1:colcon.colcon_core.environment:checking '/home/wuray/tello_ros_ws/install/tello_msgs/lib'
[0.987s] Level 1:colcon.colcon_core.shell:create_environment_hook('tello_msgs', 'ld_library_path_lib')
[0.988s] INFO:colcon.colcon_core.shell:Creating environment hook '/home/wuray/tello_ros_ws/install/tello_msgs/share/tello_msgs/hook/ld_library_path_lib.ps1'
[0.988s] INFO:colcon.colcon_core.shell:Creating environment descriptor '/home/wuray/tello_ros_ws/install/tello_msgs/share/tello_msgs/hook/ld_library_path_lib.dsv'
[0.989s] INFO:colcon.colcon_core.shell:Creating environment hook '/home/wuray/tello_ros_ws/install/tello_msgs/share/tello_msgs/hook/ld_library_path_lib.sh'
[0.989s] Level 1:colcon.colcon_core.environment:checking '/home/wuray/tello_ros_ws/install/tello_msgs/bin'
[0.989s] Level 1:colcon.colcon_core.environment:checking '/home/wuray/tello_ros_ws/install/tello_msgs/lib/pkgconfig/tello_msgs.pc'
[0.989s] Level 1:colcon.colcon_core.environment:checking '/home/wuray/tello_ros_ws/install/tello_msgs/lib/python3.6/site-packages'
[0.989s] Level 1:colcon.colcon_core.shell:create_environment_hook('tello_msgs', 'pythonpath')
[0.990s] INFO:colcon.colcon_core.shell:Creating environment hook '/home/wuray/tello_ros_ws/install/tello_msgs/share/tello_msgs/hook/pythonpath.ps1'
[0.991s] INFO:colcon.colcon_core.shell:Creating environment descriptor '/home/wuray/tello_ros_ws/install/tello_msgs/share/tello_msgs/hook/pythonpath.dsv'
[0.992s] INFO:colcon.colcon_core.shell:Creating environment hook '/home/wuray/tello_ros_ws/install/tello_msgs/share/tello_msgs/hook/pythonpath.sh'
[0.993s] INFO:colcon.colcon_core.shell:Creating package script '/home/wuray/tello_ros_ws/install/tello_msgs/share/tello_msgs/package.ps1'
[0.994s] INFO:colcon.colcon_core.shell:Creating package descriptor '/home/wuray/tello_ros_ws/install/tello_msgs/share/tello_msgs/package.dsv'
[0.995s] INFO:colcon.colcon_core.shell:Creating package script '/home/wuray/tello_ros_ws/install/tello_msgs/share/tello_msgs/package.sh'
[0.995s] INFO:colcon.colcon_core.shell:Creating package script '/home/wuray/tello_ros_ws/install/tello_msgs/share/tello_msgs/package.bash'
[0.996s] INFO:colcon.colcon_core.shell:Creating package script '/home/wuray/tello_ros_ws/install/tello_msgs/share/tello_msgs/package.zsh'
[0.996s] Level 1:colcon.colcon_core.environment:create_file_with_runtime_dependencies(/home/wuray/tello_ros_ws/install/tello_msgs/share/colcon-core/packages/tello_msgs)
[0.997s] INFO:colcon.colcon_ros.task.ament_cmake.build:Building ROS package in '/home/wuray/tello_ros_ws/src/tello_ros/tello_driver' with build type 'ament_cmake'
[0.997s] INFO:colcon.colcon_cmake.task.cmake.build:Building CMake package in '/home/wuray/tello_ros_ws/src/tello_ros/tello_driver'
[0.998s] INFO:colcon.colcon_core.shell:Skip shell extension 'powershell' for command environment: Not usable outside of PowerShell
[0.998s] DEBUG:colcon.colcon_core.shell:Skip shell extension 'dsv' for command environment
[1.003s] DEBUG:colcon.colcon_core.shell:Ignoring prefix path '/opt/ros/eloquent'
[1.003s] DEBUG:colcon.colcon_core.shell:Ignoring prefix path '/opt/ros/dashing'
[1.003s] DEBUG:colcon.colcon_core.shell:Ignoring prefix path '/home/wuray/flock_catkin_ws/devel'
[1.003s] DEBUG:colcon.colcon_core.shell:Ignoring prefix path '/opt/ros/melodic'
[1.006s] INFO:colcon.colcon_ros.task.ament_cmake.build:Building ROS package in '/home/wuray/tello_ros_ws/src/tello_ros/tello_gazebo' with build type 'ament_cmake'
[1.006s] INFO:colcon.colcon_cmake.task.cmake.build:Building CMake package in '/home/wuray/tello_ros_ws/src/tello_ros/tello_gazebo'
[1.008s] INFO:colcon.colcon_core.shell:Skip shell extension 'powershell' for command environment: Not usable outside of PowerShell
[1.009s] DEBUG:colcon.colcon_core.shell:Skip shell extension 'dsv' for command environment
[1.013s] DEBUG:colcon.colcon_core.shell:Ignoring prefix path '/opt/ros/eloquent'
[1.014s] DEBUG:colcon.colcon_core.shell:Ignoring prefix path '/opt/ros/dashing'
[1.014s] DEBUG:colcon.colcon_core.shell:Ignoring prefix path '/home/wuray/flock_catkin_ws/devel'
[1.014s] DEBUG:colcon.colcon_core.shell:Ignoring prefix path '/opt/ros/melodic'
[1.027s] DEBUG:colcon.colcon_core.event_handler.log_command:Invoking command in '/home/wuray/tello_ros_ws/build/tello_driver': AMENT_PREFIX_PATH=/home/wuray/tello_ros_ws/install/tello_msgs:${AMENT_PREFIX_PATH} CMAKE_PREFIX_PATH=/home/wuray/tello_ros_ws/install/tello_msgs:/home/wuray/tello_ros_ws/install/ros2_shared:/home/wuray/tello_ros_ws/install/tello_description:/opt/ros/eloquent:/opt/ros/dashing:/home/wuray/flock_catkin_ws/devel:/opt/ros/melodic LD_LIBRARY_PATH=/home/wuray/tello_ros_ws/install/tello_msgs/lib:${LD_LIBRARY_PATH} PYTHONPATH=/home/wuray/tello_ros_ws/install/tello_msgs/lib/python3.6/site-packages:${PYTHONPATH} /usr/local/bin/cmake --build /home/wuray/tello_ros_ws/build/tello_driver -- -j4 -l4
[1.039s] DEBUG:colcon.colcon_core.event_handler.log_command:Invoking command in '/home/wuray/tello_ros_ws/build/tello_gazebo': AMENT_PREFIX_PATH=/home/wuray/tello_ros_ws/install/tello_msgs:${AMENT_PREFIX_PATH} CMAKE_PREFIX_PATH=/home/wuray/tello_ros_ws/install/tello_msgs:/home/wuray/tello_ros_ws/install/tello_description:/home/wuray/tello_ros_ws/install/ros2_shared:/opt/ros/eloquent:/opt/ros/dashing:/home/wuray/flock_catkin_ws/devel:/opt/ros/melodic LD_LIBRARY_PATH=/home/wuray/tello_ros_ws/install/tello_msgs/lib:${LD_LIBRARY_PATH} PYTHONPATH=/home/wuray/tello_ros_ws/install/tello_msgs/lib/python3.6/site-packages:${PYTHONPATH} /usr/local/bin/cmake --build /home/wuray/tello_ros_ws/build/tello_gazebo -- -j4 -l4
[1.112s] DEBUG:colcon.colcon_core.event_handler.log_command:Invoked command in '/home/wuray/tello_ros_ws/build/tello_driver' returned '0': AMENT_PREFIX_PATH=/home/wuray/tello_ros_ws/install/tello_msgs:${AMENT_PREFIX_PATH} CMAKE_PREFIX_PATH=/home/wuray/tello_ros_ws/install/tello_msgs:/home/wuray/tello_ros_ws/install/ros2_shared:/home/wuray/tello_ros_ws/install/tello_description:/opt/ros/eloquent:/opt/ros/dashing:/home/wuray/flock_catkin_ws/devel:/opt/ros/melodic LD_LIBRARY_PATH=/home/wuray/tello_ros_ws/install/tello_msgs/lib:${LD_LIBRARY_PATH} PYTHONPATH=/home/wuray/tello_ros_ws/install/tello_msgs/lib/python3.6/site-packages:${PYTHONPATH} /usr/local/bin/cmake --build /home/wuray/tello_ros_ws/build/tello_driver -- -j4 -l4
[1.171s] DEBUG:colcon.colcon_core.event_handler.log_command:Invoking command in '/home/wuray/tello_ros_ws/build/tello_driver': AMENT_PREFIX_PATH=/home/wuray/tello_ros_ws/install/tello_msgs:${AMENT_PREFIX_PATH} CMAKE_PREFIX_PATH=/home/wuray/tello_ros_ws/install/tello_msgs:/home/wuray/tello_ros_ws/install/ros2_shared:/home/wuray/tello_ros_ws/install/tello_description:/opt/ros/eloquent:/opt/ros/dashing:/home/wuray/flock_catkin_ws/devel:/opt/ros/melodic LD_LIBRARY_PATH=/home/wuray/tello_ros_ws/install/tello_msgs/lib:${LD_LIBRARY_PATH} PYTHONPATH=/home/wuray/tello_ros_ws/install/tello_msgs/lib/python3.6/site-packages:${PYTHONPATH} /usr/local/bin/cmake --install /home/wuray/tello_ros_ws/build/tello_driver
[1.187s] Level 1:colcon.colcon_core.environment:create_environment_scripts_only(tello_driver)
[1.190s] Level 1:colcon.colcon_core.environment:checking '/home/wuray/tello_ros_ws/install/tello_driver' for CMake module files
[1.192s] DEBUG:colcon.colcon_core.event_handler.log_command:Invoked command in '/home/wuray/tello_ros_ws/build/tello_driver' returned '0': AMENT_PREFIX_PATH=/home/wuray/tello_ros_ws/install/tello_msgs:${AMENT_PREFIX_PATH} CMAKE_PREFIX_PATH=/home/wuray/tello_ros_ws/install/tello_msgs:/home/wuray/tello_ros_ws/install/ros2_shared:/home/wuray/tello_ros_ws/install/tello_description:/opt/ros/eloquent:/opt/ros/dashing:/home/wuray/flock_catkin_ws/devel:/opt/ros/melodic LD_LIBRARY_PATH=/home/wuray/tello_ros_ws/install/tello_msgs/lib:${LD_LIBRARY_PATH} PYTHONPATH=/home/wuray/tello_ros_ws/install/tello_msgs/lib/python3.6/site-packages:${PYTHONPATH} /usr/local/bin/cmake --install /home/wuray/tello_ros_ws/build/tello_driver
[1.192s] Level 1:colcon.colcon_core.environment:checking '/home/wuray/tello_ros_ws/install/tello_driver' for CMake config files
[1.194s] Level 1:colcon.colcon_core.shell:create_environment_hook('tello_driver', 'cmake_prefix_path')
[1.195s] INFO:colcon.colcon_core.shell:Creating environment hook '/home/wuray/tello_ros_ws/install/tello_driver/share/tello_driver/hook/cmake_prefix_path.ps1'
[1.196s] INFO:colcon.colcon_core.shell:Creating environment descriptor '/home/wuray/tello_ros_ws/install/tello_driver/share/tello_driver/hook/cmake_prefix_path.dsv'
[1.197s] INFO:colcon.colcon_core.shell:Creating environment hook '/home/wuray/tello_ros_ws/install/tello_driver/share/tello_driver/hook/cmake_prefix_path.sh'
[1.198s] Level 1:colcon.colcon_core.environment:checking '/home/wuray/tello_ros_ws/install/tello_driver/lib'
[1.199s] Level 1:colcon.colcon_core.shell:create_environment_hook('tello_driver', 'ld_library_path_lib')
[1.200s] INFO:colcon.colcon_core.shell:Creating environment hook '/home/wuray/tello_ros_ws/install/tello_driver/share/tello_driver/hook/ld_library_path_lib.ps1'
[1.200s] INFO:colcon.colcon_core.shell:Creating environment descriptor '/home/wuray/tello_ros_ws/install/tello_driver/share/tello_driver/hook/ld_library_path_lib.dsv'
[1.201s] INFO:colcon.colcon_core.shell:Creating environment hook '/home/wuray/tello_ros_ws/install/tello_driver/share/tello_driver/hook/ld_library_path_lib.sh'
[1.202s] Level 1:colcon.colcon_core.environment:checking '/home/wuray/tello_ros_ws/install/tello_driver/bin'
[1.202s] Level 1:colcon.colcon_core.environment:checking '/home/wuray/tello_ros_ws/install/tello_driver/lib/pkgconfig/tello_driver.pc'
[1.202s] Level 1:colcon.colcon_core.environment:checking '/home/wuray/tello_ros_ws/install/tello_driver/lib/python3.6/site-packages'
[1.203s] INFO:colcon.colcon_core.shell:Creating package script '/home/wuray/tello_ros_ws/install/tello_driver/share/tello_driver/package.ps1'
[1.204s] INFO:colcon.colcon_core.shell:Creating package descriptor '/home/wuray/tello_ros_ws/install/tello_driver/share/tello_driver/package.dsv'
[1.204s] INFO:colcon.colcon_core.shell:Creating package script '/home/wuray/tello_ros_ws/install/tello_driver/share/tello_driver/package.sh'
[1.205s] INFO:colcon.colcon_core.shell:Creating package script '/home/wuray/tello_ros_ws/install/tello_driver/share/tello_driver/package.bash'
[1.205s] INFO:colcon.colcon_core.shell:Creating package script '/home/wuray/tello_ros_ws/install/tello_driver/share/tello_driver/package.zsh'
[1.206s] Level 1:colcon.colcon_core.environment:create_file_with_runtime_dependencies(/home/wuray/tello_ros_ws/install/tello_driver/share/colcon-core/packages/tello_driver)
[1.277s] Level 1:colcon.colcon_core.environment:create_environment_scripts_only(tello_driver)
[1.278s] Level 1:colcon.colcon_core.environment:checking '/home/wuray/tello_ros_ws/install/tello_driver' for CMake module files
[1.279s] Level 1:colcon.colcon_core.environment:checking '/home/wuray/tello_ros_ws/install/tello_driver' for CMake config files
[1.280s] Level 1:colcon.colcon_core.shell:create_environment_hook('tello_driver', 'cmake_prefix_path')
[1.280s] INFO:colcon.colcon_core.shell:Creating environment hook '/home/wuray/tello_ros_ws/install/tello_driver/share/tello_driver/hook/cmake_prefix_path.ps1'
[1.281s] INFO:colcon.colcon_core.shell:Creating environment descriptor '/home/wuray/tello_ros_ws/install/tello_driver/share/tello_driver/hook/cmake_prefix_path.dsv'
[1.282s] INFO:colcon.colcon_core.shell:Creating environment hook '/home/wuray/tello_ros_ws/install/tello_driver/share/tello_driver/hook/cmake_prefix_path.sh'
[1.283s] Level 1:colcon.colcon_core.environment:checking '/home/wuray/tello_ros_ws/install/tello_driver/lib'
[1.283s] Level 1:colcon.colcon_core.shell:create_environment_hook('tello_driver', 'ld_library_path_lib')
[1.284s] INFO:colcon.colcon_core.shell:Creating environment hook '/home/wuray/tello_ros_ws/install/tello_driver/share/tello_driver/hook/ld_library_path_lib.ps1'
[1.285s] INFO:colcon.colcon_core.shell:Creating environment descriptor '/home/wuray/tello_ros_ws/install/tello_driver/share/tello_driver/hook/ld_library_path_lib.dsv'
[1.285s] INFO:colcon.colcon_core.shell:Creating environment hook '/home/wuray/tello_ros_ws/install/tello_driver/share/tello_driver/hook/ld_library_path_lib.sh'
[1.286s] Level 1:colcon.colcon_core.environment:checking '/home/wuray/tello_ros_ws/install/tello_driver/bin'
[1.286s] Level 1:colcon.colcon_core.environment:checking '/home/wuray/tello_ros_ws/install/tello_driver/lib/pkgconfig/tello_driver.pc'
[1.287s] Level 1:colcon.colcon_core.environment:checking '/home/wuray/tello_ros_ws/install/tello_driver/lib/python3.6/site-packages'
[1.288s] INFO:colcon.colcon_core.shell:Creating package script '/home/wuray/tello_ros_ws/install/tello_driver/share/tello_driver/package.ps1'
[1.289s] INFO:colcon.colcon_core.shell:Creating package descriptor '/home/wuray/tello_ros_ws/install/tello_driver/share/tello_driver/package.dsv'
[1.289s] INFO:colcon.colcon_core.shell:Creating package script '/home/wuray/tello_ros_ws/install/tello_driver/share/tello_driver/package.sh'
[1.290s] INFO:colcon.colcon_core.shell:Creating package script '/home/wuray/tello_ros_ws/install/tello_driver/share/tello_driver/package.bash'
[1.290s] INFO:colcon.colcon_core.shell:Creating package script '/home/wuray/tello_ros_ws/install/tello_driver/share/tello_driver/package.zsh'
[1.291s] Level 1:colcon.colcon_core.environment:create_file_with_runtime_dependencies(/home/wuray/tello_ros_ws/install/tello_driver/share/colcon-core/packages/tello_driver)
[2.704s] DEBUG:colcon.colcon_core.event_handler.log_command:Invoked command in '/home/wuray/tello_ros_ws/build/tello_gazebo' returned '2': AMENT_PREFIX_PATH=/home/wuray/tello_ros_ws/install/tello_msgs:${AMENT_PREFIX_PATH} CMAKE_PREFIX_PATH=/home/wuray/tello_ros_ws/install/tello_msgs:/home/wuray/tello_ros_ws/install/tello_description:/home/wuray/tello_ros_ws/install/ros2_shared:/opt/ros/eloquent:/opt/ros/dashing:/home/wuray/flock_catkin_ws/devel:/opt/ros/melodic LD_LIBRARY_PATH=/home/wuray/tello_ros_ws/install/tello_msgs/lib:${LD_LIBRARY_PATH} PYTHONPATH=/home/wuray/tello_ros_ws/install/tello_msgs/lib/python3.6/site-packages:${PYTHONPATH} /usr/local/bin/cmake --build /home/wuray/tello_ros_ws/build/tello_gazebo -- -j4 -l4
[2.749s] Level 1:colcon.colcon_core.environment:create_environment_scripts_only(tello_gazebo)
[2.750s] Level 1:colcon.colcon_core.environment:checking '/home/wuray/tello_ros_ws/install/tello_gazebo' for CMake module files
[2.751s] Level 1:colcon.colcon_core.environment:checking '/home/wuray/tello_ros_ws/install/tello_gazebo' for CMake config files
[2.752s] Level 1:colcon.colcon_core.environment:checking '/home/wuray/tello_ros_ws/install/tello_gazebo/bin'
[2.752s] Level 1:colcon.colcon_core.environment:checking '/home/wuray/tello_ros_ws/install/tello_gazebo/lib/pkgconfig/tello_gazebo.pc'
[2.752s] Level 1:colcon.colcon_core.environment:checking '/home/wuray/tello_ros_ws/install/tello_gazebo/lib/python3.6/site-packages'
[2.753s] INFO:colcon.colcon_core.shell:Creating package script '/home/wuray/tello_ros_ws/install/tello_gazebo/share/tello_gazebo/package.ps1'
[2.754s] INFO:colcon.colcon_core.shell:Creating package descriptor '/home/wuray/tello_ros_ws/install/tello_gazebo/share/tello_gazebo/package.dsv'
[2.754s] INFO:colcon.colcon_core.shell:Creating package script '/home/wuray/tello_ros_ws/install/tello_gazebo/share/tello_gazebo/package.sh'
[2.754s] INFO:colcon.colcon_core.shell:Creating package script '/home/wuray/tello_ros_ws/install/tello_gazebo/share/tello_gazebo/package.bash'
[2.755s] INFO:colcon.colcon_core.shell:Creating package script '/home/wuray/tello_ros_ws/install/tello_gazebo/share/tello_gazebo/package.zsh'
[2.755s] Level 1:colcon.colcon_core.environment:create_file_with_runtime_dependencies(/home/wuray/tello_ros_ws/install/tello_gazebo/share/colcon-core/packages/tello_gazebo)
[2.767s] DEBUG:colcon.colcon_parallel_executor.executor.parallel:closing loop
[2.771s] DEBUG:colcon.colcon_parallel_executor.executor.parallel:loop closed
[2.772s] DEBUG:colcon.colcon_parallel_executor.executor.parallel:run_until_complete finished with '2'
[2.772s] DEBUG:colcon.colcon_core.event_reactor:joining thread
[2.791s] INFO:colcon.colcon_core.plugin_system:Skipping extension 'colcon_notification.desktop_notification.terminal_notifier': Not used on non-Darwin systems
[2.791s] INFO:colcon.colcon_core.plugin_system:Skipping extension 'colcon_notification.desktop_notification.win32': Not used on non-Windows systems
[2.791s] INFO:colcon.colcon_notification.desktop_notification:Sending desktop notification using 'notify2'
[2.796s] DEBUG:colcon.colcon_core.event_reactor:joined thread
[2.797s] INFO:colcon.colcon_core.shell:Creating prefix script '/home/wuray/tello_ros_ws/install/local_setup.ps1'
[2.799s] INFO:colcon.colcon_core.shell:Creating prefix util module '/home/wuray/tello_ros_ws/install/_local_setup_util_ps1.py'
[2.802s] INFO:colcon.colcon_core.shell:Creating prefix chain script '/home/wuray/tello_ros_ws/install/setup.ps1'
[2.808s] INFO:colcon.colcon_core.shell:Creating prefix script '/home/wuray/tello_ros_ws/install/local_setup.sh'
[2.809s] INFO:colcon.colcon_core.shell:Creating prefix util module '/home/wuray/tello_ros_ws/install/_local_setup_util_sh.py'
[2.810s] INFO:colcon.colcon_core.shell:Creating prefix chain script '/home/wuray/tello_ros_ws/install/setup.sh'
[2.816s] INFO:colcon.colcon_core.shell:Creating prefix script '/home/wuray/tello_ros_ws/install/local_setup.bash'
[2.818s] INFO:colcon.colcon_core.shell:Creating prefix chain script '/home/wuray/tello_ros_ws/install/setup.bash'
[2.824s] INFO:colcon.colcon_core.shell:Creating prefix script '/home/wuray/tello_ros_ws/install/local_setup.zsh'
[2.825s] INFO:colcon.colcon_core.shell:Creating prefix chain script '/home/wuray/tello_ros_ws/install/setup.zsh'
