[0.036s] Invoking command in '/home/wuray/tello_ros_ws/build/ros2_shared': CMAKE_PREFIX_PATH=/home/wuray/tello_ros_ws/install/tello_description:/home/wuray/tello_ros_ws/install/ros2_shared:/opt/ros/dashing:/home/wuray/flock_catkin_ws/devel:/opt/ros/melodic /usr/local/bin/cmake --build /home/wuray/tello_ros_ws/build/ros2_shared -- -j4 -l4
[0.077s] Invoked command in '/home/wuray/tello_ros_ws/build/ros2_shared' returned '0': CMAKE_PREFIX_PATH=/home/wuray/tello_ros_ws/install/tello_description:/home/wuray/tello_ros_ws/install/ros2_shared:/opt/ros/dashing:/home/wuray/flock_catkin_ws/devel:/opt/ros/melodic /usr/local/bin/cmake --build /home/wuray/tello_ros_ws/build/ros2_shared -- -j4 -l4
[0.159s] Invoking command in '/home/wuray/tello_ros_ws/build/ros2_shared': CMAKE_PREFIX_PATH=/home/wuray/tello_ros_ws/install/tello_description:/home/wuray/tello_ros_ws/install/ros2_shared:/opt/ros/dashing:/home/wuray/flock_catkin_ws/devel:/opt/ros/melodic /usr/local/bin/cmake --install /home/wuray/tello_ros_ws/build/ros2_shared
[0.163s] -- Install configuration: ""
[0.163s] -- Up-to-date: /home/wuray/tello_ros_ws/install/ros2_shared/include
[0.164s] -- Up-to-date: /home/wuray/tello_ros_ws/install/ros2_shared/include/ros2_shared
[0.164s] -- Up-to-date: /home/wuray/tello_ros_ws/install/ros2_shared/include/ros2_shared/string_printf.hpp
[0.165s] -- Up-to-date: /home/wuray/tello_ros_ws/install/ros2_shared/include/ros2_shared/context_macros.hpp
[0.165s] -- Up-to-date: /home/wuray/tello_ros_ws/install/ros2_shared/share/ament_index/resource_index/package_run_dependencies/ros2_shared
[0.165s] -- Up-to-date: /home/wuray/tello_ros_ws/install/ros2_shared/share/ament_index/resource_index/parent_prefix_path/ros2_shared
[0.165s] -- Up-to-date: /home/wuray/tello_ros_ws/install/ros2_shared/share/ros2_shared/environment/ament_prefix_path.sh
[0.166s] -- Up-to-date: /home/wuray/tello_ros_ws/install/ros2_shared/share/ros2_shared/environment/path.sh
[0.166s] -- Up-to-date: /home/wuray/tello_ros_ws/install/ros2_shared/share/ros2_shared/local_setup.bash
[0.168s] -- Up-to-date: /home/wuray/tello_ros_ws/install/ros2_shared/share/ros2_shared/local_setup.sh
[0.168s] -- Up-to-date: /home/wuray/tello_ros_ws/install/ros2_shared/share/ros2_shared/local_setup.zsh
[0.169s] -- Up-to-date: /home/wuray/tello_ros_ws/install/ros2_shared/share/ament_index/resource_index/packages/ros2_shared
[0.169s] -- Up-to-date: /home/wuray/tello_ros_ws/install/ros2_shared/share/ros2_shared/cmake/ament_cmake_export_include_directories-extras.cmake
[0.169s] -- Up-to-date: /home/wuray/tello_ros_ws/install/ros2_shared/share/ros2_shared/cmake/ros2_sharedConfig.cmake
[0.169s] -- Up-to-date: /home/wuray/tello_ros_ws/install/ros2_shared/share/ros2_shared/cmake/ros2_sharedConfig-version.cmake
[0.169s] -- Up-to-date: /home/wuray/tello_ros_ws/install/ros2_shared/share/ros2_shared/package.xml
[0.179s] Invoked command in '/home/wuray/tello_ros_ws/build/ros2_shared' returned '0': CMAKE_PREFIX_PATH=/home/wuray/tello_ros_ws/install/tello_description:/home/wuray/tello_ros_ws/install/ros2_shared:/opt/ros/dashing:/home/wuray/flock_catkin_ws/devel:/opt/ros/melodic /usr/local/bin/cmake --install /home/wuray/tello_ros_ws/build/ros2_shared
