[0.041s] Invoking command in '/home/wuray/tello_ros_ws/build/tello_msgs': CMAKE_PREFIX_PATH=/home/wuray/tello_ros_ws/install/tello_description:/home/wuray/tello_ros_ws/install/ros2_shared:/opt/ros/eloquent:/opt/ros/dashing:/home/wuray/flock_catkin_ws/devel:/opt/ros/melodic /usr/local/bin/cmake --build /home/wuray/tello_ros_ws/build/tello_msgs -- -j4 -l4
[0.105s] [ 11%] Built target tello_msgs__rosidl_generator_c
[0.109s] [ 13%] Built target tello_msgs__cpp
[0.154s] [ 24%] Built target tello_msgs__rosidl_typesupport_introspection_c
[0.154s] [ 35%] Built target tello_msgs__rosidl_typesupport_introspection_cpp
[0.166s] [ 46%] Built target tello_msgs__rosidl_typesupport_fastrtps_cpp
[0.190s] [ 57%] Built target tello_msgs__rosidl_typesupport_fastrtps_c
[0.198s] [ 68%] Built target tello_msgs__rosidl_typesupport_cpp
[0.215s] [ 80%] Built target tello_msgs__rosidl_typesupport_c
[0.235s] [ 80%] Built target tello_msgs
[0.260s] [ 82%] Built target tello_msgs__py
[0.279s] [ 91%] Built target tello_msgs__python
[0.296s] [ 95%] Built target tello_msgs__rosidl_typesupport_fastrtps_c__pyext
[0.299s] [100%] Built target tello_msgs__rosidl_typesupport_c__pyext
[0.306s] Invoked command in '/home/wuray/tello_ros_ws/build/tello_msgs' returned '0': CMAKE_PREFIX_PATH=/home/wuray/tello_ros_ws/install/tello_description:/home/wuray/tello_ros_ws/install/ros2_shared:/opt/ros/eloquent:/opt/ros/dashing:/home/wuray/flock_catkin_ws/devel:/opt/ros/melodic /usr/local/bin/cmake --build /home/wuray/tello_ros_ws/build/tello_msgs -- -j4 -l4
[0.430s] Invoking command in '/home/wuray/tello_ros_ws/build/tello_msgs': CMAKE_PREFIX_PATH=/home/wuray/tello_ros_ws/install/tello_description:/home/wuray/tello_ros_ws/install/ros2_shared:/opt/ros/eloquent:/opt/ros/dashing:/home/wuray/flock_catkin_ws/devel:/opt/ros/melodic /usr/local/bin/cmake --install /home/wuray/tello_ros_ws/build/tello_msgs
[0.434s] -- Install configuration: ""
[0.435s] -- Up-to-date: /home/wuray/tello_ros_ws/install/tello_msgs/share/ament_index/resource_index/rosidl_interfaces/tello_msgs
[0.435s] -- Up-to-date: /home/wuray/tello_ros_ws/install/tello_msgs/lib/libtello_msgs__rosidl_typesupport_c.so
[0.435s] -- Up-to-date: /home/wuray/tello_ros_ws/install/tello_msgs/share/tello_msgs/environment/library_path.sh
[0.435s] -- Up-to-date: /home/wuray/tello_ros_ws/install/tello_msgs/lib/libtello_msgs__rosidl_typesupport_cpp.so
[0.436s] -- Up-to-date: /home/wuray/tello_ros_ws/install/tello_msgs/include/tello_msgs
[0.436s] -- Up-to-date: /home/wuray/tello_ros_ws/install/tello_msgs/include/tello_msgs/srv
[0.436s] -- Up-to-date: /home/wuray/tello_ros_ws/install/tello_msgs/include/tello_msgs/srv/tello_action__rosidl_typesupport_fastrtps_c.h
[0.436s] -- Up-to-date: /home/wuray/tello_ros_ws/install/tello_msgs/include/tello_msgs/msg
[0.436s] -- Up-to-date: /home/wuray/tello_ros_ws/install/tello_msgs/include/tello_msgs/msg/rosidl_typesupport_fastrtps_c__visibility_control.h
[0.436s] -- Up-to-date: /home/wuray/tello_ros_ws/install/tello_msgs/include/tello_msgs/msg/flight_data__rosidl_typesupport_fastrtps_c.h
[0.436s] -- Up-to-date: /home/wuray/tello_ros_ws/install/tello_msgs/include/tello_msgs/msg/tello_response__rosidl_typesupport_fastrtps_c.h
[0.437s] -- Up-to-date: /home/wuray/tello_ros_ws/install/tello_msgs/lib/libtello_msgs__rosidl_typesupport_fastrtps_c.so
[0.437s] -- Up-to-date: /home/wuray/tello_ros_ws/install/tello_msgs/include/tello_msgs
[0.437s] -- Up-to-date: /home/wuray/tello_ros_ws/install/tello_msgs/include/tello_msgs/srv
[0.437s] -- Up-to-date: /home/wuray/tello_ros_ws/install/tello_msgs/include/tello_msgs/srv/tello_action.h
[0.437s] -- Up-to-date: /home/wuray/tello_ros_ws/install/tello_msgs/include/tello_msgs/srv/tello_action__functions.h
[0.437s] -- Up-to-date: /home/wuray/tello_ros_ws/install/tello_msgs/include/tello_msgs/srv/tello_action__functions.c
[0.437s] -- Up-to-date: /home/wuray/tello_ros_ws/install/tello_msgs/include/tello_msgs/srv/tello_action__type_support.h
[0.438s] -- Up-to-date: /home/wuray/tello_ros_ws/install/tello_msgs/include/tello_msgs/srv/tello_action__struct.h
[0.438s] -- Up-to-date: /home/wuray/tello_ros_ws/install/tello_msgs/include/tello_msgs/msg
[0.438s] -- Up-to-date: /home/wuray/tello_ros_ws/install/tello_msgs/include/tello_msgs/msg/tello_response__struct.h
[0.438s] -- Up-to-date: /home/wuray/tello_ros_ws/install/tello_msgs/include/tello_msgs/msg/flight_data.h
[0.438s] -- Up-to-date: /home/wuray/tello_ros_ws/install/tello_msgs/include/tello_msgs/msg/tello_response__type_support.h
[0.438s] -- Up-to-date: /home/wuray/tello_ros_ws/install/tello_msgs/include/tello_msgs/msg/tello_response__functions.c
[0.439s] -- Up-to-date: /home/wuray/tello_ros_ws/install/tello_msgs/include/tello_msgs/msg/flight_data__functions.c
[0.439s] -- Up-to-date: /home/wuray/tello_ros_ws/install/tello_msgs/include/tello_msgs/msg/flight_data__type_support.h
[0.439s] -- Up-to-date: /home/wuray/tello_ros_ws/install/tello_msgs/include/tello_msgs/msg/flight_data__functions.h
[0.439s] -- Up-to-date: /home/wuray/tello_ros_ws/install/tello_msgs/include/tello_msgs/msg/rosidl_generator_c__visibility_control.h
[0.439s] -- Up-to-date: /home/wuray/tello_ros_ws/install/tello_msgs/include/tello_msgs/msg/tello_response.h
[0.439s] -- Up-to-date: /home/wuray/tello_ros_ws/install/tello_msgs/include/tello_msgs/msg/flight_data__struct.h
[0.439s] -- Up-to-date: /home/wuray/tello_ros_ws/install/tello_msgs/include/tello_msgs/msg/tello_response__functions.h
[0.439s] -- Up-to-date: /home/wuray/tello_ros_ws/install/tello_msgs/lib/libtello_msgs__rosidl_generator_c.so
[0.440s] -- Up-to-date: /home/wuray/tello_ros_ws/install/tello_msgs/include/tello_msgs
[0.440s] -- Up-to-date: /home/wuray/tello_ros_ws/install/tello_msgs/include/tello_msgs/srv
[0.440s] -- Up-to-date: /home/wuray/tello_ros_ws/install/tello_msgs/include/tello_msgs/srv/tello_action__rosidl_typesupport_fastrtps_cpp.hpp
[0.440s] -- Up-to-date: /home/wuray/tello_ros_ws/install/tello_msgs/include/tello_msgs/srv/dds_fastrtps
[0.440s] -- Up-to-date: /home/wuray/tello_ros_ws/install/tello_msgs/include/tello_msgs/msg
[0.440s] -- Up-to-date: /home/wuray/tello_ros_ws/install/tello_msgs/include/tello_msgs/msg/tello_response__rosidl_typesupport_fastrtps_cpp.hpp
[0.440s] -- Up-to-date: /home/wuray/tello_ros_ws/install/tello_msgs/include/tello_msgs/msg/dds_fastrtps
[0.440s] -- Up-to-date: /home/wuray/tello_ros_ws/install/tello_msgs/include/tello_msgs/msg/flight_data__rosidl_typesupport_fastrtps_cpp.hpp
[0.440s] -- Up-to-date: /home/wuray/tello_ros_ws/install/tello_msgs/include/tello_msgs/msg/rosidl_typesupport_fastrtps_cpp__visibility_control.h
[0.441s] -- Up-to-date: /home/wuray/tello_ros_ws/install/tello_msgs/lib/libtello_msgs__rosidl_typesupport_fastrtps_cpp.so
[0.441s] -- Up-to-date: /home/wuray/tello_ros_ws/install/tello_msgs/include/tello_msgs
[0.441s] -- Up-to-date: /home/wuray/tello_ros_ws/install/tello_msgs/include/tello_msgs/srv
[0.441s] -- Up-to-date: /home/wuray/tello_ros_ws/install/tello_msgs/include/tello_msgs/srv/tello_action__traits.hpp
[0.442s] -- Up-to-date: /home/wuray/tello_ros_ws/install/tello_msgs/include/tello_msgs/srv/tello_action__struct.hpp
[0.442s] -- Up-to-date: /home/wuray/tello_ros_ws/install/tello_msgs/include/tello_msgs/srv/tello_action.hpp
[0.442s] -- Up-to-date: /home/wuray/tello_ros_ws/install/tello_msgs/include/tello_msgs/msg
[0.442s] -- Up-to-date: /home/wuray/tello_ros_ws/install/tello_msgs/include/tello_msgs/msg/tello_response.hpp
[0.442s] -- Up-to-date: /home/wuray/tello_ros_ws/install/tello_msgs/include/tello_msgs/msg/tello_response__traits.hpp
[0.443s] -- Up-to-date: /home/wuray/tello_ros_ws/install/tello_msgs/include/tello_msgs/msg/flight_data__struct.hpp
[0.443s] -- Up-to-date: /home/wuray/tello_ros_ws/install/tello_msgs/include/tello_msgs/msg/flight_data.hpp
[0.443s] -- Up-to-date: /home/wuray/tello_ros_ws/install/tello_msgs/include/tello_msgs/msg/flight_data__traits.hpp
[0.443s] -- Up-to-date: /home/wuray/tello_ros_ws/install/tello_msgs/include/tello_msgs/msg/tello_response__struct.hpp
[0.443s] -- Up-to-date: /home/wuray/tello_ros_ws/install/tello_msgs/include/tello_msgs
[0.444s] -- Up-to-date: /home/wuray/tello_ros_ws/install/tello_msgs/include/tello_msgs/srv
[0.444s] -- Up-to-date: /home/wuray/tello_ros_ws/install/tello_msgs/include/tello_msgs/srv/tello_action__type_support.c
[0.444s] -- Up-to-date: /home/wuray/tello_ros_ws/install/tello_msgs/include/tello_msgs/srv/tello_action__rosidl_typesupport_introspection_c.h
[0.444s] -- Up-to-date: /home/wuray/tello_ros_ws/install/tello_msgs/include/tello_msgs/msg
[0.444s] -- Up-to-date: /home/wuray/tello_ros_ws/install/tello_msgs/include/tello_msgs/msg/rosidl_typesupport_introspection_c__visibility_control.h
[0.444s] -- Up-to-date: /home/wuray/tello_ros_ws/install/tello_msgs/include/tello_msgs/msg/flight_data__type_support.c
[0.444s] -- Up-to-date: /home/wuray/tello_ros_ws/install/tello_msgs/include/tello_msgs/msg/tello_response__type_support.c
[0.445s] -- Up-to-date: /home/wuray/tello_ros_ws/install/tello_msgs/include/tello_msgs/msg/flight_data__rosidl_typesupport_introspection_c.h
[0.445s] -- Up-to-date: /home/wuray/tello_ros_ws/install/tello_msgs/include/tello_msgs/msg/tello_response__rosidl_typesupport_introspection_c.h
[0.445s] -- Up-to-date: /home/wuray/tello_ros_ws/install/tello_msgs/lib/libtello_msgs__rosidl_typesupport_introspection_c.so
[0.445s] -- Up-to-date: /home/wuray/tello_ros_ws/install/tello_msgs/include/tello_msgs
[0.445s] -- Up-to-date: /home/wuray/tello_ros_ws/install/tello_msgs/include/tello_msgs/srv
[0.445s] -- Up-to-date: /home/wuray/tello_ros_ws/install/tello_msgs/include/tello_msgs/srv/tello_action__rosidl_typesupport_introspection_cpp.hpp
[0.445s] -- Up-to-date: /home/wuray/tello_ros_ws/install/tello_msgs/include/tello_msgs/srv/tello_action__type_support.cpp
[0.445s] -- Up-to-date: /home/wuray/tello_ros_ws/install/tello_msgs/include/tello_msgs/msg
[0.445s] -- Up-to-date: /home/wuray/tello_ros_ws/install/tello_msgs/include/tello_msgs/msg/tello_response__rosidl_typesupport_introspection_cpp.hpp
[0.445s] -- Up-to-date: /home/wuray/tello_ros_ws/install/tello_msgs/include/tello_msgs/msg/tello_response__type_support.cpp
[0.445s] -- Up-to-date: /home/wuray/tello_ros_ws/install/tello_msgs/include/tello_msgs/msg/flight_data__type_support.cpp
[0.445s] -- Up-to-date: /home/wuray/tello_ros_ws/install/tello_msgs/include/tello_msgs/msg/flight_data__rosidl_typesupport_introspection_cpp.hpp
[0.446s] -- Up-to-date: /home/wuray/tello_ros_ws/install/tello_msgs/lib/libtello_msgs__rosidl_typesupport_introspection_cpp.so
[0.446s] -- Up-to-date: /home/wuray/tello_ros_ws/install/tello_msgs/share/tello_msgs/environment/pythonpath.sh
[0.446s] -- Up-to-date: /home/wuray/tello_ros_ws/install/tello_msgs/lib/python3.6/site-packages/tello_msgs/__init__.py
[0.490s] -- Up-to-date: /home/wuray/tello_ros_ws/install/tello_msgs/lib/python3.6/site-packages/tello_msgs/msg
[0.490s] -- Up-to-date: /home/wuray/tello_ros_ws/install/tello_msgs/lib/python3.6/site-packages/tello_msgs/msg/_tello_response.py
[0.490s] -- Up-to-date: /home/wuray/tello_ros_ws/install/tello_msgs/lib/python3.6/site-packages/tello_msgs/msg/__init__.py
[0.490s] -- Up-to-date: /home/wuray/tello_ros_ws/install/tello_msgs/lib/python3.6/site-packages/tello_msgs/msg/_tello_response_s.c
[0.491s] -- Up-to-date: /home/wuray/tello_ros_ws/install/tello_msgs/lib/python3.6/site-packages/tello_msgs/msg/_flight_data_s.c
[0.491s] -- Up-to-date: /home/wuray/tello_ros_ws/install/tello_msgs/lib/python3.6/site-packages/tello_msgs/msg/_flight_data.py
[0.491s] -- Up-to-date: /home/wuray/tello_ros_ws/install/tello_msgs/lib/python3.6/site-packages/tello_msgs/srv
[0.491s] -- Up-to-date: /home/wuray/tello_ros_ws/install/tello_msgs/lib/python3.6/site-packages/tello_msgs/srv/_tello_action_s.c
[0.491s] -- Up-to-date: /home/wuray/tello_ros_ws/install/tello_msgs/lib/python3.6/site-packages/tello_msgs/srv/__init__.py
[0.491s] -- Up-to-date: /home/wuray/tello_ros_ws/install/tello_msgs/lib/python3.6/site-packages/tello_msgs/srv/_tello_action.py
[0.491s] -- Up-to-date: /home/wuray/tello_ros_ws/install/tello_msgs/lib/python3.6/site-packages/tello_msgs/tello_msgs_s__rosidl_typesupport_c.cpython-36m-x86_64-linux-gnu.so
[0.492s] -- Up-to-date: /home/wuray/tello_ros_ws/install/tello_msgs/lib/python3.6/site-packages/tello_msgs/tello_msgs_s__rosidl_typesupport_fastrtps_c.cpython-36m-x86_64-linux-gnu.so
[0.492s] -- Up-to-date: /home/wuray/tello_ros_ws/install/tello_msgs/lib/libtello_msgs__python.so
[0.493s] -- Up-to-date: /home/wuray/tello_ros_ws/install/tello_msgs/share/tello_msgs/msg/FlightData.idl
[0.493s] -- Up-to-date: /home/wuray/tello_ros_ws/install/tello_msgs/share/tello_msgs/msg/TelloResponse.idl
[0.493s] -- Up-to-date: /home/wuray/tello_ros_ws/install/tello_msgs/share/tello_msgs/srv/TelloAction.idl
[0.493s] -- Up-to-date: /home/wuray/tello_ros_ws/install/tello_msgs/share/tello_msgs/msg/FlightData.msg
[0.493s] -- Up-to-date: /home/wuray/tello_ros_ws/install/tello_msgs/share/tello_msgs/msg/TelloResponse.msg
[0.493s] -- Up-to-date: /home/wuray/tello_ros_ws/install/tello_msgs/share/tello_msgs/srv/TelloAction.srv
[0.494s] -- Up-to-date: /home/wuray/tello_ros_ws/install/tello_msgs/share/tello_msgs/srv/TelloAction_Request.msg
[0.494s] -- Up-to-date: /home/wuray/tello_ros_ws/install/tello_msgs/share/tello_msgs/srv/TelloAction_Response.msg
[0.494s] -- Up-to-date: /home/wuray/tello_ros_ws/install/tello_msgs/share/ament_index/resource_index/package_run_dependencies/tello_msgs
[0.494s] -- Up-to-date: /home/wuray/tello_ros_ws/install/tello_msgs/share/ament_index/resource_index/parent_prefix_path/tello_msgs
[0.494s] -- Up-to-date: /home/wuray/tello_ros_ws/install/tello_msgs/share/tello_msgs/environment/ament_prefix_path.sh
[0.494s] -- Up-to-date: /home/wuray/tello_ros_ws/install/tello_msgs/share/tello_msgs/environment/path.sh
[0.494s] -- Up-to-date: /home/wuray/tello_ros_ws/install/tello_msgs/share/tello_msgs/local_setup.bash
[0.494s] -- Up-to-date: /home/wuray/tello_ros_ws/install/tello_msgs/share/tello_msgs/local_setup.sh
[0.495s] -- Up-to-date: /home/wuray/tello_ros_ws/install/tello_msgs/share/tello_msgs/local_setup.zsh
[0.495s] -- Up-to-date: /home/wuray/tello_ros_ws/install/tello_msgs/share/ament_index/resource_index/packages/tello_msgs
[0.495s] -- Up-to-date: /home/wuray/tello_ros_ws/install/tello_msgs/share/tello_msgs/cmake/rosidl_cmake-extras.cmake
[0.495s] -- Up-to-date: /home/wuray/tello_ros_ws/install/tello_msgs/share/tello_msgs/cmake/ament_cmake_export_dependencies-extras.cmake
[0.495s] -- Up-to-date: /home/wuray/tello_ros_ws/install/tello_msgs/share/tello_msgs/cmake/ament_cmake_export_libraries-extras.cmake
[0.495s] -- Up-to-date: /home/wuray/tello_ros_ws/install/tello_msgs/share/tello_msgs/cmake/ament_cmake_export_include_directories-extras.cmake
[0.495s] -- Up-to-date: /home/wuray/tello_ros_ws/install/tello_msgs/share/tello_msgs/cmake/tello_msgsConfig.cmake
[0.496s] -- Up-to-date: /home/wuray/tello_ros_ws/install/tello_msgs/share/tello_msgs/cmake/tello_msgsConfig-version.cmake
[0.496s] -- Up-to-date: /home/wuray/tello_ros_ws/install/tello_msgs/share/tello_msgs/package.xml
[0.499s] Invoked command in '/home/wuray/tello_ros_ws/build/tello_msgs' returned '0': CMAKE_PREFIX_PATH=/home/wuray/tello_ros_ws/install/tello_description:/home/wuray/tello_ros_ws/install/ros2_shared:/opt/ros/eloquent:/opt/ros/dashing:/home/wuray/flock_catkin_ws/devel:/opt/ros/melodic /usr/local/bin/cmake --install /home/wuray/tello_ros_ws/build/tello_msgs
