[0.040s] Invoking command in '/home/wuray/tello_ros_ws/build/tello_description': CMAKE_PREFIX_PATH=/opt/ros/dashing:${CMAKE_PREFIX_PATH} /usr/local/bin/cmake --build /home/wuray/tello_ros_ws/build/tello_description -- -j4 -l4
[0.094s] [ 11%] Built target generate_urdf_4
[0.101s] [ 22%] Built target generate_urdf_5
[0.107s] [ 33%] Built target generate_urdf_7
[0.108s] [ 44%] Built target generate_urdf_3
[0.122s] [ 55%] Built target generate_urdf
[0.136s] [ 66%] Built target generate_urdf_6
[0.138s] [ 77%] Built target generate_urdf_1
[0.146s] [ 88%] Built target generate_urdf_8
[0.155s] [100%] Built target generate_urdf_2
[0.157s] Invoked command in '/home/wuray/tello_ros_ws/build/tello_description' returned '0': CMAKE_PREFIX_PATH=/opt/ros/dashing:${CMAKE_PREFIX_PATH} /usr/local/bin/cmake --build /home/wuray/tello_ros_ws/build/tello_description -- -j4 -l4
[0.210s] Invoking command in '/home/wuray/tello_ros_ws/build/tello_description': CMAKE_PREFIX_PATH=/opt/ros/dashing:${CMAKE_PREFIX_PATH} /usr/local/bin/cmake --install /home/wuray/tello_ros_ws/build/tello_description
[0.215s] -- Install configuration: ""
[0.215s] -- Up-to-date: /home/wuray/tello_ros_ws/install/tello_description/share/tello_description/urdf
[0.215s] -- Up-to-date: /home/wuray/tello_ros_ws/install/tello_description/share/tello_description/urdf/tello_2.urdf
[0.216s] -- Up-to-date: /home/wuray/tello_ros_ws/install/tello_description/share/tello_description/urdf/tello_6.urdf
[0.216s] -- Up-to-date: /home/wuray/tello_ros_ws/install/tello_description/share/tello_description/urdf/tello_1.urdf
[0.216s] -- Up-to-date: /home/wuray/tello_ros_ws/install/tello_description/share/tello_description/urdf/tello_8.urdf
[0.216s] -- Up-to-date: /home/wuray/tello_ros_ws/install/tello_description/share/tello_description/urdf/tello_4.urdf
[0.217s] -- Up-to-date: /home/wuray/tello_ros_ws/install/tello_description/share/tello_description/urdf/tello_5.urdf
[0.217s] -- Up-to-date: /home/wuray/tello_ros_ws/install/tello_description/share/tello_description/urdf/tello.urdf
[0.218s] -- Up-to-date: /home/wuray/tello_ros_ws/install/tello_description/share/tello_description/urdf/tello_7.urdf
[0.218s] -- Up-to-date: /home/wuray/tello_ros_ws/install/tello_description/share/tello_description/urdf/tello_3.urdf
[0.218s] -- Up-to-date: /home/wuray/tello_ros_ws/install/tello_description/share/ament_index/resource_index/package_run_dependencies/tello_description
[0.219s] -- Up-to-date: /home/wuray/tello_ros_ws/install/tello_description/share/ament_index/resource_index/parent_prefix_path/tello_description
[0.219s] -- Up-to-date: /home/wuray/tello_ros_ws/install/tello_description/share/tello_description/environment/ament_prefix_path.sh
[0.219s] -- Up-to-date: /home/wuray/tello_ros_ws/install/tello_description/share/tello_description/environment/path.sh
[0.220s] -- Up-to-date: /home/wuray/tello_ros_ws/install/tello_description/share/tello_description/local_setup.bash
[0.223s] -- Up-to-date: /home/wuray/tello_ros_ws/install/tello_description/share/tello_description/local_setup.sh
[0.224s] -- Up-to-date: /home/wuray/tello_ros_ws/install/tello_description/share/tello_description/local_setup.zsh
[0.224s] -- Up-to-date: /home/wuray/tello_ros_ws/install/tello_description/share/ament_index/resource_index/packages/tello_description
[0.224s] -- Up-to-date: /home/wuray/tello_ros_ws/install/tello_description/share/tello_description/cmake/tello_descriptionConfig.cmake
[0.225s] -- Up-to-date: /home/wuray/tello_ros_ws/install/tello_description/share/tello_description/cmake/tello_descriptionConfig-version.cmake
[0.225s] -- Up-to-date: /home/wuray/tello_ros_ws/install/tello_description/share/tello_description/package.xml
[0.225s] Invoked command in '/home/wuray/tello_ros_ws/build/tello_description' returned '0': CMAKE_PREFIX_PATH=/opt/ros/dashing:${CMAKE_PREFIX_PATH} /usr/local/bin/cmake --install /home/wuray/tello_ros_ws/build/tello_description
