-- Found ament_cmake: 0.7.5 (/opt/ros/dashing/share/ament_cmake/cmake)
-- Using PYTHON_EXECUTABLE: /usr/bin/python3
-- Found rosidl_default_generators: 0.7.0 (/opt/ros/dashing/share/rosidl_default_generators/cmake)
-- Found OpenSSL: /usr/lib/x86_64-linux-gnu/libcrypto.so (found version "1.1.1")  
-- Found FastRTPS: /opt/ros/dashing/include  
-- Found rosidl_adapter: 0.7.9 (/opt/ros/dashing/share/rosidl_adapter/cmake)
-- Found std_msgs: 0.7.0 (/opt/ros/dashing/share/std_msgs/cmake)
-- Found PythonInterp: /usr/bin/python3 (found version "3.6.9") 
-- Using single matching rosidl_typesupport_c: rosidl_typesupport_fastrtps_c
-- Using single matching rosidl_typesupport_cpp: rosidl_typesupport_fastrtps_cpp
-- Found rmw_implementation_cmake: 0.7.2 (/opt/ros/dashing/share/rmw_implementation_cmake/cmake)
-- Found PythonInterp: /usr/bin/python3 (found suitable version "3.6.9", minimum required is "3.5") 
-- Found python_cmake_module: 0.7.10 (/opt/ros/dashing/share/python_cmake_module/cmake)
-- Found PythonLibs: /usr/lib/x86_64-linux-gnu/libpython3.6m.so (found suitable version "3.6.9", minimum required is "3.5") 
-- Using PYTHON_EXECUTABLE: /usr/bin/python3
-- Using PYTHON_INCLUDE_DIRS: /usr/include/python3.6m
-- Using PYTHON_LIBRARIES: /usr/lib/x86_64-linux-gnu/libpython3.6m.so
-- Found PythonExtra: .so  
-- Configuring done
-- Generating done
-- Build files have been written to: /home/wuray/tello_ros_ws/build/tello_msgs
[  2%] [34m[1mGenerating C code for ROS interfaces[0m
[35m[1mScanning dependencies of target tello_msgs__cpp[0m
[  4%] [34m[1mGenerating C++ code for ROS interfaces[0m
[  4%] Built target tello_msgs__cpp
[  6%] [34m[1mGenerating C++ type support for eProsima Fast-RTPS[0m
[  8%] [34m[1mGenerating C++ introspection for ROS interfaces[0m
[35m[1mScanning dependencies of target tello_msgs__rosidl_generator_c[0m
[ 13%] [32mBuilding C object CMakeFiles/tello_msgs__rosidl_generator_c.dir/rosidl_generator_c/tello_msgs/msg/flight_data__functions.c.o[0m
[ 13%] [32mBuilding C object CMakeFiles/tello_msgs__rosidl_generator_c.dir/rosidl_generator_c/tello_msgs/msg/tello_response__functions.c.o[0m
[ 15%] [32mBuilding C object CMakeFiles/tello_msgs__rosidl_generator_c.dir/rosidl_generator_c/tello_msgs/srv/tello_action__functions.c.o[0m
[ 17%] [32m[1mLinking C shared library libtello_msgs__rosidl_generator_c.so[0m
[ 17%] Built target tello_msgs__rosidl_generator_c
[ 20%] [34m[1mGenerating C introspection for ROS interfaces[0m
[35m[1mScanning dependencies of target tello_msgs__rosidl_typesupport_fastrtps_cpp[0m
[ 22%] [32mBuilding CXX object CMakeFiles/tello_msgs__rosidl_typesupport_fastrtps_cpp.dir/rosidl_typesupport_fastrtps_cpp/tello_msgs/msg/dds_fastrtps/tello_response__type_support.cpp.o[0m
[ 24%] [32mBuilding CXX object CMakeFiles/tello_msgs__rosidl_typesupport_fastrtps_cpp.dir/rosidl_typesupport_fastrtps_cpp/tello_msgs/msg/dds_fastrtps/flight_data__type_support.cpp.o[0m
[35m[1mScanning dependencies of target tello_msgs__rosidl_typesupport_introspection_cpp[0m
[ 26%] [32mBuilding CXX object CMakeFiles/tello_msgs__rosidl_typesupport_introspection_cpp.dir/rosidl_typesupport_introspection_cpp/tello_msgs/msg/flight_data__type_support.cpp.o[0m
[35m[1mScanning dependencies of target tello_msgs__rosidl_typesupport_introspection_c[0m
[ 28%] [32mBuilding C object CMakeFiles/tello_msgs__rosidl_typesupport_introspection_c.dir/rosidl_typesupport_introspection_c/tello_msgs/msg/flight_data__type_support.c.o[0m
[ 31%] [32mBuilding CXX object CMakeFiles/tello_msgs__rosidl_typesupport_introspection_cpp.dir/rosidl_typesupport_introspection_cpp/tello_msgs/msg/tello_response__type_support.cpp.o[0m
[ 33%] [32mBuilding C object CMakeFiles/tello_msgs__rosidl_typesupport_introspection_c.dir/rosidl_typesupport_introspection_c/tello_msgs/msg/tello_response__type_support.c.o[0m
[ 35%] [32mBuilding CXX object CMakeFiles/tello_msgs__rosidl_typesupport_introspection_cpp.dir/rosidl_typesupport_introspection_cpp/tello_msgs/srv/tello_action__type_support.cpp.o[0m
[ 37%] [32mBuilding CXX object CMakeFiles/tello_msgs__rosidl_typesupport_fastrtps_cpp.dir/rosidl_typesupport_fastrtps_cpp/tello_msgs/srv/dds_fastrtps/tello_action__type_support.cpp.o[0m
[ 40%] [32mBuilding C object CMakeFiles/tello_msgs__rosidl_typesupport_introspection_c.dir/rosidl_typesupport_introspection_c/tello_msgs/srv/tello_action__type_support.c.o[0m
[ 42%] [32m[1mLinking C shared library libtello_msgs__rosidl_typesupport_introspection_c.so[0m
[ 42%] Built target tello_msgs__rosidl_typesupport_introspection_c
[ 44%] [32m[1mLinking CXX shared library libtello_msgs__rosidl_typesupport_introspection_cpp.so[0m
[ 44%] Built target tello_msgs__rosidl_typesupport_introspection_cpp
[ 46%] [32m[1mLinking CXX shared library libtello_msgs__rosidl_typesupport_fastrtps_cpp.so[0m
[ 46%] Built target tello_msgs__rosidl_typesupport_fastrtps_cpp
[ 48%] [34m[1mGenerating C++ type support dispatch for ROS interfaces[0m
[ 51%] [34m[1mGenerating C type support for eProsima Fast-RTPS[0m
[35m[1mScanning dependencies of target tello_msgs__rosidl_typesupport_cpp[0m
[ 53%] [32mBuilding CXX object CMakeFiles/tello_msgs__rosidl_typesupport_cpp.dir/rosidl_typesupport_cpp/tello_msgs/msg/flight_data__type_support.cpp.o[0m
[ 55%] [32mBuilding CXX object CMakeFiles/tello_msgs__rosidl_typesupport_cpp.dir/rosidl_typesupport_cpp/tello_msgs/msg/tello_response__type_support.cpp.o[0m
[35m[1mScanning dependencies of target tello_msgs__rosidl_typesupport_fastrtps_c[0m
[ 57%] [32mBuilding CXX object CMakeFiles/tello_msgs__rosidl_typesupport_fastrtps_c.dir/rosidl_typesupport_fastrtps_c/tello_msgs/msg/flight_data__type_support_c.cpp.o[0m
[ 60%] [32mBuilding CXX object CMakeFiles/tello_msgs__rosidl_typesupport_fastrtps_c.dir/rosidl_typesupport_fastrtps_c/tello_msgs/msg/tello_response__type_support_c.cpp.o[0m
[ 62%] [32mBuilding CXX object CMakeFiles/tello_msgs__rosidl_typesupport_cpp.dir/rosidl_typesupport_cpp/tello_msgs/srv/tello_action__type_support.cpp.o[0m
[ 64%] [32mBuilding CXX object CMakeFiles/tello_msgs__rosidl_typesupport_fastrtps_c.dir/rosidl_typesupport_fastrtps_c/tello_msgs/srv/tello_action__type_support_c.cpp.o[0m
[ 66%] [32m[1mLinking CXX shared library libtello_msgs__rosidl_typesupport_cpp.so[0m
[ 66%] Built target tello_msgs__rosidl_typesupport_cpp
[ 68%] [32m[1mLinking CXX shared library libtello_msgs__rosidl_typesupport_fastrtps_c.so[0m
[ 68%] Built target tello_msgs__rosidl_typesupport_fastrtps_c
[ 71%] [34m[1mGenerating C type support dispatch for ROS interfaces[0m
[35m[1mScanning dependencies of target tello_msgs__rosidl_typesupport_c[0m
[ 75%] [32mBuilding CXX object CMakeFiles/tello_msgs__rosidl_typesupport_c.dir/rosidl_typesupport_c/tello_msgs/msg/tello_response__type_support.cpp.o[0m
[ 75%] [32mBuilding CXX object CMakeFiles/tello_msgs__rosidl_typesupport_c.dir/rosidl_typesupport_c/tello_msgs/msg/flight_data__type_support.cpp.o[0m
[ 77%] [32mBuilding CXX object CMakeFiles/tello_msgs__rosidl_typesupport_c.dir/rosidl_typesupport_c/tello_msgs/srv/tello_action__type_support.cpp.o[0m
[ 80%] [32m[1mLinking CXX shared library libtello_msgs__rosidl_typesupport_c.so[0m
[ 80%] Built target tello_msgs__rosidl_typesupport_c
[35m[1mScanning dependencies of target tello_msgs[0m
[ 80%] Built target tello_msgs
[35m[1mScanning dependencies of target tello_msgs__py[0m
[ 82%] [34m[1mGenerating Python code for ROS interfaces[0m
[ 82%] Built target tello_msgs__py
[35m[1mScanning dependencies of target tello_msgs__python[0m
[ 84%] [32mBuilding C object CMakeFiles/tello_msgs__python.dir/rosidl_generator_py/tello_msgs/msg/_tello_response_s.c.o[0m
[ 86%] [32mBuilding C object CMakeFiles/tello_msgs__python.dir/rosidl_generator_py/tello_msgs/msg/_flight_data_s.c.o[0m
[ 88%] [32mBuilding C object CMakeFiles/tello_msgs__python.dir/rosidl_generator_py/tello_msgs/srv/_tello_action_s.c.o[0m
[ 91%] [32m[1mLinking C shared library rosidl_generator_py/tello_msgs/libtello_msgs__python.so[0m
[ 91%] Built target tello_msgs__python
[35m[1mScanning dependencies of target tello_msgs__rosidl_typesupport_c__pyext[0m
[35m[1mScanning dependencies of target tello_msgs__rosidl_typesupport_fastrtps_c__pyext[0m
[ 93%] [32mBuilding C object CMakeFiles/tello_msgs__rosidl_typesupport_c__pyext.dir/rosidl_generator_py/tello_msgs/_tello_msgs_s.ep.rosidl_typesupport_c.c.o[0m
[ 95%] [32mBuilding C object CMakeFiles/tello_msgs__rosidl_typesupport_fastrtps_c__pyext.dir/rosidl_generator_py/tello_msgs/_tello_msgs_s.ep.rosidl_typesupport_fastrtps_c.c.o[0m
[ 97%] [32m[1mLinking C shared library rosidl_generator_py/tello_msgs/tello_msgs_s__rosidl_typesupport_fastrtps_c.cpython-36m-x86_64-linux-gnu.so[0m
[100%] [32m[1mLinking C shared library rosidl_generator_py/tello_msgs/tello_msgs_s__rosidl_typesupport_c.cpython-36m-x86_64-linux-gnu.so[0m
[100%] Built target tello_msgs__rosidl_typesupport_fastrtps_c__pyext
[100%] Built target tello_msgs__rosidl_typesupport_c__pyext
-- Install configuration: ""
-- Installing: /home/wuray/tello_ros_ws/install/tello_msgs/share/ament_index/resource_index/rosidl_interfaces/tello_msgs
-- Installing: /home/wuray/tello_ros_ws/install/tello_msgs/lib/libtello_msgs__rosidl_typesupport_c.so
-- Set runtime path of "/home/wuray/tello_ros_ws/install/tello_msgs/lib/libtello_msgs__rosidl_typesupport_c.so" to ""
-- Installing: /home/wuray/tello_ros_ws/install/tello_msgs/share/tello_msgs/environment/library_path.sh
-- Installing: /home/wuray/tello_ros_ws/install/tello_msgs/lib/libtello_msgs__rosidl_typesupport_cpp.so
-- Set runtime path of "/home/wuray/tello_ros_ws/install/tello_msgs/lib/libtello_msgs__rosidl_typesupport_cpp.so" to ""
-- Installing: /home/wuray/tello_ros_ws/install/tello_msgs/include/tello_msgs
-- Installing: /home/wuray/tello_ros_ws/install/tello_msgs/include/tello_msgs/srv
-- Installing: /home/wuray/tello_ros_ws/install/tello_msgs/include/tello_msgs/srv/tello_action__rosidl_typesupport_fastrtps_c.h
-- Installing: /home/wuray/tello_ros_ws/install/tello_msgs/include/tello_msgs/msg
-- Installing: /home/wuray/tello_ros_ws/install/tello_msgs/include/tello_msgs/msg/rosidl_typesupport_fastrtps_c__visibility_control.h
-- Installing: /home/wuray/tello_ros_ws/install/tello_msgs/include/tello_msgs/msg/flight_data__rosidl_typesupport_fastrtps_c.h
-- Installing: /home/wuray/tello_ros_ws/install/tello_msgs/include/tello_msgs/msg/tello_response__rosidl_typesupport_fastrtps_c.h
-- Installing: /home/wuray/tello_ros_ws/install/tello_msgs/lib/libtello_msgs__rosidl_typesupport_fastrtps_c.so
-- Set runtime path of "/home/wuray/tello_ros_ws/install/tello_msgs/lib/libtello_msgs__rosidl_typesupport_fastrtps_c.so" to ""
-- Up-to-date: /home/wuray/tello_ros_ws/install/tello_msgs/include/tello_msgs
-- Up-to-date: /home/wuray/tello_ros_ws/install/tello_msgs/include/tello_msgs/srv
-- Installing: /home/wuray/tello_ros_ws/install/tello_msgs/include/tello_msgs/srv/tello_action.h
-- Installing: /home/wuray/tello_ros_ws/install/tello_msgs/include/tello_msgs/srv/tello_action__functions.h
-- Installing: /home/wuray/tello_ros_ws/install/tello_msgs/include/tello_msgs/srv/tello_action__functions.c
-- Installing: /home/wuray/tello_ros_ws/install/tello_msgs/include/tello_msgs/srv/tello_action__type_support.h
-- Installing: /home/wuray/tello_ros_ws/install/tello_msgs/include/tello_msgs/srv/tello_action__struct.h
-- Up-to-date: /home/wuray/tello_ros_ws/install/tello_msgs/include/tello_msgs/msg
-- Installing: /home/wuray/tello_ros_ws/install/tello_msgs/include/tello_msgs/msg/tello_response__struct.h
-- Installing: /home/wuray/tello_ros_ws/install/tello_msgs/include/tello_msgs/msg/flight_data.h
-- Installing: /home/wuray/tello_ros_ws/install/tello_msgs/include/tello_msgs/msg/tello_response__type_support.h
-- Installing: /home/wuray/tello_ros_ws/install/tello_msgs/include/tello_msgs/msg/tello_response__functions.c
-- Installing: /home/wuray/tello_ros_ws/install/tello_msgs/include/tello_msgs/msg/flight_data__functions.c
-- Installing: /home/wuray/tello_ros_ws/install/tello_msgs/include/tello_msgs/msg/flight_data__type_support.h
-- Installing: /home/wuray/tello_ros_ws/install/tello_msgs/include/tello_msgs/msg/flight_data__functions.h
-- Installing: /home/wuray/tello_ros_ws/install/tello_msgs/include/tello_msgs/msg/rosidl_generator_c__visibility_control.h
-- Installing: /home/wuray/tello_ros_ws/install/tello_msgs/include/tello_msgs/msg/tello_response.h
-- Installing: /home/wuray/tello_ros_ws/install/tello_msgs/include/tello_msgs/msg/flight_data__struct.h
-- Installing: /home/wuray/tello_ros_ws/install/tello_msgs/include/tello_msgs/msg/tello_response__functions.h
-- Installing: /home/wuray/tello_ros_ws/install/tello_msgs/lib/libtello_msgs__rosidl_generator_c.so
-- Set runtime path of "/home/wuray/tello_ros_ws/install/tello_msgs/lib/libtello_msgs__rosidl_generator_c.so" to ""
-- Up-to-date: /home/wuray/tello_ros_ws/install/tello_msgs/include/tello_msgs
-- Up-to-date: /home/wuray/tello_ros_ws/install/tello_msgs/include/tello_msgs/srv
-- Installing: /home/wuray/tello_ros_ws/install/tello_msgs/include/tello_msgs/srv/tello_action__rosidl_typesupport_fastrtps_cpp.hpp
-- Installing: /home/wuray/tello_ros_ws/install/tello_msgs/include/tello_msgs/srv/dds_fastrtps
-- Up-to-date: /home/wuray/tello_ros_ws/install/tello_msgs/include/tello_msgs/msg
-- Installing: /home/wuray/tello_ros_ws/install/tello_msgs/include/tello_msgs/msg/tello_response__rosidl_typesupport_fastrtps_cpp.hpp
-- Installing: /home/wuray/tello_ros_ws/install/tello_msgs/include/tello_msgs/msg/dds_fastrtps
-- Installing: /home/wuray/tello_ros_ws/install/tello_msgs/include/tello_msgs/msg/flight_data__rosidl_typesupport_fastrtps_cpp.hpp
-- Installing: /home/wuray/tello_ros_ws/install/tello_msgs/include/tello_msgs/msg/rosidl_typesupport_fastrtps_cpp__visibility_control.h
-- Installing: /home/wuray/tello_ros_ws/install/tello_msgs/lib/libtello_msgs__rosidl_typesupport_fastrtps_cpp.so
-- Set runtime path of "/home/wuray/tello_ros_ws/install/tello_msgs/lib/libtello_msgs__rosidl_typesupport_fastrtps_cpp.so" to ""
-- Up-to-date: /home/wuray/tello_ros_ws/install/tello_msgs/include/tello_msgs
-- Up-to-date: /home/wuray/tello_ros_ws/install/tello_msgs/include/tello_msgs/srv
-- Installing: /home/wuray/tello_ros_ws/install/tello_msgs/include/tello_msgs/srv/tello_action__traits.hpp
-- Installing: /home/wuray/tello_ros_ws/install/tello_msgs/include/tello_msgs/srv/tello_action__struct.hpp
-- Installing: /home/wuray/tello_ros_ws/install/tello_msgs/include/tello_msgs/srv/tello_action.hpp
-- Up-to-date: /home/wuray/tello_ros_ws/install/tello_msgs/include/tello_msgs/msg
-- Installing: /home/wuray/tello_ros_ws/install/tello_msgs/include/tello_msgs/msg/tello_response.hpp
-- Installing: /home/wuray/tello_ros_ws/install/tello_msgs/include/tello_msgs/msg/tello_response__traits.hpp
-- Installing: /home/wuray/tello_ros_ws/install/tello_msgs/include/tello_msgs/msg/flight_data__struct.hpp
-- Installing: /home/wuray/tello_ros_ws/install/tello_msgs/include/tello_msgs/msg/flight_data.hpp
-- Installing: /home/wuray/tello_ros_ws/install/tello_msgs/include/tello_msgs/msg/flight_data__traits.hpp
-- Installing: /home/wuray/tello_ros_ws/install/tello_msgs/include/tello_msgs/msg/tello_response__struct.hpp
-- Up-to-date: /home/wuray/tello_ros_ws/install/tello_msgs/include/tello_msgs
-- Up-to-date: /home/wuray/tello_ros_ws/install/tello_msgs/include/tello_msgs/srv
-- Installing: /home/wuray/tello_ros_ws/install/tello_msgs/include/tello_msgs/srv/tello_action__type_support.c
-- Installing: /home/wuray/tello_ros_ws/install/tello_msgs/include/tello_msgs/srv/tello_action__rosidl_typesupport_introspection_c.h
-- Up-to-date: /home/wuray/tello_ros_ws/install/tello_msgs/include/tello_msgs/msg
-- Installing: /home/wuray/tello_ros_ws/install/tello_msgs/include/tello_msgs/msg/rosidl_typesupport_introspection_c__visibility_control.h
-- Installing: /home/wuray/tello_ros_ws/install/tello_msgs/include/tello_msgs/msg/flight_data__type_support.c
-- Installing: /home/wuray/tello_ros_ws/install/tello_msgs/include/tello_msgs/msg/tello_response__type_support.c
-- Installing: /home/wuray/tello_ros_ws/install/tello_msgs/include/tello_msgs/msg/flight_data__rosidl_typesupport_introspection_c.h
-- Installing: /home/wuray/tello_ros_ws/install/tello_msgs/include/tello_msgs/msg/tello_response__rosidl_typesupport_introspection_c.h
-- Installing: /home/wuray/tello_ros_ws/install/tello_msgs/lib/libtello_msgs__rosidl_typesupport_introspection_c.so
-- Set runtime path of "/home/wuray/tello_ros_ws/install/tello_msgs/lib/libtello_msgs__rosidl_typesupport_introspection_c.so" to ""
-- Up-to-date: /home/wuray/tello_ros_ws/install/tello_msgs/include/tello_msgs
-- Up-to-date: /home/wuray/tello_ros_ws/install/tello_msgs/include/tello_msgs/srv
-- Installing: /home/wuray/tello_ros_ws/install/tello_msgs/include/tello_msgs/srv/tello_action__rosidl_typesupport_introspection_cpp.hpp
-- Installing: /home/wuray/tello_ros_ws/install/tello_msgs/include/tello_msgs/srv/tello_action__type_support.cpp
-- Up-to-date: /home/wuray/tello_ros_ws/install/tello_msgs/include/tello_msgs/msg
-- Installing: /home/wuray/tello_ros_ws/install/tello_msgs/include/tello_msgs/msg/tello_response__rosidl_typesupport_introspection_cpp.hpp
-- Installing: /home/wuray/tello_ros_ws/install/tello_msgs/include/tello_msgs/msg/tello_response__type_support.cpp
-- Installing: /home/wuray/tello_ros_ws/install/tello_msgs/include/tello_msgs/msg/flight_data__type_support.cpp
-- Installing: /home/wuray/tello_ros_ws/install/tello_msgs/include/tello_msgs/msg/flight_data__rosidl_typesupport_introspection_cpp.hpp
-- Installing: /home/wuray/tello_ros_ws/install/tello_msgs/lib/libtello_msgs__rosidl_typesupport_introspection_cpp.so
-- Set runtime path of "/home/wuray/tello_ros_ws/install/tello_msgs/lib/libtello_msgs__rosidl_typesupport_introspection_cpp.so" to ""
-- Installing: /home/wuray/tello_ros_ws/install/tello_msgs/share/tello_msgs/environment/pythonpath.sh
-- Installing: /home/wuray/tello_ros_ws/install/tello_msgs/lib/python3.6/site-packages/tello_msgs/__init__.py
Compiling '/home/wuray/tello_ros_ws/install/tello_msgs/lib/python3.6/site-packages/tello_msgs/__init__.py'...
-- Installing: /home/wuray/tello_ros_ws/install/tello_msgs/lib/python3.6/site-packages/tello_msgs/msg
-- Installing: /home/wuray/tello_ros_ws/install/tello_msgs/lib/python3.6/site-packages/tello_msgs/msg/_tello_response.py
-- Installing: /home/wuray/tello_ros_ws/install/tello_msgs/lib/python3.6/site-packages/tello_msgs/msg/__init__.py
-- Installing: /home/wuray/tello_ros_ws/install/tello_msgs/lib/python3.6/site-packages/tello_msgs/msg/_tello_response_s.c
-- Installing: /home/wuray/tello_ros_ws/install/tello_msgs/lib/python3.6/site-packages/tello_msgs/msg/_flight_data_s.c
-- Installing: /home/wuray/tello_ros_ws/install/tello_msgs/lib/python3.6/site-packages/tello_msgs/msg/_flight_data.py
-- Installing: /home/wuray/tello_ros_ws/install/tello_msgs/lib/python3.6/site-packages/tello_msgs/srv
-- Installing: /home/wuray/tello_ros_ws/install/tello_msgs/lib/python3.6/site-packages/tello_msgs/srv/_tello_action_s.c
-- Installing: /home/wuray/tello_ros_ws/install/tello_msgs/lib/python3.6/site-packages/tello_msgs/srv/__init__.py
-- Installing: /home/wuray/tello_ros_ws/install/tello_msgs/lib/python3.6/site-packages/tello_msgs/srv/_tello_action.py
-- Installing: /home/wuray/tello_ros_ws/install/tello_msgs/lib/python3.6/site-packages/tello_msgs/tello_msgs_s__rosidl_typesupport_c.cpython-36m-x86_64-linux-gnu.so
-- Set runtime path of "/home/wuray/tello_ros_ws/install/tello_msgs/lib/python3.6/site-packages/tello_msgs/tello_msgs_s__rosidl_typesupport_c.cpython-36m-x86_64-linux-gnu.so" to ""
-- Installing: /home/wuray/tello_ros_ws/install/tello_msgs/lib/python3.6/site-packages/tello_msgs/tello_msgs_s__rosidl_typesupport_fastrtps_c.cpython-36m-x86_64-linux-gnu.so
-- Set runtime path of "/home/wuray/tello_ros_ws/install/tello_msgs/lib/python3.6/site-packages/tello_msgs/tello_msgs_s__rosidl_typesupport_fastrtps_c.cpython-36m-x86_64-linux-gnu.so" to ""
-- Installing: /home/wuray/tello_ros_ws/install/tello_msgs/lib/libtello_msgs__python.so
-- Set runtime path of "/home/wuray/tello_ros_ws/install/tello_msgs/lib/libtello_msgs__python.so" to ""
-- Installing: /home/wuray/tello_ros_ws/install/tello_msgs/share/tello_msgs/msg/FlightData.idl
-- Installing: /home/wuray/tello_ros_ws/install/tello_msgs/share/tello_msgs/msg/TelloResponse.idl
-- Installing: /home/wuray/tello_ros_ws/install/tello_msgs/share/tello_msgs/srv/TelloAction.idl
-- Installing: /home/wuray/tello_ros_ws/install/tello_msgs/share/tello_msgs/msg/FlightData.msg
-- Installing: /home/wuray/tello_ros_ws/install/tello_msgs/share/tello_msgs/msg/TelloResponse.msg
-- Installing: /home/wuray/tello_ros_ws/install/tello_msgs/share/tello_msgs/srv/TelloAction.srv
-- Installing: /home/wuray/tello_ros_ws/install/tello_msgs/share/tello_msgs/srv/TelloAction_Request.msg
-- Installing: /home/wuray/tello_ros_ws/install/tello_msgs/share/tello_msgs/srv/TelloAction_Response.msg
-- Installing: /home/wuray/tello_ros_ws/install/tello_msgs/share/ament_index/resource_index/package_run_dependencies/tello_msgs
-- Installing: /home/wuray/tello_ros_ws/install/tello_msgs/share/ament_index/resource_index/parent_prefix_path/tello_msgs
-- Installing: /home/wuray/tello_ros_ws/install/tello_msgs/share/tello_msgs/environment/ament_prefix_path.sh
-- Installing: /home/wuray/tello_ros_ws/install/tello_msgs/share/tello_msgs/environment/path.sh
-- Installing: /home/wuray/tello_ros_ws/install/tello_msgs/share/tello_msgs/local_setup.bash
-- Installing: /home/wuray/tello_ros_ws/install/tello_msgs/share/tello_msgs/local_setup.sh
-- Installing: /home/wuray/tello_ros_ws/install/tello_msgs/share/tello_msgs/local_setup.zsh
-- Installing: /home/wuray/tello_ros_ws/install/tello_msgs/share/ament_index/resource_index/packages/tello_msgs
-- Installing: /home/wuray/tello_ros_ws/install/tello_msgs/share/tello_msgs/cmake/rosidl_cmake-extras.cmake
-- Installing: /home/wuray/tello_ros_ws/install/tello_msgs/share/tello_msgs/cmake/ament_cmake_export_dependencies-extras.cmake
-- Installing: /home/wuray/tello_ros_ws/install/tello_msgs/share/tello_msgs/cmake/ament_cmake_export_libraries-extras.cmake
-- Installing: /home/wuray/tello_ros_ws/install/tello_msgs/share/tello_msgs/cmake/ament_cmake_export_include_directories-extras.cmake
-- Installing: /home/wuray/tello_ros_ws/install/tello_msgs/share/tello_msgs/cmake/tello_msgsConfig.cmake
-- Installing: /home/wuray/tello_ros_ws/install/tello_msgs/share/tello_msgs/cmake/tello_msgsConfig-version.cmake
-- Installing: /home/wuray/tello_ros_ws/install/tello_msgs/share/tello_msgs/package.xml
