[0.030s] Invoking command in '/home/wuray/tello_ros_ws/build/tello_driver': AMENT_PREFIX_PATH=/home/wuray/tello_ros_ws/install/tello_msgs:/home/wuray/tello_ros_ws/install/ros2_shared:${AMENT_PREFIX_PATH} CMAKE_PREFIX_PATH=/home/wuray/tello_ros_ws/install/tello_msgs:/home/wuray/tello_ros_ws/install/ros2_shared:/opt/ros/dashing:${CMAKE_PREFIX_PATH} LD_LIBRARY_PATH=/home/wuray/tello_ros_ws/install/tello_msgs/lib:${LD_LIBRARY_PATH} PYTHONPATH=/home/wuray/tello_ros_ws/install/tello_msgs/lib/python3.6/site-packages:${PYTHONPATH} /usr/local/bin/cmake --build /home/wuray/tello_ros_ws/build/tello_driver -- -j4 -l4
[0.092s] [  9%] Built target tello_emulator
[0.110s] [ 18%] Built target tello_joy_node
[0.115s] [ 54%] Built target tello_driver_main
[0.117s] [ 86%] Built target tello_driver_node
[0.124s] [100%] Built target tello_joy_main
[0.131s] Invoked command in '/home/wuray/tello_ros_ws/build/tello_driver' returned '0': AMENT_PREFIX_PATH=/home/wuray/tello_ros_ws/install/tello_msgs:/home/wuray/tello_ros_ws/install/ros2_shared:${AMENT_PREFIX_PATH} CMAKE_PREFIX_PATH=/home/wuray/tello_ros_ws/install/tello_msgs:/home/wuray/tello_ros_ws/install/ros2_shared:/opt/ros/dashing:${CMAKE_PREFIX_PATH} LD_LIBRARY_PATH=/home/wuray/tello_ros_ws/install/tello_msgs/lib:${LD_LIBRARY_PATH} PYTHONPATH=/home/wuray/tello_ros_ws/install/tello_msgs/lib/python3.6/site-packages:${PYTHONPATH} /usr/local/bin/cmake --build /home/wuray/tello_ros_ws/build/tello_driver -- -j4 -l4
[0.213s] Invoking command in '/home/wuray/tello_ros_ws/build/tello_driver': AMENT_PREFIX_PATH=/home/wuray/tello_ros_ws/install/tello_msgs:/home/wuray/tello_ros_ws/install/ros2_shared:${AMENT_PREFIX_PATH} CMAKE_PREFIX_PATH=/home/wuray/tello_ros_ws/install/tello_msgs:/home/wuray/tello_ros_ws/install/ros2_shared:/opt/ros/dashing:${CMAKE_PREFIX_PATH} LD_LIBRARY_PATH=/home/wuray/tello_ros_ws/install/tello_msgs/lib:${LD_LIBRARY_PATH} PYTHONPATH=/home/wuray/tello_ros_ws/install/tello_msgs/lib/python3.6/site-packages:${PYTHONPATH} /usr/local/bin/cmake --install /home/wuray/tello_ros_ws/build/tello_driver
[0.219s] -- Install configuration: ""
[0.219s] -- Up-to-date: /home/wuray/tello_ros_ws/install/tello_driver/share/tello_driver/environment/library_path.sh
[0.219s] -- Up-to-date: /home/wuray/tello_ros_ws/install/tello_driver/lib/libtello_driver_node.so
[0.220s] -- Up-to-date: /home/wuray/tello_ros_ws/install/tello_driver/lib/libtello_joy_node.so
[0.220s] -- Up-to-date: /home/wuray/tello_ros_ws/install/tello_driver/lib/tello_driver/tello_driver_main
[0.221s] -- Up-to-date: /home/wuray/tello_ros_ws/install/tello_driver/lib/tello_driver/tello_joy_main
[0.221s] -- Up-to-date: /home/wuray/tello_ros_ws/install/tello_driver/lib/tello_driver/tello_emulator
[0.222s] -- Up-to-date: /home/wuray/tello_ros_ws/install/tello_driver/share/tello_driver/cfg
[0.222s] -- Up-to-date: /home/wuray/tello_ros_ws/install/tello_driver/share/tello_driver/cfg/camera_info.yaml
[0.222s] -- Up-to-date: /home/wuray/tello_ros_ws/install/tello_driver/share/tello_driver/launch
[0.224s] -- Up-to-date: /home/wuray/tello_ros_ws/install/tello_driver/share/tello_driver/launch/emulator_launch.py
[0.224s] -- Up-to-date: /home/wuray/tello_ros_ws/install/tello_driver/share/tello_driver/launch/teleop_launch.py
[0.225s] -- Up-to-date: /home/wuray/tello_ros_ws/install/tello_driver/share/tello_driver/launch/emulators_launch.py
[0.225s] -- Up-to-date: /home/wuray/tello_ros_ws/install/tello_driver/share/ament_index/resource_index/package_run_dependencies/tello_driver
[0.228s] -- Up-to-date: /home/wuray/tello_ros_ws/install/tello_driver/share/ament_index/resource_index/parent_prefix_path/tello_driver
[0.229s] -- Up-to-date: /home/wuray/tello_ros_ws/install/tello_driver/share/tello_driver/environment/ament_prefix_path.sh
[0.229s] -- Up-to-date: /home/wuray/tello_ros_ws/install/tello_driver/share/tello_driver/environment/path.sh
[0.229s] -- Up-to-date: /home/wuray/tello_ros_ws/install/tello_driver/share/tello_driver/local_setup.bash
[0.229s] -- Up-to-date: /home/wuray/tello_ros_ws/install/tello_driver/share/tello_driver/local_setup.sh
[0.229s] -- Up-to-date: /home/wuray/tello_ros_ws/install/tello_driver/share/tello_driver/local_setup.zsh
[0.230s] -- Up-to-date: /home/wuray/tello_ros_ws/install/tello_driver/share/ament_index/resource_index/packages/tello_driver
[0.230s] -- Up-to-date: /home/wuray/tello_ros_ws/install/tello_driver/share/ament_index/resource_index/rclcpp_components/tello_driver
[0.231s] -- Up-to-date: /home/wuray/tello_ros_ws/install/tello_driver/share/tello_driver/cmake/tello_driverConfig.cmake
[0.231s] -- Up-to-date: /home/wuray/tello_ros_ws/install/tello_driver/share/tello_driver/cmake/tello_driverConfig-version.cmake
[0.231s] -- Up-to-date: /home/wuray/tello_ros_ws/install/tello_driver/share/tello_driver/package.xml
[0.232s] Invoked command in '/home/wuray/tello_ros_ws/build/tello_driver' returned '0': AMENT_PREFIX_PATH=/home/wuray/tello_ros_ws/install/tello_msgs:/home/wuray/tello_ros_ws/install/ros2_shared:${AMENT_PREFIX_PATH} CMAKE_PREFIX_PATH=/home/wuray/tello_ros_ws/install/tello_msgs:/home/wuray/tello_ros_ws/install/ros2_shared:/opt/ros/dashing:${CMAKE_PREFIX_PATH} LD_LIBRARY_PATH=/home/wuray/tello_ros_ws/install/tello_msgs/lib:${LD_LIBRARY_PATH} PYTHONPATH=/home/wuray/tello_ros_ws/install/tello_msgs/lib/python3.6/site-packages:${PYTHONPATH} /usr/local/bin/cmake --install /home/wuray/tello_ros_ws/build/tello_driver
