[0.248s] DEBUG:colcon:Command line arguments: ['/usr/bin/colcon', 'build', '--event-handlers', 'console_direct+', '--packages-skip', 'tello_gazebo']
[0.248s] DEBUG:colcon:Parsed command line arguments: Namespace(ament_cmake_args=None, base_paths=['.'], build_base='build', catkin_cmake_args=None, catkin_skip_building_tests=False, cmake_args=None, cmake_clean_cache=False, cmake_clean_first=False, cmake_force_configure=False, cmake_target=None, cmake_target_skip_unavailable=False, continue_on_error=False, event_handlers=['console_direct+'], executor='parallel', ignore_user_meta=False, install_base='install', log_base=None, log_level=None, main=<bound method BuildVerb.main of <colcon_core.verb.build.BuildVerb object at 0x7f23848485c0>>, merge_install=False, metas=['./colcon.meta'], packages_above=None, packages_above_and_dependencies=None, packages_above_depth=None, packages_end=None, packages_ignore=None, packages_ignore_regex=None, packages_select=None, packages_select_build_failed=False, packages_select_by_dep=None, packages_select_regex=None, packages_select_test_failures=False, packages_skip=['tello_gazebo'], packages_skip_build_finished=False, packages_skip_by_dep=None, packages_skip_regex=None, packages_skip_test_passed=False, packages_skip_up_to=None, packages_start=None, packages_up_to=None, packages_up_to_regex=None, parallel_workers=4, paths=None, symlink_install=False, test_result_base=None, verb_extension=<colcon_core.verb.build.BuildVerb object at 0x7f23848485c0>, verb_name='build', verb_parser=<colcon_defaults.argument_parser.defaults.DefaultArgumentsDecorator object at 0x7f2384848828>)
[0.257s] Level 1:colcon.colcon_core.package_discovery:discover_packages(colcon_meta) check parameters
[0.257s] Level 1:colcon.colcon_core.package_discovery:discover_packages(recursive) check parameters
[0.258s] Level 1:colcon.colcon_core.package_discovery:discover_packages(ignore) check parameters
[0.258s] Level 1:colcon.colcon_core.package_discovery:discover_packages(path) check parameters
[0.258s] Level 1:colcon.colcon_core.package_discovery:discover_packages(colcon_meta) discover
[0.258s] Level 1:colcon.colcon_core.package_discovery:discover_packages(recursive) discover
[0.258s] INFO:colcon.colcon_core.package_discovery:Crawling recursively for packages in '/home/wuray/tello_ros_ws'
[0.258s] Level 1:colcon.colcon_core.package_identification:_identify(.) by extensions ['ignore', 'ignore_ament_install']
[0.258s] Level 1:colcon.colcon_core.package_identification:_identify(.) by extension 'ignore'
[0.258s] Level 1:colcon.colcon_core.package_identification:_identify(.) by extension 'ignore_ament_install'
[0.258s] Level 1:colcon.colcon_core.package_identification:_identify(.) by extensions ['colcon_pkg']
[0.258s] Level 1:colcon.colcon_core.package_identification:_identify(.) by extension 'colcon_pkg'
[0.259s] Level 1:colcon.colcon_core.package_identification:_identify(.) by extensions ['colcon_meta']
[0.259s] Level 1:colcon.colcon_core.package_identification:_identify(.) by extension 'colcon_meta'
[0.259s] Level 1:colcon.colcon_core.package_identification:_identify(.) by extensions ['ros']
[0.259s] Level 1:colcon.colcon_core.package_identification:_identify(.) by extension 'ros'
[0.275s] Level 1:colcon.colcon_core.package_identification:_identify(.) by extensions ['cmake', 'python']
[0.276s] Level 1:colcon.colcon_core.package_identification:_identify(.) by extension 'cmake'
[0.276s] Level 1:colcon.colcon_core.package_identification:_identify(.) by extension 'python'
[0.276s] Level 1:colcon.colcon_core.package_identification:_identify(.) by extensions ['python_setup_py']
[0.276s] Level 1:colcon.colcon_core.package_identification:_identify(.) by extension 'python_setup_py'
[0.276s] Level 1:colcon.colcon_core.package_identification:_identify(build) by extensions ['ignore', 'ignore_ament_install']
[0.276s] Level 1:colcon.colcon_core.package_identification:_identify(build) by extension 'ignore'
[0.276s] Level 1:colcon.colcon_core.package_identification:_identify(build) ignored
[0.277s] Level 1:colcon.colcon_core.package_identification:_identify(install) by extensions ['ignore', 'ignore_ament_install']
[0.277s] Level 1:colcon.colcon_core.package_identification:_identify(install) by extension 'ignore'
[0.277s] Level 1:colcon.colcon_core.package_identification:_identify(install) ignored
[0.277s] Level 1:colcon.colcon_core.package_identification:_identify(log) by extensions ['ignore', 'ignore_ament_install']
[0.277s] Level 1:colcon.colcon_core.package_identification:_identify(log) by extension 'ignore'
[0.277s] Level 1:colcon.colcon_core.package_identification:_identify(log) ignored
[0.277s] Level 1:colcon.colcon_core.package_identification:_identify(src) by extensions ['ignore', 'ignore_ament_install']
[0.277s] Level 1:colcon.colcon_core.package_identification:_identify(src) by extension 'ignore'
[0.277s] Level 1:colcon.colcon_core.package_identification:_identify(src) by extension 'ignore_ament_install'
[0.278s] Level 1:colcon.colcon_core.package_identification:_identify(src) by extensions ['colcon_pkg']
[0.278s] Level 1:colcon.colcon_core.package_identification:_identify(src) by extension 'colcon_pkg'
[0.278s] Level 1:colcon.colcon_core.package_identification:_identify(src) by extensions ['colcon_meta']
[0.278s] Level 1:colcon.colcon_core.package_identification:_identify(src) by extension 'colcon_meta'
[0.278s] Level 1:colcon.colcon_core.package_identification:_identify(src) by extensions ['ros']
[0.278s] Level 1:colcon.colcon_core.package_identification:_identify(src) by extension 'ros'
[0.278s] Level 1:colcon.colcon_core.package_identification:_identify(src) by extensions ['cmake', 'python']
[0.278s] Level 1:colcon.colcon_core.package_identification:_identify(src) by extension 'cmake'
[0.278s] Level 1:colcon.colcon_core.package_identification:_identify(src) by extension 'python'
[0.278s] Level 1:colcon.colcon_core.package_identification:_identify(src) by extensions ['python_setup_py']
[0.278s] Level 1:colcon.colcon_core.package_identification:_identify(src) by extension 'python_setup_py'
[0.278s] Level 1:colcon.colcon_core.package_identification:_identify(src/ros2_shared) by extensions ['ignore', 'ignore_ament_install']
[0.278s] Level 1:colcon.colcon_core.package_identification:_identify(src/ros2_shared) by extension 'ignore'
[0.278s] Level 1:colcon.colcon_core.package_identification:_identify(src/ros2_shared) by extension 'ignore_ament_install'
[0.278s] Level 1:colcon.colcon_core.package_identification:_identify(src/ros2_shared) by extensions ['colcon_pkg']
[0.279s] Level 1:colcon.colcon_core.package_identification:_identify(src/ros2_shared) by extension 'colcon_pkg'
[0.279s] Level 1:colcon.colcon_core.package_identification:_identify(src/ros2_shared) by extensions ['colcon_meta']
[0.279s] Level 1:colcon.colcon_core.package_identification:_identify(src/ros2_shared) by extension 'colcon_meta'
[0.279s] Level 1:colcon.colcon_core.package_identification:_identify(src/ros2_shared) by extensions ['ros']
[0.279s] Level 1:colcon.colcon_core.package_identification:_identify(src/ros2_shared) by extension 'ros'
[0.282s] DEBUG:colcon.colcon_core.package_identification:Package 'src/ros2_shared' with type 'ros.ament_cmake' and name 'ros2_shared'
[0.282s] Level 1:colcon.colcon_core.package_identification:_identify(src/tello_ros) by extensions ['ignore', 'ignore_ament_install']
[0.282s] Level 1:colcon.colcon_core.package_identification:_identify(src/tello_ros) by extension 'ignore'
[0.282s] Level 1:colcon.colcon_core.package_identification:_identify(src/tello_ros) by extension 'ignore_ament_install'
[0.282s] Level 1:colcon.colcon_core.package_identification:_identify(src/tello_ros) by extensions ['colcon_pkg']
[0.282s] Level 1:colcon.colcon_core.package_identification:_identify(src/tello_ros) by extension 'colcon_pkg'
[0.282s] Level 1:colcon.colcon_core.package_identification:_identify(src/tello_ros) by extensions ['colcon_meta']
[0.282s] Level 1:colcon.colcon_core.package_identification:_identify(src/tello_ros) by extension 'colcon_meta'
[0.282s] Level 1:colcon.colcon_core.package_identification:_identify(src/tello_ros) by extensions ['ros']
[0.282s] Level 1:colcon.colcon_core.package_identification:_identify(src/tello_ros) by extension 'ros'
[0.282s] Level 1:colcon.colcon_core.package_identification:_identify(src/tello_ros) by extensions ['cmake', 'python']
[0.282s] Level 1:colcon.colcon_core.package_identification:_identify(src/tello_ros) by extension 'cmake'
[0.283s] Level 1:colcon.colcon_core.package_identification:_identify(src/tello_ros) by extension 'python'
[0.283s] Level 1:colcon.colcon_core.package_identification:_identify(src/tello_ros) by extensions ['python_setup_py']
[0.283s] Level 1:colcon.colcon_core.package_identification:_identify(src/tello_ros) by extension 'python_setup_py'
[0.283s] Level 1:colcon.colcon_core.package_identification:_identify(src/tello_ros/tello_description) by extensions ['ignore', 'ignore_ament_install']
[0.283s] Level 1:colcon.colcon_core.package_identification:_identify(src/tello_ros/tello_description) by extension 'ignore'
[0.283s] Level 1:colcon.colcon_core.package_identification:_identify(src/tello_ros/tello_description) by extension 'ignore_ament_install'
[0.283s] Level 1:colcon.colcon_core.package_identification:_identify(src/tello_ros/tello_description) by extensions ['colcon_pkg']
[0.283s] Level 1:colcon.colcon_core.package_identification:_identify(src/tello_ros/tello_description) by extension 'colcon_pkg'
[0.283s] Level 1:colcon.colcon_core.package_identification:_identify(src/tello_ros/tello_description) by extensions ['colcon_meta']
[0.283s] Level 1:colcon.colcon_core.package_identification:_identify(src/tello_ros/tello_description) by extension 'colcon_meta'
[0.283s] Level 1:colcon.colcon_core.package_identification:_identify(src/tello_ros/tello_description) by extensions ['ros']
[0.283s] Level 1:colcon.colcon_core.package_identification:_identify(src/tello_ros/tello_description) by extension 'ros'
[0.284s] DEBUG:colcon.colcon_core.package_identification:Package 'src/tello_ros/tello_description' with type 'ros.ament_cmake' and name 'tello_description'
[0.285s] Level 1:colcon.colcon_core.package_identification:_identify(src/tello_ros/tello_driver) by extensions ['ignore', 'ignore_ament_install']
[0.285s] Level 1:colcon.colcon_core.package_identification:_identify(src/tello_ros/tello_driver) by extension 'ignore'
[0.285s] Level 1:colcon.colcon_core.package_identification:_identify(src/tello_ros/tello_driver) by extension 'ignore_ament_install'
[0.285s] Level 1:colcon.colcon_core.package_identification:_identify(src/tello_ros/tello_driver) by extensions ['colcon_pkg']
[0.285s] Level 1:colcon.colcon_core.package_identification:_identify(src/tello_ros/tello_driver) by extension 'colcon_pkg'
[0.285s] Level 1:colcon.colcon_core.package_identification:_identify(src/tello_ros/tello_driver) by extensions ['colcon_meta']
[0.285s] Level 1:colcon.colcon_core.package_identification:_identify(src/tello_ros/tello_driver) by extension 'colcon_meta'
[0.285s] Level 1:colcon.colcon_core.package_identification:_identify(src/tello_ros/tello_driver) by extensions ['ros']
[0.285s] Level 1:colcon.colcon_core.package_identification:_identify(src/tello_ros/tello_driver) by extension 'ros'
[0.287s] DEBUG:colcon.colcon_core.package_identification:Package 'src/tello_ros/tello_driver' with type 'ros.ament_cmake' and name 'tello_driver'
[0.287s] Level 1:colcon.colcon_core.package_identification:_identify(src/tello_ros/tello_gazebo) by extensions ['ignore', 'ignore_ament_install']
[0.287s] Level 1:colcon.colcon_core.package_identification:_identify(src/tello_ros/tello_gazebo) by extension 'ignore'
[0.287s] Level 1:colcon.colcon_core.package_identification:_identify(src/tello_ros/tello_gazebo) by extension 'ignore_ament_install'
[0.287s] Level 1:colcon.colcon_core.package_identification:_identify(src/tello_ros/tello_gazebo) by extensions ['colcon_pkg']
[0.287s] Level 1:colcon.colcon_core.package_identification:_identify(src/tello_ros/tello_gazebo) by extension 'colcon_pkg'
[0.287s] Level 1:colcon.colcon_core.package_identification:_identify(src/tello_ros/tello_gazebo) by extensions ['colcon_meta']
[0.287s] Level 1:colcon.colcon_core.package_identification:_identify(src/tello_ros/tello_gazebo) by extension 'colcon_meta'
[0.287s] Level 1:colcon.colcon_core.package_identification:_identify(src/tello_ros/tello_gazebo) by extensions ['ros']
[0.287s] Level 1:colcon.colcon_core.package_identification:_identify(src/tello_ros/tello_gazebo) by extension 'ros'
[0.289s] DEBUG:colcon.colcon_core.package_identification:Package 'src/tello_ros/tello_gazebo' with type 'ros.ament_cmake' and name 'tello_gazebo'
[0.289s] Level 1:colcon.colcon_core.package_identification:_identify(src/tello_ros/tello_msgs) by extensions ['ignore', 'ignore_ament_install']
[0.289s] Level 1:colcon.colcon_core.package_identification:_identify(src/tello_ros/tello_msgs) by extension 'ignore'
[0.289s] Level 1:colcon.colcon_core.package_identification:_identify(src/tello_ros/tello_msgs) by extension 'ignore_ament_install'
[0.289s] Level 1:colcon.colcon_core.package_identification:_identify(src/tello_ros/tello_msgs) by extensions ['colcon_pkg']
[0.289s] Level 1:colcon.colcon_core.package_identification:_identify(src/tello_ros/tello_msgs) by extension 'colcon_pkg'
[0.289s] Level 1:colcon.colcon_core.package_identification:_identify(src/tello_ros/tello_msgs) by extensions ['colcon_meta']
[0.289s] Level 1:colcon.colcon_core.package_identification:_identify(src/tello_ros/tello_msgs) by extension 'colcon_meta'
[0.289s] Level 1:colcon.colcon_core.package_identification:_identify(src/tello_ros/tello_msgs) by extensions ['ros']
[0.289s] Level 1:colcon.colcon_core.package_identification:_identify(src/tello_ros/tello_msgs) by extension 'ros'
[0.290s] DEBUG:colcon.colcon_core.package_identification:Package 'src/tello_ros/tello_msgs' with type 'ros.ament_cmake' and name 'tello_msgs'
[0.290s] Level 1:colcon.colcon_core.package_discovery:discover_packages(recursive) using defaults
[0.290s] Level 1:colcon.colcon_core.package_discovery:discover_packages(ignore) discover
[0.290s] Level 1:colcon.colcon_core.package_discovery:discover_packages(ignore) using defaults
[0.291s] Level 1:colcon.colcon_core.package_discovery:discover_packages(path) discover
[0.291s] Level 1:colcon.colcon_core.package_discovery:discover_packages(path) using defaults
[0.321s] INFO:colcon.colcon_core.package_selection:Skipping package 'tello_gazebo' in 'src/tello_ros/tello_gazebo'
[0.325s] Level 5:colcon.colcon_core.verb:set package 'ros2_shared' build argument 'cmake_args' from command line to 'None'
[0.325s] Level 5:colcon.colcon_core.verb:set package 'ros2_shared' build argument 'cmake_target' from command line to 'None'
[0.326s] Level 5:colcon.colcon_core.verb:set package 'ros2_shared' build argument 'cmake_target_skip_unavailable' from command line to 'False'
[0.326s] Level 5:colcon.colcon_core.verb:set package 'ros2_shared' build argument 'cmake_clean_cache' from command line to 'False'
[0.326s] Level 5:colcon.colcon_core.verb:set package 'ros2_shared' build argument 'cmake_clean_first' from command line to 'False'
[0.326s] Level 5:colcon.colcon_core.verb:set package 'ros2_shared' build argument 'cmake_force_configure' from command line to 'False'
[0.326s] Level 5:colcon.colcon_core.verb:set package 'ros2_shared' build argument 'ament_cmake_args' from command line to 'None'
[0.326s] Level 5:colcon.colcon_core.verb:set package 'ros2_shared' build argument 'catkin_cmake_args' from command line to 'None'
[0.326s] Level 5:colcon.colcon_core.verb:set package 'ros2_shared' build argument 'catkin_skip_building_tests' from command line to 'False'
[0.326s] DEBUG:colcon.colcon_core.verb:Building package 'ros2_shared' with the following arguments: {'ament_cmake_args': None, 'build_base': '/home/wuray/tello_ros_ws/build/ros2_shared', 'catkin_cmake_args': None, 'catkin_skip_building_tests': False, 'cmake_args': None, 'cmake_clean_cache': False, 'cmake_clean_first': False, 'cmake_force_configure': False, 'cmake_target': None, 'cmake_target_skip_unavailable': False, 'install_base': '/home/wuray/tello_ros_ws/install/ros2_shared', 'merge_install': False, 'path': '/home/wuray/tello_ros_ws/src/ros2_shared', 'symlink_install': False, 'test_result_base': None}
[0.331s] Level 5:colcon.colcon_core.verb:set package 'tello_description' build argument 'cmake_args' from command line to 'None'
[0.331s] Level 5:colcon.colcon_core.verb:set package 'tello_description' build argument 'cmake_target' from command line to 'None'
[0.331s] Level 5:colcon.colcon_core.verb:set package 'tello_description' build argument 'cmake_target_skip_unavailable' from command line to 'False'
[0.331s] Level 5:colcon.colcon_core.verb:set package 'tello_description' build argument 'cmake_clean_cache' from command line to 'False'
[0.331s] Level 5:colcon.colcon_core.verb:set package 'tello_description' build argument 'cmake_clean_first' from command line to 'False'
[0.331s] Level 5:colcon.colcon_core.verb:set package 'tello_description' build argument 'cmake_force_configure' from command line to 'False'
[0.331s] Level 5:colcon.colcon_core.verb:set package 'tello_description' build argument 'ament_cmake_args' from command line to 'None'
[0.331s] Level 5:colcon.colcon_core.verb:set package 'tello_description' build argument 'catkin_cmake_args' from command line to 'None'
[0.331s] Level 5:colcon.colcon_core.verb:set package 'tello_description' build argument 'catkin_skip_building_tests' from command line to 'False'
[0.331s] DEBUG:colcon.colcon_core.verb:Building package 'tello_description' with the following arguments: {'ament_cmake_args': None, 'build_base': '/home/wuray/tello_ros_ws/build/tello_description', 'catkin_cmake_args': None, 'catkin_skip_building_tests': False, 'cmake_args': None, 'cmake_clean_cache': False, 'cmake_clean_first': False, 'cmake_force_configure': False, 'cmake_target': None, 'cmake_target_skip_unavailable': False, 'install_base': '/home/wuray/tello_ros_ws/install/tello_description', 'merge_install': False, 'path': '/home/wuray/tello_ros_ws/src/tello_ros/tello_description', 'symlink_install': False, 'test_result_base': None}
[0.346s] Level 5:colcon.colcon_core.verb:set package 'tello_msgs' build argument 'cmake_args' from command line to 'None'
[0.346s] Level 5:colcon.colcon_core.verb:set package 'tello_msgs' build argument 'cmake_target' from command line to 'None'
[0.346s] Level 5:colcon.colcon_core.verb:set package 'tello_msgs' build argument 'cmake_target_skip_unavailable' from command line to 'False'
[0.347s] Level 5:colcon.colcon_core.verb:set package 'tello_msgs' build argument 'cmake_clean_cache' from command line to 'False'
[0.347s] Level 5:colcon.colcon_core.verb:set package 'tello_msgs' build argument 'cmake_clean_first' from command line to 'False'
[0.347s] Level 5:colcon.colcon_core.verb:set package 'tello_msgs' build argument 'cmake_force_configure' from command line to 'False'
[0.347s] Level 5:colcon.colcon_core.verb:set package 'tello_msgs' build argument 'ament_cmake_args' from command line to 'None'
[0.347s] Level 5:colcon.colcon_core.verb:set package 'tello_msgs' build argument 'catkin_cmake_args' from command line to 'None'
[0.347s] Level 5:colcon.colcon_core.verb:set package 'tello_msgs' build argument 'catkin_skip_building_tests' from command line to 'False'
[0.347s] DEBUG:colcon.colcon_core.verb:Building package 'tello_msgs' with the following arguments: {'ament_cmake_args': None, 'build_base': '/home/wuray/tello_ros_ws/build/tello_msgs', 'catkin_cmake_args': None, 'catkin_skip_building_tests': False, 'cmake_args': None, 'cmake_clean_cache': False, 'cmake_clean_first': False, 'cmake_force_configure': False, 'cmake_target': None, 'cmake_target_skip_unavailable': False, 'install_base': '/home/wuray/tello_ros_ws/install/tello_msgs', 'merge_install': False, 'path': '/home/wuray/tello_ros_ws/src/tello_ros/tello_msgs', 'symlink_install': False, 'test_result_base': None}
[0.352s] Level 5:colcon.colcon_core.verb:set package 'tello_driver' build argument 'cmake_args' from command line to 'None'
[0.352s] Level 5:colcon.colcon_core.verb:set package 'tello_driver' build argument 'cmake_target' from command line to 'None'
[0.352s] Level 5:colcon.colcon_core.verb:set package 'tello_driver' build argument 'cmake_target_skip_unavailable' from command line to 'False'
[0.352s] Level 5:colcon.colcon_core.verb:set package 'tello_driver' build argument 'cmake_clean_cache' from command line to 'False'
[0.352s] Level 5:colcon.colcon_core.verb:set package 'tello_driver' build argument 'cmake_clean_first' from command line to 'False'
[0.352s] Level 5:colcon.colcon_core.verb:set package 'tello_driver' build argument 'cmake_force_configure' from command line to 'False'
[0.352s] Level 5:colcon.colcon_core.verb:set package 'tello_driver' build argument 'ament_cmake_args' from command line to 'None'
[0.352s] Level 5:colcon.colcon_core.verb:set package 'tello_driver' build argument 'catkin_cmake_args' from command line to 'None'
[0.352s] Level 5:colcon.colcon_core.verb:set package 'tello_driver' build argument 'catkin_skip_building_tests' from command line to 'False'
[0.352s] DEBUG:colcon.colcon_core.verb:Building package 'tello_driver' with the following arguments: {'ament_cmake_args': None, 'build_base': '/home/wuray/tello_ros_ws/build/tello_driver', 'catkin_cmake_args': None, 'catkin_skip_building_tests': False, 'cmake_args': None, 'cmake_clean_cache': False, 'cmake_clean_first': False, 'cmake_force_configure': False, 'cmake_target': None, 'cmake_target_skip_unavailable': False, 'install_base': '/home/wuray/tello_ros_ws/install/tello_driver', 'merge_install': False, 'path': '/home/wuray/tello_ros_ws/src/tello_ros/tello_driver', 'symlink_install': False, 'test_result_base': None}
[0.353s] INFO:colcon.colcon_core.executor:Executing jobs using 'parallel' executor
[0.355s] DEBUG:colcon.colcon_parallel_executor.executor.parallel:run_until_complete
[0.356s] INFO:colcon.colcon_ros.task.ament_cmake.build:Building ROS package in '/home/wuray/tello_ros_ws/src/ros2_shared' with build type 'ament_cmake'
[0.356s] INFO:colcon.colcon_cmake.task.cmake.build:Building CMake package in '/home/wuray/tello_ros_ws/src/ros2_shared'
[0.361s] INFO:colcon.colcon_core.plugin_system:Skipping extension 'colcon_core.shell.bat': Not used on non-Windows systems
[0.361s] INFO:colcon.colcon_core.shell:Skip shell extension 'powershell' for command environment: Not usable outside of PowerShell
[0.361s] DEBUG:colcon.colcon_core.shell:Skip shell extension 'dsv' for command environment
[0.364s] WARNING:colcon.colcon_ros.prefix_path.ament:The path '/home/wuray/tello_ros_ws/install/tello_description' in the environment variable AMENT_PREFIX_PATH doesn't exist
[0.365s] WARNING:colcon.colcon_ros.prefix_path.ament:The path '/home/wuray/tello_ros_ws/install/ros2_shared' in the environment variable AMENT_PREFIX_PATH doesn't exist
[0.365s] WARNING:colcon.colcon_ros.prefix_path.catkin:The path '/home/wuray/tello_ros_ws/install/tello_description' in the environment variable CMAKE_PREFIX_PATH doesn't exist
[0.365s] WARNING:colcon.colcon_ros.prefix_path.catkin:The path '/home/wuray/tello_ros_ws/install/ros2_shared' in the environment variable CMAKE_PREFIX_PATH doesn't exist
[0.365s] DEBUG:colcon.colcon_core.shell:Ignoring prefix path '/opt/ros/dashing'
[0.365s] DEBUG:colcon.colcon_core.shell:Ignoring prefix path '/home/wuray/flock_catkin_ws/devel'
[0.366s] DEBUG:colcon.colcon_core.shell:Ignoring prefix path '/opt/ros/melodic'
[0.369s] INFO:colcon.colcon_ros.task.ament_cmake.build:Building ROS package in '/home/wuray/tello_ros_ws/src/tello_ros/tello_msgs' with build type 'ament_cmake'
[0.369s] INFO:colcon.colcon_cmake.task.cmake.build:Building CMake package in '/home/wuray/tello_ros_ws/src/tello_ros/tello_msgs'
[0.371s] INFO:colcon.colcon_core.shell:Skip shell extension 'powershell' for command environment: Not usable outside of PowerShell
[0.371s] DEBUG:colcon.colcon_core.shell:Skip shell extension 'dsv' for command environment
[0.374s] DEBUG:colcon.colcon_core.shell:Ignoring prefix path '/opt/ros/dashing'
[0.374s] DEBUG:colcon.colcon_core.shell:Ignoring prefix path '/home/wuray/flock_catkin_ws/devel'
[0.374s] DEBUG:colcon.colcon_core.shell:Ignoring prefix path '/opt/ros/melodic'
[0.377s] INFO:colcon.colcon_ros.task.ament_cmake.build:Building ROS package in '/home/wuray/tello_ros_ws/src/tello_ros/tello_description' with build type 'ament_cmake'
[0.378s] INFO:colcon.colcon_cmake.task.cmake.build:Building CMake package in '/home/wuray/tello_ros_ws/src/tello_ros/tello_description'
[0.379s] INFO:colcon.colcon_core.shell:Skip shell extension 'powershell' for command environment: Not usable outside of PowerShell
[0.380s] DEBUG:colcon.colcon_core.shell:Skip shell extension 'dsv' for command environment
[0.383s] DEBUG:colcon.colcon_core.shell:Ignoring prefix path '/opt/ros/dashing'
[0.383s] DEBUG:colcon.colcon_core.shell:Ignoring prefix path '/home/wuray/flock_catkin_ws/devel'
[0.384s] DEBUG:colcon.colcon_core.shell:Ignoring prefix path '/opt/ros/melodic'
[0.395s] DEBUG:colcon.colcon_core.event_handler.log_command:Invoking command in '/home/wuray/tello_ros_ws/build/ros2_shared': CMAKE_PREFIX_PATH=/home/wuray/tello_ros_ws/install/tello_description:/home/wuray/tello_ros_ws/install/ros2_shared:/opt/ros/dashing:/home/wuray/flock_catkin_ws/devel:/opt/ros/melodic /usr/local/bin/cmake --build /home/wuray/tello_ros_ws/build/ros2_shared -- -j4 -l4
[0.404s] DEBUG:colcon.colcon_core.event_handler.log_command:Invoking command in '/home/wuray/tello_ros_ws/build/tello_msgs': CMAKE_PREFIX_PATH=/home/wuray/tello_ros_ws/install/tello_description:/home/wuray/tello_ros_ws/install/ros2_shared:/opt/ros/dashing:/home/wuray/flock_catkin_ws/devel:/opt/ros/melodic /usr/local/bin/cmake /home/wuray/tello_ros_ws/src/tello_ros/tello_msgs -DCMAKE_INSTALL_PREFIX=/home/wuray/tello_ros_ws/install/tello_msgs
[0.415s] DEBUG:colcon.colcon_core.event_handler.log_command:Invoking command in '/home/wuray/tello_ros_ws/build/tello_description': CMAKE_PREFIX_PATH=/home/wuray/tello_ros_ws/install/tello_description:/home/wuray/tello_ros_ws/install/ros2_shared:/opt/ros/dashing:/home/wuray/flock_catkin_ws/devel:/opt/ros/melodic /usr/local/bin/cmake --build /home/wuray/tello_ros_ws/build/tello_description -- -j4 -l4
[0.428s] DEBUG:colcon.colcon_core.event_handler.log_command:Invoked command in '/home/wuray/tello_ros_ws/build/ros2_shared' returned '0': CMAKE_PREFIX_PATH=/home/wuray/tello_ros_ws/install/tello_description:/home/wuray/tello_ros_ws/install/ros2_shared:/opt/ros/dashing:/home/wuray/flock_catkin_ws/devel:/opt/ros/melodic /usr/local/bin/cmake --build /home/wuray/tello_ros_ws/build/ros2_shared -- -j4 -l4
[0.480s] DEBUG:colcon.colcon_core.event_handler.log_command:Invoking command in '/home/wuray/tello_ros_ws/build/ros2_shared': CMAKE_PREFIX_PATH=/home/wuray/tello_ros_ws/install/tello_description:/home/wuray/tello_ros_ws/install/ros2_shared:/opt/ros/dashing:/home/wuray/flock_catkin_ws/devel:/opt/ros/melodic /usr/local/bin/cmake --install /home/wuray/tello_ros_ws/build/ros2_shared
[0.498s] Level 1:colcon.colcon_core.environment:create_environment_scripts_only(ros2_shared)
[0.500s] DEBUG:colcon.colcon_core.event_handler.log_command:Invoked command in '/home/wuray/tello_ros_ws/build/ros2_shared' returned '0': CMAKE_PREFIX_PATH=/home/wuray/tello_ros_ws/install/tello_description:/home/wuray/tello_ros_ws/install/ros2_shared:/opt/ros/dashing:/home/wuray/flock_catkin_ws/devel:/opt/ros/melodic /usr/local/bin/cmake --install /home/wuray/tello_ros_ws/build/ros2_shared
[0.507s] Level 1:colcon.colcon_core.environment:checking '/home/wuray/tello_ros_ws/install/ros2_shared' for CMake module files
[0.508s] Level 1:colcon.colcon_core.environment:checking '/home/wuray/tello_ros_ws/install/ros2_shared' for CMake config files
[0.508s] Level 1:colcon.colcon_core.shell:create_environment_hook('ros2_shared', 'cmake_prefix_path')
[0.510s] INFO:colcon.colcon_core.shell:Creating environment hook '/home/wuray/tello_ros_ws/install/ros2_shared/share/ros2_shared/hook/cmake_prefix_path.ps1'
[0.520s] INFO:colcon.colcon_core.shell:Creating environment descriptor '/home/wuray/tello_ros_ws/install/ros2_shared/share/ros2_shared/hook/cmake_prefix_path.dsv'
[0.522s] INFO:colcon.colcon_core.shell:Creating environment hook '/home/wuray/tello_ros_ws/install/ros2_shared/share/ros2_shared/hook/cmake_prefix_path.sh'
[0.524s] Level 1:colcon.colcon_core.environment:checking '/home/wuray/tello_ros_ws/install/ros2_shared/bin'
[0.524s] Level 1:colcon.colcon_core.environment:checking '/home/wuray/tello_ros_ws/install/ros2_shared/lib/pkgconfig/ros2_shared.pc'
[0.525s] Level 1:colcon.colcon_core.environment:checking '/home/wuray/tello_ros_ws/install/ros2_shared/lib/python3.6/site-packages'
[0.526s] INFO:colcon.colcon_core.shell:Creating package script '/home/wuray/tello_ros_ws/install/ros2_shared/share/ros2_shared/package.ps1'
[0.528s] INFO:colcon.colcon_core.shell:Creating package descriptor '/home/wuray/tello_ros_ws/install/ros2_shared/share/ros2_shared/package.dsv'
[0.539s] INFO:colcon.colcon_core.shell:Creating package script '/home/wuray/tello_ros_ws/install/ros2_shared/share/ros2_shared/package.sh'
[0.541s] INFO:colcon.colcon_core.shell:Creating package script '/home/wuray/tello_ros_ws/install/ros2_shared/share/ros2_shared/package.bash'
[0.543s] INFO:colcon.colcon_core.shell:Creating package script '/home/wuray/tello_ros_ws/install/ros2_shared/share/ros2_shared/package.zsh'
[0.545s] Level 1:colcon.colcon_core.environment:create_file_with_runtime_dependencies(/home/wuray/tello_ros_ws/install/ros2_shared/share/colcon-core/packages/ros2_shared)
[0.621s] Level 1:colcon.colcon_core.environment:create_environment_scripts_only(ros2_shared)
[0.624s] Level 1:colcon.colcon_core.environment:checking '/home/wuray/tello_ros_ws/install/ros2_shared' for CMake module files
[0.627s] Level 1:colcon.colcon_core.environment:checking '/home/wuray/tello_ros_ws/install/ros2_shared' for CMake config files
[0.627s] Level 1:colcon.colcon_core.shell:create_environment_hook('ros2_shared', 'cmake_prefix_path')
[0.629s] INFO:colcon.colcon_core.shell:Creating environment hook '/home/wuray/tello_ros_ws/install/ros2_shared/share/ros2_shared/hook/cmake_prefix_path.ps1'
[0.632s] INFO:colcon.colcon_core.shell:Creating environment descriptor '/home/wuray/tello_ros_ws/install/ros2_shared/share/ros2_shared/hook/cmake_prefix_path.dsv'
[0.633s] INFO:colcon.colcon_core.shell:Creating environment hook '/home/wuray/tello_ros_ws/install/ros2_shared/share/ros2_shared/hook/cmake_prefix_path.sh'
[0.634s] Level 1:colcon.colcon_core.environment:checking '/home/wuray/tello_ros_ws/install/ros2_shared/bin'
[0.635s] Level 1:colcon.colcon_core.environment:checking '/home/wuray/tello_ros_ws/install/ros2_shared/lib/pkgconfig/ros2_shared.pc'
[0.635s] Level 1:colcon.colcon_core.environment:checking '/home/wuray/tello_ros_ws/install/ros2_shared/lib/python3.6/site-packages'
[0.636s] INFO:colcon.colcon_core.shell:Creating package script '/home/wuray/tello_ros_ws/install/ros2_shared/share/ros2_shared/package.ps1'
[0.637s] INFO:colcon.colcon_core.shell:Creating package descriptor '/home/wuray/tello_ros_ws/install/ros2_shared/share/ros2_shared/package.dsv'
[0.638s] INFO:colcon.colcon_core.shell:Creating package script '/home/wuray/tello_ros_ws/install/ros2_shared/share/ros2_shared/package.sh'
[0.640s] INFO:colcon.colcon_core.shell:Creating package script '/home/wuray/tello_ros_ws/install/ros2_shared/share/ros2_shared/package.bash'
[0.641s] INFO:colcon.colcon_core.shell:Creating package script '/home/wuray/tello_ros_ws/install/ros2_shared/share/ros2_shared/package.zsh'
[0.641s] Level 1:colcon.colcon_core.environment:create_file_with_runtime_dependencies(/home/wuray/tello_ros_ws/install/ros2_shared/share/colcon-core/packages/ros2_shared)
[0.840s] DEBUG:colcon.colcon_core.event_handler.log_command:Invoked command in '/home/wuray/tello_ros_ws/build/tello_description' returned '0': CMAKE_PREFIX_PATH=/home/wuray/tello_ros_ws/install/tello_description:/home/wuray/tello_ros_ws/install/ros2_shared:/opt/ros/dashing:/home/wuray/flock_catkin_ws/devel:/opt/ros/melodic /usr/local/bin/cmake --build /home/wuray/tello_ros_ws/build/tello_description -- -j4 -l4
[0.875s] DEBUG:colcon.colcon_core.event_handler.log_command:Invoking command in '/home/wuray/tello_ros_ws/build/tello_description': CMAKE_PREFIX_PATH=/home/wuray/tello_ros_ws/install/tello_description:/home/wuray/tello_ros_ws/install/ros2_shared:/opt/ros/dashing:/home/wuray/flock_catkin_ws/devel:/opt/ros/melodic /usr/local/bin/cmake --install /home/wuray/tello_ros_ws/build/tello_description
[0.885s] Level 1:colcon.colcon_core.environment:create_environment_scripts_only(tello_description)
[0.888s] Level 1:colcon.colcon_core.environment:checking '/home/wuray/tello_ros_ws/install/tello_description' for CMake module files
[0.889s] DEBUG:colcon.colcon_core.event_handler.log_command:Invoked command in '/home/wuray/tello_ros_ws/build/tello_description' returned '0': CMAKE_PREFIX_PATH=/home/wuray/tello_ros_ws/install/tello_description:/home/wuray/tello_ros_ws/install/ros2_shared:/opt/ros/dashing:/home/wuray/flock_catkin_ws/devel:/opt/ros/melodic /usr/local/bin/cmake --install /home/wuray/tello_ros_ws/build/tello_description
[0.889s] Level 1:colcon.colcon_core.environment:checking '/home/wuray/tello_ros_ws/install/tello_description' for CMake config files
[0.890s] Level 1:colcon.colcon_core.shell:create_environment_hook('tello_description', 'cmake_prefix_path')
[0.891s] INFO:colcon.colcon_core.shell:Creating environment hook '/home/wuray/tello_ros_ws/install/tello_description/share/tello_description/hook/cmake_prefix_path.ps1'
[0.892s] INFO:colcon.colcon_core.shell:Creating environment descriptor '/home/wuray/tello_ros_ws/install/tello_description/share/tello_description/hook/cmake_prefix_path.dsv'
[0.893s] INFO:colcon.colcon_core.shell:Creating environment hook '/home/wuray/tello_ros_ws/install/tello_description/share/tello_description/hook/cmake_prefix_path.sh'
[0.895s] Level 1:colcon.colcon_core.environment:checking '/home/wuray/tello_ros_ws/install/tello_description/bin'
[0.895s] Level 1:colcon.colcon_core.environment:checking '/home/wuray/tello_ros_ws/install/tello_description/lib/pkgconfig/tello_description.pc'
[0.896s] Level 1:colcon.colcon_core.environment:checking '/home/wuray/tello_ros_ws/install/tello_description/lib/python3.6/site-packages'
[0.897s] INFO:colcon.colcon_core.shell:Creating package script '/home/wuray/tello_ros_ws/install/tello_description/share/tello_description/package.ps1'
[0.898s] INFO:colcon.colcon_core.shell:Creating package descriptor '/home/wuray/tello_ros_ws/install/tello_description/share/tello_description/package.dsv'
[0.899s] INFO:colcon.colcon_core.shell:Creating package script '/home/wuray/tello_ros_ws/install/tello_description/share/tello_description/package.sh'
[0.900s] INFO:colcon.colcon_core.shell:Creating package script '/home/wuray/tello_ros_ws/install/tello_description/share/tello_description/package.bash'
[0.901s] INFO:colcon.colcon_core.shell:Creating package script '/home/wuray/tello_ros_ws/install/tello_description/share/tello_description/package.zsh'
[0.901s] Level 1:colcon.colcon_core.environment:create_file_with_runtime_dependencies(/home/wuray/tello_ros_ws/install/tello_description/share/colcon-core/packages/tello_description)
[0.933s] Level 1:colcon.colcon_core.environment:create_environment_scripts_only(tello_description)
[0.934s] Level 1:colcon.colcon_core.environment:checking '/home/wuray/tello_ros_ws/install/tello_description' for CMake module files
[0.935s] Level 1:colcon.colcon_core.environment:checking '/home/wuray/tello_ros_ws/install/tello_description' for CMake config files
[0.935s] Level 1:colcon.colcon_core.shell:create_environment_hook('tello_description', 'cmake_prefix_path')
[0.936s] INFO:colcon.colcon_core.shell:Creating environment hook '/home/wuray/tello_ros_ws/install/tello_description/share/tello_description/hook/cmake_prefix_path.ps1'
[0.937s] INFO:colcon.colcon_core.shell:Creating environment descriptor '/home/wuray/tello_ros_ws/install/tello_description/share/tello_description/hook/cmake_prefix_path.dsv'
[0.937s] INFO:colcon.colcon_core.shell:Creating environment hook '/home/wuray/tello_ros_ws/install/tello_description/share/tello_description/hook/cmake_prefix_path.sh'
[0.939s] Level 1:colcon.colcon_core.environment:checking '/home/wuray/tello_ros_ws/install/tello_description/bin'
[0.939s] Level 1:colcon.colcon_core.environment:checking '/home/wuray/tello_ros_ws/install/tello_description/lib/pkgconfig/tello_description.pc'
[0.939s] Level 1:colcon.colcon_core.environment:checking '/home/wuray/tello_ros_ws/install/tello_description/lib/python3.6/site-packages'
[0.940s] INFO:colcon.colcon_core.shell:Creating package script '/home/wuray/tello_ros_ws/install/tello_description/share/tello_description/package.ps1'
[0.940s] INFO:colcon.colcon_core.shell:Creating package descriptor '/home/wuray/tello_ros_ws/install/tello_description/share/tello_description/package.dsv'
[0.942s] INFO:colcon.colcon_core.shell:Creating package script '/home/wuray/tello_ros_ws/install/tello_description/share/tello_description/package.sh'
[0.942s] INFO:colcon.colcon_core.shell:Creating package script '/home/wuray/tello_ros_ws/install/tello_description/share/tello_description/package.bash'
[0.943s] INFO:colcon.colcon_core.shell:Creating package script '/home/wuray/tello_ros_ws/install/tello_description/share/tello_description/package.zsh'
[0.943s] Level 1:colcon.colcon_core.environment:create_file_with_runtime_dependencies(/home/wuray/tello_ros_ws/install/tello_description/share/colcon-core/packages/tello_description)
[2.945s] DEBUG:colcon.colcon_core.event_handler.log_command:Invoked command in '/home/wuray/tello_ros_ws/build/tello_msgs' returned '0': CMAKE_PREFIX_PATH=/home/wuray/tello_ros_ws/install/tello_description:/home/wuray/tello_ros_ws/install/ros2_shared:/opt/ros/dashing:/home/wuray/flock_catkin_ws/devel:/opt/ros/melodic /usr/local/bin/cmake /home/wuray/tello_ros_ws/src/tello_ros/tello_msgs -DCMAKE_INSTALL_PREFIX=/home/wuray/tello_ros_ws/install/tello_msgs
[2.949s] DEBUG:colcon.colcon_core.event_handler.log_command:Invoking command in '/home/wuray/tello_ros_ws/build/tello_msgs': CMAKE_PREFIX_PATH=/home/wuray/tello_ros_ws/install/tello_description:/home/wuray/tello_ros_ws/install/ros2_shared:/opt/ros/dashing:/home/wuray/flock_catkin_ws/devel:/opt/ros/melodic /usr/local/bin/cmake --build /home/wuray/tello_ros_ws/build/tello_msgs -- -j4 -l4
[13.568s] DEBUG:colcon.colcon_core.event_handler.log_command:Invoked command in '/home/wuray/tello_ros_ws/build/tello_msgs' returned '0': CMAKE_PREFIX_PATH=/home/wuray/tello_ros_ws/install/tello_description:/home/wuray/tello_ros_ws/install/ros2_shared:/opt/ros/dashing:/home/wuray/flock_catkin_ws/devel:/opt/ros/melodic /usr/local/bin/cmake --build /home/wuray/tello_ros_ws/build/tello_msgs -- -j4 -l4
[13.665s] DEBUG:colcon.colcon_core.event_handler.log_command:Invoking command in '/home/wuray/tello_ros_ws/build/tello_msgs': CMAKE_PREFIX_PATH=/home/wuray/tello_ros_ws/install/tello_description:/home/wuray/tello_ros_ws/install/ros2_shared:/opt/ros/dashing:/home/wuray/flock_catkin_ws/devel:/opt/ros/melodic /usr/local/bin/cmake --install /home/wuray/tello_ros_ws/build/tello_msgs
[13.745s] Level 1:colcon.colcon_core.environment:create_environment_scripts_only(tello_msgs)
[13.747s] Level 1:colcon.colcon_core.environment:checking '/home/wuray/tello_ros_ws/install/tello_msgs' for CMake module files
[13.748s] DEBUG:colcon.colcon_core.event_handler.log_command:Invoked command in '/home/wuray/tello_ros_ws/build/tello_msgs' returned '0': CMAKE_PREFIX_PATH=/home/wuray/tello_ros_ws/install/tello_description:/home/wuray/tello_ros_ws/install/ros2_shared:/opt/ros/dashing:/home/wuray/flock_catkin_ws/devel:/opt/ros/melodic /usr/local/bin/cmake --install /home/wuray/tello_ros_ws/build/tello_msgs
[13.748s] Level 1:colcon.colcon_core.environment:checking '/home/wuray/tello_ros_ws/install/tello_msgs' for CMake config files
[13.749s] Level 1:colcon.colcon_core.shell:create_environment_hook('tello_msgs', 'cmake_prefix_path')
[13.750s] INFO:colcon.colcon_core.shell:Creating environment hook '/home/wuray/tello_ros_ws/install/tello_msgs/share/tello_msgs/hook/cmake_prefix_path.ps1'
[13.751s] INFO:colcon.colcon_core.shell:Creating environment descriptor '/home/wuray/tello_ros_ws/install/tello_msgs/share/tello_msgs/hook/cmake_prefix_path.dsv'
[13.751s] INFO:colcon.colcon_core.shell:Creating environment hook '/home/wuray/tello_ros_ws/install/tello_msgs/share/tello_msgs/hook/cmake_prefix_path.sh'
[13.753s] Level 1:colcon.colcon_core.environment:checking '/home/wuray/tello_ros_ws/install/tello_msgs/lib'
[13.753s] Level 1:colcon.colcon_core.shell:create_environment_hook('tello_msgs', 'ld_library_path_lib')
[13.754s] INFO:colcon.colcon_core.shell:Creating environment hook '/home/wuray/tello_ros_ws/install/tello_msgs/share/tello_msgs/hook/ld_library_path_lib.ps1'
[13.754s] INFO:colcon.colcon_core.shell:Creating environment descriptor '/home/wuray/tello_ros_ws/install/tello_msgs/share/tello_msgs/hook/ld_library_path_lib.dsv'
[13.755s] INFO:colcon.colcon_core.shell:Creating environment hook '/home/wuray/tello_ros_ws/install/tello_msgs/share/tello_msgs/hook/ld_library_path_lib.sh'
[13.755s] Level 1:colcon.colcon_core.environment:checking '/home/wuray/tello_ros_ws/install/tello_msgs/bin'
[13.755s] Level 1:colcon.colcon_core.environment:checking '/home/wuray/tello_ros_ws/install/tello_msgs/lib/pkgconfig/tello_msgs.pc'
[13.755s] Level 1:colcon.colcon_core.environment:checking '/home/wuray/tello_ros_ws/install/tello_msgs/lib/python3.6/site-packages'
[13.755s] Level 1:colcon.colcon_core.shell:create_environment_hook('tello_msgs', 'pythonpath')
[13.756s] INFO:colcon.colcon_core.shell:Creating environment hook '/home/wuray/tello_ros_ws/install/tello_msgs/share/tello_msgs/hook/pythonpath.ps1'
[13.757s] INFO:colcon.colcon_core.shell:Creating environment descriptor '/home/wuray/tello_ros_ws/install/tello_msgs/share/tello_msgs/hook/pythonpath.dsv'
[13.757s] INFO:colcon.colcon_core.shell:Creating environment hook '/home/wuray/tello_ros_ws/install/tello_msgs/share/tello_msgs/hook/pythonpath.sh'
[13.759s] INFO:colcon.colcon_core.shell:Creating package script '/home/wuray/tello_ros_ws/install/tello_msgs/share/tello_msgs/package.ps1'
[13.760s] INFO:colcon.colcon_core.shell:Creating package descriptor '/home/wuray/tello_ros_ws/install/tello_msgs/share/tello_msgs/package.dsv'
[13.762s] INFO:colcon.colcon_core.shell:Creating package script '/home/wuray/tello_ros_ws/install/tello_msgs/share/tello_msgs/package.sh'
[13.762s] INFO:colcon.colcon_core.shell:Creating package script '/home/wuray/tello_ros_ws/install/tello_msgs/share/tello_msgs/package.bash'
[13.763s] INFO:colcon.colcon_core.shell:Creating package script '/home/wuray/tello_ros_ws/install/tello_msgs/share/tello_msgs/package.zsh'
[13.763s] Level 1:colcon.colcon_core.environment:create_file_with_runtime_dependencies(/home/wuray/tello_ros_ws/install/tello_msgs/share/colcon-core/packages/tello_msgs)
[13.855s] Level 1:colcon.colcon_core.environment:create_environment_scripts_only(tello_msgs)
[13.857s] Level 1:colcon.colcon_core.environment:checking '/home/wuray/tello_ros_ws/install/tello_msgs' for CMake module files
[13.858s] Level 1:colcon.colcon_core.environment:checking '/home/wuray/tello_ros_ws/install/tello_msgs' for CMake config files
[13.858s] Level 1:colcon.colcon_core.shell:create_environment_hook('tello_msgs', 'cmake_prefix_path')
[13.859s] INFO:colcon.colcon_core.shell:Creating environment hook '/home/wuray/tello_ros_ws/install/tello_msgs/share/tello_msgs/hook/cmake_prefix_path.ps1'
[13.860s] INFO:colcon.colcon_core.shell:Creating environment descriptor '/home/wuray/tello_ros_ws/install/tello_msgs/share/tello_msgs/hook/cmake_prefix_path.dsv'
[13.860s] INFO:colcon.colcon_core.shell:Creating environment hook '/home/wuray/tello_ros_ws/install/tello_msgs/share/tello_msgs/hook/cmake_prefix_path.sh'
[13.862s] Level 1:colcon.colcon_core.environment:checking '/home/wuray/tello_ros_ws/install/tello_msgs/lib'
[13.862s] Level 1:colcon.colcon_core.shell:create_environment_hook('tello_msgs', 'ld_library_path_lib')
[13.863s] INFO:colcon.colcon_core.shell:Creating environment hook '/home/wuray/tello_ros_ws/install/tello_msgs/share/tello_msgs/hook/ld_library_path_lib.ps1'
[13.863s] INFO:colcon.colcon_core.shell:Creating environment descriptor '/home/wuray/tello_ros_ws/install/tello_msgs/share/tello_msgs/hook/ld_library_path_lib.dsv'
[13.864s] INFO:colcon.colcon_core.shell:Creating environment hook '/home/wuray/tello_ros_ws/install/tello_msgs/share/tello_msgs/hook/ld_library_path_lib.sh'
[13.864s] Level 1:colcon.colcon_core.environment:checking '/home/wuray/tello_ros_ws/install/tello_msgs/bin'
[13.865s] Level 1:colcon.colcon_core.environment:checking '/home/wuray/tello_ros_ws/install/tello_msgs/lib/pkgconfig/tello_msgs.pc'
[13.865s] Level 1:colcon.colcon_core.environment:checking '/home/wuray/tello_ros_ws/install/tello_msgs/lib/python3.6/site-packages'
[13.865s] Level 1:colcon.colcon_core.shell:create_environment_hook('tello_msgs', 'pythonpath')
[13.866s] INFO:colcon.colcon_core.shell:Creating environment hook '/home/wuray/tello_ros_ws/install/tello_msgs/share/tello_msgs/hook/pythonpath.ps1'
[13.866s] INFO:colcon.colcon_core.shell:Creating environment descriptor '/home/wuray/tello_ros_ws/install/tello_msgs/share/tello_msgs/hook/pythonpath.dsv'
[13.867s] INFO:colcon.colcon_core.shell:Creating environment hook '/home/wuray/tello_ros_ws/install/tello_msgs/share/tello_msgs/hook/pythonpath.sh'
[13.868s] INFO:colcon.colcon_core.shell:Creating package script '/home/wuray/tello_ros_ws/install/tello_msgs/share/tello_msgs/package.ps1'
[13.869s] INFO:colcon.colcon_core.shell:Creating package descriptor '/home/wuray/tello_ros_ws/install/tello_msgs/share/tello_msgs/package.dsv'
[13.870s] INFO:colcon.colcon_core.shell:Creating package script '/home/wuray/tello_ros_ws/install/tello_msgs/share/tello_msgs/package.sh'
[13.870s] INFO:colcon.colcon_core.shell:Creating package script '/home/wuray/tello_ros_ws/install/tello_msgs/share/tello_msgs/package.bash'
[13.871s] INFO:colcon.colcon_core.shell:Creating package script '/home/wuray/tello_ros_ws/install/tello_msgs/share/tello_msgs/package.zsh'
[13.872s] Level 1:colcon.colcon_core.environment:create_file_with_runtime_dependencies(/home/wuray/tello_ros_ws/install/tello_msgs/share/colcon-core/packages/tello_msgs)
[13.872s] INFO:colcon.colcon_ros.task.ament_cmake.build:Building ROS package in '/home/wuray/tello_ros_ws/src/tello_ros/tello_driver' with build type 'ament_cmake'
[13.873s] INFO:colcon.colcon_cmake.task.cmake.build:Building CMake package in '/home/wuray/tello_ros_ws/src/tello_ros/tello_driver'
[13.874s] INFO:colcon.colcon_core.shell:Skip shell extension 'powershell' for command environment: Not usable outside of PowerShell
[13.874s] DEBUG:colcon.colcon_core.shell:Skip shell extension 'dsv' for command environment
[13.877s] DEBUG:colcon.colcon_core.shell:Ignoring prefix path '/opt/ros/dashing'
[13.878s] DEBUG:colcon.colcon_core.shell:Ignoring prefix path '/home/wuray/flock_catkin_ws/devel'
[13.878s] DEBUG:colcon.colcon_core.shell:Ignoring prefix path '/opt/ros/melodic'
[13.891s] DEBUG:colcon.colcon_core.event_handler.log_command:Invoking command in '/home/wuray/tello_ros_ws/build/tello_driver': AMENT_PREFIX_PATH=/home/wuray/tello_ros_ws/install/tello_msgs:${AMENT_PREFIX_PATH} CMAKE_PREFIX_PATH=/home/wuray/tello_ros_ws/install/tello_msgs:/home/wuray/tello_ros_ws/install/ros2_shared:/home/wuray/tello_ros_ws/install/tello_description:/opt/ros/dashing:/home/wuray/flock_catkin_ws/devel:/opt/ros/melodic LD_LIBRARY_PATH=/home/wuray/tello_ros_ws/install/tello_msgs/lib:${LD_LIBRARY_PATH} PYTHONPATH=/home/wuray/tello_ros_ws/install/tello_msgs/lib/python3.6/site-packages:${PYTHONPATH} /usr/local/bin/cmake /home/wuray/tello_ros_ws/src/tello_ros/tello_driver -DCMAKE_INSTALL_PREFIX=/home/wuray/tello_ros_ws/install/tello_driver
[15.698s] DEBUG:colcon.colcon_core.event_handler.log_command:Invoked command in '/home/wuray/tello_ros_ws/build/tello_driver' returned '0': AMENT_PREFIX_PATH=/home/wuray/tello_ros_ws/install/tello_msgs:${AMENT_PREFIX_PATH} CMAKE_PREFIX_PATH=/home/wuray/tello_ros_ws/install/tello_msgs:/home/wuray/tello_ros_ws/install/ros2_shared:/home/wuray/tello_ros_ws/install/tello_description:/opt/ros/dashing:/home/wuray/flock_catkin_ws/devel:/opt/ros/melodic LD_LIBRARY_PATH=/home/wuray/tello_ros_ws/install/tello_msgs/lib:${LD_LIBRARY_PATH} PYTHONPATH=/home/wuray/tello_ros_ws/install/tello_msgs/lib/python3.6/site-packages:${PYTHONPATH} /usr/local/bin/cmake /home/wuray/tello_ros_ws/src/tello_ros/tello_driver -DCMAKE_INSTALL_PREFIX=/home/wuray/tello_ros_ws/install/tello_driver
[15.703s] DEBUG:colcon.colcon_core.event_handler.log_command:Invoking command in '/home/wuray/tello_ros_ws/build/tello_driver': AMENT_PREFIX_PATH=/home/wuray/tello_ros_ws/install/tello_msgs:${AMENT_PREFIX_PATH} CMAKE_PREFIX_PATH=/home/wuray/tello_ros_ws/install/tello_msgs:/home/wuray/tello_ros_ws/install/ros2_shared:/home/wuray/tello_ros_ws/install/tello_description:/opt/ros/dashing:/home/wuray/flock_catkin_ws/devel:/opt/ros/melodic LD_LIBRARY_PATH=/home/wuray/tello_ros_ws/install/tello_msgs/lib:${LD_LIBRARY_PATH} PYTHONPATH=/home/wuray/tello_ros_ws/install/tello_msgs/lib/python3.6/site-packages:${PYTHONPATH} /usr/local/bin/cmake --build /home/wuray/tello_ros_ws/build/tello_driver -- -j4 -l4
[42.866s] DEBUG:colcon.colcon_core.event_handler.log_command:Invoked command in '/home/wuray/tello_ros_ws/build/tello_driver' returned '0': AMENT_PREFIX_PATH=/home/wuray/tello_ros_ws/install/tello_msgs:${AMENT_PREFIX_PATH} CMAKE_PREFIX_PATH=/home/wuray/tello_ros_ws/install/tello_msgs:/home/wuray/tello_ros_ws/install/ros2_shared:/home/wuray/tello_ros_ws/install/tello_description:/opt/ros/dashing:/home/wuray/flock_catkin_ws/devel:/opt/ros/melodic LD_LIBRARY_PATH=/home/wuray/tello_ros_ws/install/tello_msgs/lib:${LD_LIBRARY_PATH} PYTHONPATH=/home/wuray/tello_ros_ws/install/tello_msgs/lib/python3.6/site-packages:${PYTHONPATH} /usr/local/bin/cmake --build /home/wuray/tello_ros_ws/build/tello_driver -- -j4 -l4
[42.912s] DEBUG:colcon.colcon_core.event_handler.log_command:Invoking command in '/home/wuray/tello_ros_ws/build/tello_driver': AMENT_PREFIX_PATH=/home/wuray/tello_ros_ws/install/tello_msgs:${AMENT_PREFIX_PATH} CMAKE_PREFIX_PATH=/home/wuray/tello_ros_ws/install/tello_msgs:/home/wuray/tello_ros_ws/install/ros2_shared:/home/wuray/tello_ros_ws/install/tello_description:/opt/ros/dashing:/home/wuray/flock_catkin_ws/devel:/opt/ros/melodic LD_LIBRARY_PATH=/home/wuray/tello_ros_ws/install/tello_msgs/lib:${LD_LIBRARY_PATH} PYTHONPATH=/home/wuray/tello_ros_ws/install/tello_msgs/lib/python3.6/site-packages:${PYTHONPATH} /usr/local/bin/cmake --install /home/wuray/tello_ros_ws/build/tello_driver
[42.934s] Level 1:colcon.colcon_core.environment:create_environment_scripts_only(tello_driver)
[42.936s] Level 1:colcon.colcon_core.environment:checking '/home/wuray/tello_ros_ws/install/tello_driver' for CMake module files
[42.937s] DEBUG:colcon.colcon_core.event_handler.log_command:Invoked command in '/home/wuray/tello_ros_ws/build/tello_driver' returned '0': AMENT_PREFIX_PATH=/home/wuray/tello_ros_ws/install/tello_msgs:${AMENT_PREFIX_PATH} CMAKE_PREFIX_PATH=/home/wuray/tello_ros_ws/install/tello_msgs:/home/wuray/tello_ros_ws/install/ros2_shared:/home/wuray/tello_ros_ws/install/tello_description:/opt/ros/dashing:/home/wuray/flock_catkin_ws/devel:/opt/ros/melodic LD_LIBRARY_PATH=/home/wuray/tello_ros_ws/install/tello_msgs/lib:${LD_LIBRARY_PATH} PYTHONPATH=/home/wuray/tello_ros_ws/install/tello_msgs/lib/python3.6/site-packages:${PYTHONPATH} /usr/local/bin/cmake --install /home/wuray/tello_ros_ws/build/tello_driver
[42.937s] Level 1:colcon.colcon_core.environment:checking '/home/wuray/tello_ros_ws/install/tello_driver' for CMake config files
[42.938s] Level 1:colcon.colcon_core.shell:create_environment_hook('tello_driver', 'cmake_prefix_path')
[42.940s] INFO:colcon.colcon_core.shell:Creating environment hook '/home/wuray/tello_ros_ws/install/tello_driver/share/tello_driver/hook/cmake_prefix_path.ps1'
[42.940s] INFO:colcon.colcon_core.shell:Creating environment descriptor '/home/wuray/tello_ros_ws/install/tello_driver/share/tello_driver/hook/cmake_prefix_path.dsv'
[42.941s] INFO:colcon.colcon_core.shell:Creating environment hook '/home/wuray/tello_ros_ws/install/tello_driver/share/tello_driver/hook/cmake_prefix_path.sh'
[42.942s] Level 1:colcon.colcon_core.environment:checking '/home/wuray/tello_ros_ws/install/tello_driver/lib'
[42.942s] Level 1:colcon.colcon_core.shell:create_environment_hook('tello_driver', 'ld_library_path_lib')
[42.943s] INFO:colcon.colcon_core.shell:Creating environment hook '/home/wuray/tello_ros_ws/install/tello_driver/share/tello_driver/hook/ld_library_path_lib.ps1'
[42.943s] INFO:colcon.colcon_core.shell:Creating environment descriptor '/home/wuray/tello_ros_ws/install/tello_driver/share/tello_driver/hook/ld_library_path_lib.dsv'
[42.944s] INFO:colcon.colcon_core.shell:Creating environment hook '/home/wuray/tello_ros_ws/install/tello_driver/share/tello_driver/hook/ld_library_path_lib.sh'
[42.945s] Level 1:colcon.colcon_core.environment:checking '/home/wuray/tello_ros_ws/install/tello_driver/bin'
[42.945s] Level 1:colcon.colcon_core.environment:checking '/home/wuray/tello_ros_ws/install/tello_driver/lib/pkgconfig/tello_driver.pc'
[42.946s] Level 1:colcon.colcon_core.environment:checking '/home/wuray/tello_ros_ws/install/tello_driver/lib/python3.6/site-packages'
[42.947s] INFO:colcon.colcon_core.shell:Creating package script '/home/wuray/tello_ros_ws/install/tello_driver/share/tello_driver/package.ps1'
[42.948s] INFO:colcon.colcon_core.shell:Creating package descriptor '/home/wuray/tello_ros_ws/install/tello_driver/share/tello_driver/package.dsv'
[42.949s] INFO:colcon.colcon_core.shell:Creating package script '/home/wuray/tello_ros_ws/install/tello_driver/share/tello_driver/package.sh'
[42.949s] INFO:colcon.colcon_core.shell:Creating package script '/home/wuray/tello_ros_ws/install/tello_driver/share/tello_driver/package.bash'
[42.950s] INFO:colcon.colcon_core.shell:Creating package script '/home/wuray/tello_ros_ws/install/tello_driver/share/tello_driver/package.zsh'
[42.950s] Level 1:colcon.colcon_core.environment:create_file_with_runtime_dependencies(/home/wuray/tello_ros_ws/install/tello_driver/share/colcon-core/packages/tello_driver)
[42.996s] Level 1:colcon.colcon_core.environment:create_environment_scripts_only(tello_driver)
[42.998s] Level 1:colcon.colcon_core.environment:checking '/home/wuray/tello_ros_ws/install/tello_driver' for CMake module files
[42.998s] Level 1:colcon.colcon_core.environment:checking '/home/wuray/tello_ros_ws/install/tello_driver' for CMake config files
[42.999s] Level 1:colcon.colcon_core.shell:create_environment_hook('tello_driver', 'cmake_prefix_path')
[42.999s] INFO:colcon.colcon_core.shell:Creating environment hook '/home/wuray/tello_ros_ws/install/tello_driver/share/tello_driver/hook/cmake_prefix_path.ps1'
[43.000s] INFO:colcon.colcon_core.shell:Creating environment descriptor '/home/wuray/tello_ros_ws/install/tello_driver/share/tello_driver/hook/cmake_prefix_path.dsv'
[43.000s] INFO:colcon.colcon_core.shell:Creating environment hook '/home/wuray/tello_ros_ws/install/tello_driver/share/tello_driver/hook/cmake_prefix_path.sh'
[43.001s] Level 1:colcon.colcon_core.environment:checking '/home/wuray/tello_ros_ws/install/tello_driver/lib'
[43.002s] Level 1:colcon.colcon_core.shell:create_environment_hook('tello_driver', 'ld_library_path_lib')
[43.002s] INFO:colcon.colcon_core.shell:Creating environment hook '/home/wuray/tello_ros_ws/install/tello_driver/share/tello_driver/hook/ld_library_path_lib.ps1'
[43.003s] INFO:colcon.colcon_core.shell:Creating environment descriptor '/home/wuray/tello_ros_ws/install/tello_driver/share/tello_driver/hook/ld_library_path_lib.dsv'
[43.004s] INFO:colcon.colcon_core.shell:Creating environment hook '/home/wuray/tello_ros_ws/install/tello_driver/share/tello_driver/hook/ld_library_path_lib.sh'
[43.004s] Level 1:colcon.colcon_core.environment:checking '/home/wuray/tello_ros_ws/install/tello_driver/bin'
[43.004s] Level 1:colcon.colcon_core.environment:checking '/home/wuray/tello_ros_ws/install/tello_driver/lib/pkgconfig/tello_driver.pc'
[43.004s] Level 1:colcon.colcon_core.environment:checking '/home/wuray/tello_ros_ws/install/tello_driver/lib/python3.6/site-packages'
[43.005s] INFO:colcon.colcon_core.shell:Creating package script '/home/wuray/tello_ros_ws/install/tello_driver/share/tello_driver/package.ps1'
[43.006s] INFO:colcon.colcon_core.shell:Creating package descriptor '/home/wuray/tello_ros_ws/install/tello_driver/share/tello_driver/package.dsv'
[43.007s] INFO:colcon.colcon_core.shell:Creating package script '/home/wuray/tello_ros_ws/install/tello_driver/share/tello_driver/package.sh'
[43.007s] INFO:colcon.colcon_core.shell:Creating package script '/home/wuray/tello_ros_ws/install/tello_driver/share/tello_driver/package.bash'
[43.008s] INFO:colcon.colcon_core.shell:Creating package script '/home/wuray/tello_ros_ws/install/tello_driver/share/tello_driver/package.zsh'
[43.008s] Level 1:colcon.colcon_core.environment:create_file_with_runtime_dependencies(/home/wuray/tello_ros_ws/install/tello_driver/share/colcon-core/packages/tello_driver)
[43.009s] DEBUG:colcon.colcon_parallel_executor.executor.parallel:closing loop
[43.010s] DEBUG:colcon.colcon_parallel_executor.executor.parallel:loop closed
[43.010s] DEBUG:colcon.colcon_parallel_executor.executor.parallel:run_until_complete finished with '0'
[43.010s] DEBUG:colcon.colcon_core.event_reactor:joining thread
[43.019s] INFO:colcon.colcon_core.plugin_system:Skipping extension 'colcon_notification.desktop_notification.terminal_notifier': Not used on non-Darwin systems
[43.019s] INFO:colcon.colcon_core.plugin_system:Skipping extension 'colcon_notification.desktop_notification.win32': Not used on non-Windows systems
[43.019s] INFO:colcon.colcon_notification.desktop_notification:Sending desktop notification using 'notify2'
[43.023s] DEBUG:colcon.colcon_core.event_reactor:joined thread
[43.025s] INFO:colcon.colcon_core.shell:Creating prefix script '/home/wuray/tello_ros_ws/install/local_setup.ps1'
[43.026s] INFO:colcon.colcon_core.shell:Creating prefix util module '/home/wuray/tello_ros_ws/install/_local_setup_util_ps1.py'
[43.028s] INFO:colcon.colcon_core.shell:Creating prefix chain script '/home/wuray/tello_ros_ws/install/setup.ps1'
[43.033s] INFO:colcon.colcon_core.shell:Creating prefix script '/home/wuray/tello_ros_ws/install/local_setup.sh'
[43.034s] INFO:colcon.colcon_core.shell:Creating prefix util module '/home/wuray/tello_ros_ws/install/_local_setup_util_sh.py'
[43.034s] INFO:colcon.colcon_core.shell:Creating prefix chain script '/home/wuray/tello_ros_ws/install/setup.sh'
[43.038s] INFO:colcon.colcon_core.shell:Creating prefix script '/home/wuray/tello_ros_ws/install/local_setup.bash'
[43.039s] INFO:colcon.colcon_core.shell:Creating prefix chain script '/home/wuray/tello_ros_ws/install/setup.bash'
[43.043s] INFO:colcon.colcon_core.shell:Creating prefix script '/home/wuray/tello_ros_ws/install/local_setup.zsh'
[43.044s] INFO:colcon.colcon_core.shell:Creating prefix chain script '/home/wuray/tello_ros_ws/install/setup.zsh'
