[0.037s] Invoking command in '/home/wuray/tello_ros_ws/build/tello_description': CMAKE_PREFIX_PATH=/home/wuray/tello_ros_ws/install/tello_description:/home/wuray/tello_ros_ws/install/ros2_shared:/opt/ros/dashing:/home/wuray/flock_catkin_ws/devel:/opt/ros/melodic /usr/local/bin/cmake --build /home/wuray/tello_ros_ws/build/tello_description -- -j4 -l4
[0.081s] [ 11%] Built target generate_urdf_4
[0.083s] [ 22%] Built target generate_urdf_5
[0.086s] [ 33%] Built target generate_urdf_3
[0.098s] [ 44%] Built target generate_urdf_7
[0.110s] [ 55%] Built target generate_urdf
[0.119s] [ 66%] Built target generate_urdf_1
[0.123s] [ 77%] Built target generate_urdf_8
[0.130s] [ 88%] Built target generate_urdf_6
[0.132s] [100%] Built target generate_urdf_2
[0.142s] Invoked command in '/home/wuray/tello_ros_ws/build/tello_description' returned '0': CMAKE_PREFIX_PATH=/home/wuray/tello_ros_ws/install/tello_description:/home/wuray/tello_ros_ws/install/ros2_shared:/opt/ros/dashing:/home/wuray/flock_catkin_ws/devel:/opt/ros/melodic /usr/local/bin/cmake --build /home/wuray/tello_ros_ws/build/tello_description -- -j4 -l4
[0.183s] Invoking command in '/home/wuray/tello_ros_ws/build/tello_description': CMAKE_PREFIX_PATH=/home/wuray/tello_ros_ws/install/tello_description:/home/wuray/tello_ros_ws/install/ros2_shared:/opt/ros/dashing:/home/wuray/flock_catkin_ws/devel:/opt/ros/melodic /usr/local/bin/cmake --install /home/wuray/tello_ros_ws/build/tello_description
[0.190s] -- Install configuration: ""
[0.190s] -- Up-to-date: /home/wuray/tello_ros_ws/install/tello_description/share/tello_description/urdf
[0.190s] -- Up-to-date: /home/wuray/tello_ros_ws/install/tello_description/share/tello_description/urdf/tello_2.urdf
[0.190s] -- Up-to-date: /home/wuray/tello_ros_ws/install/tello_description/share/tello_description/urdf/tello_6.urdf
[0.190s] -- Up-to-date: /home/wuray/tello_ros_ws/install/tello_description/share/tello_description/urdf/tello_1.urdf
[0.190s] -- Up-to-date: /home/wuray/tello_ros_ws/install/tello_description/share/tello_description/urdf/tello_8.urdf
[0.190s] -- Up-to-date: /home/wuray/tello_ros_ws/install/tello_description/share/tello_description/urdf/tello_4.urdf
[0.191s] -- Up-to-date: /home/wuray/tello_ros_ws/install/tello_description/share/tello_description/urdf/tello_5.urdf
[0.191s] -- Up-to-date: /home/wuray/tello_ros_ws/install/tello_description/share/tello_description/urdf/tello.urdf
[0.191s] -- Up-to-date: /home/wuray/tello_ros_ws/install/tello_description/share/tello_description/urdf/tello_7.urdf
[0.191s] -- Up-to-date: /home/wuray/tello_ros_ws/install/tello_description/share/tello_description/urdf/tello_3.urdf
[0.191s] -- Up-to-date: /home/wuray/tello_ros_ws/install/tello_description/share/ament_index/resource_index/package_run_dependencies/tello_description
[0.192s] -- Up-to-date: /home/wuray/tello_ros_ws/install/tello_description/share/ament_index/resource_index/parent_prefix_path/tello_description
[0.192s] -- Up-to-date: /home/wuray/tello_ros_ws/install/tello_description/share/tello_description/environment/ament_prefix_path.sh
[0.192s] -- Up-to-date: /home/wuray/tello_ros_ws/install/tello_description/share/tello_description/environment/path.sh
[0.192s] -- Up-to-date: /home/wuray/tello_ros_ws/install/tello_description/share/tello_description/local_setup.bash
[0.193s] -- Up-to-date: /home/wuray/tello_ros_ws/install/tello_description/share/tello_description/local_setup.sh
[0.193s] -- Up-to-date: /home/wuray/tello_ros_ws/install/tello_description/share/tello_description/local_setup.zsh
[0.194s] -- Up-to-date: /home/wuray/tello_ros_ws/install/tello_description/share/ament_index/resource_index/packages/tello_description
[0.194s] -- Up-to-date: /home/wuray/tello_ros_ws/install/tello_description/share/tello_description/cmake/tello_descriptionConfig.cmake
[0.194s] -- Up-to-date: /home/wuray/tello_ros_ws/install/tello_description/share/tello_description/cmake/tello_descriptionConfig-version.cmake
[0.194s] -- Up-to-date: /home/wuray/tello_ros_ws/install/tello_description/share/tello_description/package.xml
[0.198s] Invoked command in '/home/wuray/tello_ros_ws/build/tello_description' returned '0': CMAKE_PREFIX_PATH=/home/wuray/tello_ros_ws/install/tello_description:/home/wuray/tello_ros_ws/install/ros2_shared:/opt/ros/dashing:/home/wuray/flock_catkin_ws/devel:/opt/ros/melodic /usr/local/bin/cmake --install /home/wuray/tello_ros_ws/build/tello_description
