[0.236s] DEBUG:colcon:Command line arguments: ['/usr/bin/colcon', 'build']
[0.236s] DEBUG:colcon:Parsed command line arguments: Namespace(ament_cmake_args=None, base_paths=['.'], build_base='build', catkin_cmake_args=None, catkin_skip_building_tests=False, cmake_args=None, cmake_clean_cache=False, cmake_clean_first=False, cmake_force_configure=False, cmake_target=None, cmake_target_skip_unavailable=False, continue_on_error=False, event_handlers=None, executor='parallel', ignore_user_meta=False, install_base='install', log_base=None, log_level=None, main=<bound method BuildVerb.main of <colcon_core.verb.build.BuildVerb object at 0x7f7fa29275c0>>, merge_install=False, metas=['./colcon.meta'], packages_above=None, packages_above_and_dependencies=None, packages_above_depth=None, packages_end=None, packages_ignore=None, packages_ignore_regex=None, packages_select=None, packages_select_build_failed=False, packages_select_by_dep=None, packages_select_regex=None, packages_select_test_failures=False, packages_skip=None, packages_skip_build_finished=False, packages_skip_by_dep=None, packages_skip_regex=None, packages_skip_test_passed=False, packages_skip_up_to=None, packages_start=None, packages_up_to=None, packages_up_to_regex=None, parallel_workers=4, paths=None, symlink_install=False, test_result_base=None, verb_extension=<colcon_core.verb.build.BuildVerb object at 0x7f7fa29275c0>, verb_name='build', verb_parser=<colcon_defaults.argument_parser.defaults.DefaultArgumentsDecorator object at 0x7f7fa2927828>)
[0.244s] Level 1:colcon.colcon_core.package_discovery:discover_packages(colcon_meta) check parameters
[0.244s] Level 1:colcon.colcon_core.package_discovery:discover_packages(recursive) check parameters
[0.244s] Level 1:colcon.colcon_core.package_discovery:discover_packages(ignore) check parameters
[0.244s] Level 1:colcon.colcon_core.package_discovery:discover_packages(path) check parameters
[0.244s] Level 1:colcon.colcon_core.package_discovery:discover_packages(colcon_meta) discover
[0.244s] Level 1:colcon.colcon_core.package_discovery:discover_packages(recursive) discover
[0.244s] INFO:colcon.colcon_core.package_discovery:Crawling recursively for packages in '/home/wuray/tello_ros_ws'
[0.245s] Level 1:colcon.colcon_core.package_identification:_identify(.) by extensions ['ignore', 'ignore_ament_install']
[0.245s] Level 1:colcon.colcon_core.package_identification:_identify(.) by extension 'ignore'
[0.245s] Level 1:colcon.colcon_core.package_identification:_identify(.) by extension 'ignore_ament_install'
[0.245s] Level 1:colcon.colcon_core.package_identification:_identify(.) by extensions ['colcon_pkg']
[0.245s] Level 1:colcon.colcon_core.package_identification:_identify(.) by extension 'colcon_pkg'
[0.245s] Level 1:colcon.colcon_core.package_identification:_identify(.) by extensions ['colcon_meta']
[0.245s] Level 1:colcon.colcon_core.package_identification:_identify(.) by extension 'colcon_meta'
[0.245s] Level 1:colcon.colcon_core.package_identification:_identify(.) by extensions ['ros']
[0.245s] Level 1:colcon.colcon_core.package_identification:_identify(.) by extension 'ros'
[0.261s] Level 1:colcon.colcon_core.package_identification:_identify(.) by extensions ['cmake', 'python']
[0.262s] Level 1:colcon.colcon_core.package_identification:_identify(.) by extension 'cmake'
[0.262s] Level 1:colcon.colcon_core.package_identification:_identify(.) by extension 'python'
[0.262s] Level 1:colcon.colcon_core.package_identification:_identify(.) by extensions ['python_setup_py']
[0.262s] Level 1:colcon.colcon_core.package_identification:_identify(.) by extension 'python_setup_py'
[0.262s] Level 1:colcon.colcon_core.package_identification:_identify(build) by extensions ['ignore', 'ignore_ament_install']
[0.262s] Level 1:colcon.colcon_core.package_identification:_identify(build) by extension 'ignore'
[0.262s] Level 1:colcon.colcon_core.package_identification:_identify(build) ignored
[0.263s] Level 1:colcon.colcon_core.package_identification:_identify(install) by extensions ['ignore', 'ignore_ament_install']
[0.263s] Level 1:colcon.colcon_core.package_identification:_identify(install) by extension 'ignore'
[0.263s] Level 1:colcon.colcon_core.package_identification:_identify(install) ignored
[0.263s] Level 1:colcon.colcon_core.package_identification:_identify(log) by extensions ['ignore', 'ignore_ament_install']
[0.263s] Level 1:colcon.colcon_core.package_identification:_identify(log) by extension 'ignore'
[0.263s] Level 1:colcon.colcon_core.package_identification:_identify(log) ignored
[0.263s] Level 1:colcon.colcon_core.package_identification:_identify(src) by extensions ['ignore', 'ignore_ament_install']
[0.263s] Level 1:colcon.colcon_core.package_identification:_identify(src) by extension 'ignore'
[0.263s] Level 1:colcon.colcon_core.package_identification:_identify(src) by extension 'ignore_ament_install'
[0.263s] Level 1:colcon.colcon_core.package_identification:_identify(src) by extensions ['colcon_pkg']
[0.263s] Level 1:colcon.colcon_core.package_identification:_identify(src) by extension 'colcon_pkg'
[0.264s] Level 1:colcon.colcon_core.package_identification:_identify(src) by extensions ['colcon_meta']
[0.264s] Level 1:colcon.colcon_core.package_identification:_identify(src) by extension 'colcon_meta'
[0.264s] Level 1:colcon.colcon_core.package_identification:_identify(src) by extensions ['ros']
[0.264s] Level 1:colcon.colcon_core.package_identification:_identify(src) by extension 'ros'
[0.264s] Level 1:colcon.colcon_core.package_identification:_identify(src) by extensions ['cmake', 'python']
[0.264s] Level 1:colcon.colcon_core.package_identification:_identify(src) by extension 'cmake'
[0.264s] Level 1:colcon.colcon_core.package_identification:_identify(src) by extension 'python'
[0.264s] Level 1:colcon.colcon_core.package_identification:_identify(src) by extensions ['python_setup_py']
[0.264s] Level 1:colcon.colcon_core.package_identification:_identify(src) by extension 'python_setup_py'
[0.264s] Level 1:colcon.colcon_core.package_identification:_identify(src/ros2_shared) by extensions ['ignore', 'ignore_ament_install']
[0.264s] Level 1:colcon.colcon_core.package_identification:_identify(src/ros2_shared) by extension 'ignore'
[0.264s] Level 1:colcon.colcon_core.package_identification:_identify(src/ros2_shared) by extension 'ignore_ament_install'
[0.264s] Level 1:colcon.colcon_core.package_identification:_identify(src/ros2_shared) by extensions ['colcon_pkg']
[0.264s] Level 1:colcon.colcon_core.package_identification:_identify(src/ros2_shared) by extension 'colcon_pkg'
[0.265s] Level 1:colcon.colcon_core.package_identification:_identify(src/ros2_shared) by extensions ['colcon_meta']
[0.265s] Level 1:colcon.colcon_core.package_identification:_identify(src/ros2_shared) by extension 'colcon_meta'
[0.265s] Level 1:colcon.colcon_core.package_identification:_identify(src/ros2_shared) by extensions ['ros']
[0.265s] Level 1:colcon.colcon_core.package_identification:_identify(src/ros2_shared) by extension 'ros'
[0.267s] DEBUG:colcon.colcon_core.package_identification:Package 'src/ros2_shared' with type 'ros.ament_cmake' and name 'ros2_shared'
[0.268s] Level 1:colcon.colcon_core.package_identification:_identify(src/tello_ros) by extensions ['ignore', 'ignore_ament_install']
[0.268s] Level 1:colcon.colcon_core.package_identification:_identify(src/tello_ros) by extension 'ignore'
[0.268s] Level 1:colcon.colcon_core.package_identification:_identify(src/tello_ros) by extension 'ignore_ament_install'
[0.268s] Level 1:colcon.colcon_core.package_identification:_identify(src/tello_ros) by extensions ['colcon_pkg']
[0.268s] Level 1:colcon.colcon_core.package_identification:_identify(src/tello_ros) by extension 'colcon_pkg'
[0.268s] Level 1:colcon.colcon_core.package_identification:_identify(src/tello_ros) by extensions ['colcon_meta']
[0.268s] Level 1:colcon.colcon_core.package_identification:_identify(src/tello_ros) by extension 'colcon_meta'
[0.268s] Level 1:colcon.colcon_core.package_identification:_identify(src/tello_ros) by extensions ['ros']
[0.268s] Level 1:colcon.colcon_core.package_identification:_identify(src/tello_ros) by extension 'ros'
[0.268s] Level 1:colcon.colcon_core.package_identification:_identify(src/tello_ros) by extensions ['cmake', 'python']
[0.268s] Level 1:colcon.colcon_core.package_identification:_identify(src/tello_ros) by extension 'cmake'
[0.268s] Level 1:colcon.colcon_core.package_identification:_identify(src/tello_ros) by extension 'python'
[0.268s] Level 1:colcon.colcon_core.package_identification:_identify(src/tello_ros) by extensions ['python_setup_py']
[0.269s] Level 1:colcon.colcon_core.package_identification:_identify(src/tello_ros) by extension 'python_setup_py'
[0.269s] Level 1:colcon.colcon_core.package_identification:_identify(src/tello_ros/tello_description) by extensions ['ignore', 'ignore_ament_install']
[0.269s] Level 1:colcon.colcon_core.package_identification:_identify(src/tello_ros/tello_description) by extension 'ignore'
[0.269s] Level 1:colcon.colcon_core.package_identification:_identify(src/tello_ros/tello_description) by extension 'ignore_ament_install'
[0.269s] Level 1:colcon.colcon_core.package_identification:_identify(src/tello_ros/tello_description) by extensions ['colcon_pkg']
[0.269s] Level 1:colcon.colcon_core.package_identification:_identify(src/tello_ros/tello_description) by extension 'colcon_pkg'
[0.269s] Level 1:colcon.colcon_core.package_identification:_identify(src/tello_ros/tello_description) by extensions ['colcon_meta']
[0.269s] Level 1:colcon.colcon_core.package_identification:_identify(src/tello_ros/tello_description) by extension 'colcon_meta'
[0.269s] Level 1:colcon.colcon_core.package_identification:_identify(src/tello_ros/tello_description) by extensions ['ros']
[0.269s] Level 1:colcon.colcon_core.package_identification:_identify(src/tello_ros/tello_description) by extension 'ros'
[0.270s] DEBUG:colcon.colcon_core.package_identification:Package 'src/tello_ros/tello_description' with type 'ros.ament_cmake' and name 'tello_description'
[0.270s] Level 1:colcon.colcon_core.package_identification:_identify(src/tello_ros/tello_driver) by extensions ['ignore', 'ignore_ament_install']
[0.270s] Level 1:colcon.colcon_core.package_identification:_identify(src/tello_ros/tello_driver) by extension 'ignore'
[0.271s] Level 1:colcon.colcon_core.package_identification:_identify(src/tello_ros/tello_driver) by extension 'ignore_ament_install'
[0.271s] Level 1:colcon.colcon_core.package_identification:_identify(src/tello_ros/tello_driver) by extensions ['colcon_pkg']
[0.271s] Level 1:colcon.colcon_core.package_identification:_identify(src/tello_ros/tello_driver) by extension 'colcon_pkg'
[0.271s] Level 1:colcon.colcon_core.package_identification:_identify(src/tello_ros/tello_driver) by extensions ['colcon_meta']
[0.271s] Level 1:colcon.colcon_core.package_identification:_identify(src/tello_ros/tello_driver) by extension 'colcon_meta'
[0.271s] Level 1:colcon.colcon_core.package_identification:_identify(src/tello_ros/tello_driver) by extensions ['ros']
[0.271s] Level 1:colcon.colcon_core.package_identification:_identify(src/tello_ros/tello_driver) by extension 'ros'
[0.273s] DEBUG:colcon.colcon_core.package_identification:Package 'src/tello_ros/tello_driver' with type 'ros.ament_cmake' and name 'tello_driver'
[0.273s] Level 1:colcon.colcon_core.package_identification:_identify(src/tello_ros/tello_gazebo) by extensions ['ignore', 'ignore_ament_install']
[0.273s] Level 1:colcon.colcon_core.package_identification:_identify(src/tello_ros/tello_gazebo) by extension 'ignore'
[0.273s] Level 1:colcon.colcon_core.package_identification:_identify(src/tello_ros/tello_gazebo) by extension 'ignore_ament_install'
[0.273s] Level 1:colcon.colcon_core.package_identification:_identify(src/tello_ros/tello_gazebo) by extensions ['colcon_pkg']
[0.273s] Level 1:colcon.colcon_core.package_identification:_identify(src/tello_ros/tello_gazebo) by extension 'colcon_pkg'
[0.273s] Level 1:colcon.colcon_core.package_identification:_identify(src/tello_ros/tello_gazebo) by extensions ['colcon_meta']
[0.273s] Level 1:colcon.colcon_core.package_identification:_identify(src/tello_ros/tello_gazebo) by extension 'colcon_meta'
[0.273s] Level 1:colcon.colcon_core.package_identification:_identify(src/tello_ros/tello_gazebo) by extensions ['ros']
[0.273s] Level 1:colcon.colcon_core.package_identification:_identify(src/tello_ros/tello_gazebo) by extension 'ros'
[0.275s] DEBUG:colcon.colcon_core.package_identification:Package 'src/tello_ros/tello_gazebo' with type 'ros.ament_cmake' and name 'tello_gazebo'
[0.275s] Level 1:colcon.colcon_core.package_identification:_identify(src/tello_ros/tello_msgs) by extensions ['ignore', 'ignore_ament_install']
[0.275s] Level 1:colcon.colcon_core.package_identification:_identify(src/tello_ros/tello_msgs) by extension 'ignore'
[0.275s] Level 1:colcon.colcon_core.package_identification:_identify(src/tello_ros/tello_msgs) by extension 'ignore_ament_install'
[0.275s] Level 1:colcon.colcon_core.package_identification:_identify(src/tello_ros/tello_msgs) by extensions ['colcon_pkg']
[0.275s] Level 1:colcon.colcon_core.package_identification:_identify(src/tello_ros/tello_msgs) by extension 'colcon_pkg'
[0.275s] Level 1:colcon.colcon_core.package_identification:_identify(src/tello_ros/tello_msgs) by extensions ['colcon_meta']
[0.275s] Level 1:colcon.colcon_core.package_identification:_identify(src/tello_ros/tello_msgs) by extension 'colcon_meta'
[0.275s] Level 1:colcon.colcon_core.package_identification:_identify(src/tello_ros/tello_msgs) by extensions ['ros']
[0.275s] Level 1:colcon.colcon_core.package_identification:_identify(src/tello_ros/tello_msgs) by extension 'ros'
[0.276s] DEBUG:colcon.colcon_core.package_identification:Package 'src/tello_ros/tello_msgs' with type 'ros.ament_cmake' and name 'tello_msgs'
[0.276s] Level 1:colcon.colcon_core.package_discovery:discover_packages(recursive) using defaults
[0.276s] Level 1:colcon.colcon_core.package_discovery:discover_packages(ignore) discover
[0.276s] Level 1:colcon.colcon_core.package_discovery:discover_packages(ignore) using defaults
[0.276s] Level 1:colcon.colcon_core.package_discovery:discover_packages(path) discover
[0.276s] Level 1:colcon.colcon_core.package_discovery:discover_packages(path) using defaults
[0.311s] Level 5:colcon.colcon_core.verb:set package 'ros2_shared' build argument 'cmake_args' from command line to 'None'
[0.311s] Level 5:colcon.colcon_core.verb:set package 'ros2_shared' build argument 'cmake_target' from command line to 'None'
[0.311s] Level 5:colcon.colcon_core.verb:set package 'ros2_shared' build argument 'cmake_target_skip_unavailable' from command line to 'False'
[0.311s] Level 5:colcon.colcon_core.verb:set package 'ros2_shared' build argument 'cmake_clean_cache' from command line to 'False'
[0.311s] Level 5:colcon.colcon_core.verb:set package 'ros2_shared' build argument 'cmake_clean_first' from command line to 'False'
[0.311s] Level 5:colcon.colcon_core.verb:set package 'ros2_shared' build argument 'cmake_force_configure' from command line to 'False'
[0.311s] Level 5:colcon.colcon_core.verb:set package 'ros2_shared' build argument 'ament_cmake_args' from command line to 'None'
[0.311s] Level 5:colcon.colcon_core.verb:set package 'ros2_shared' build argument 'catkin_cmake_args' from command line to 'None'
[0.311s] Level 5:colcon.colcon_core.verb:set package 'ros2_shared' build argument 'catkin_skip_building_tests' from command line to 'False'
[0.311s] DEBUG:colcon.colcon_core.verb:Building package 'ros2_shared' with the following arguments: {'ament_cmake_args': None, 'build_base': '/home/wuray/tello_ros_ws/build/ros2_shared', 'catkin_cmake_args': None, 'catkin_skip_building_tests': False, 'cmake_args': None, 'cmake_clean_cache': False, 'cmake_clean_first': False, 'cmake_force_configure': False, 'cmake_target': None, 'cmake_target_skip_unavailable': False, 'install_base': '/home/wuray/tello_ros_ws/install/ros2_shared', 'merge_install': False, 'path': '/home/wuray/tello_ros_ws/src/ros2_shared', 'symlink_install': False, 'test_result_base': None}
[0.316s] Level 5:colcon.colcon_core.verb:set package 'tello_description' build argument 'cmake_args' from command line to 'None'
[0.316s] Level 5:colcon.colcon_core.verb:set package 'tello_description' build argument 'cmake_target' from command line to 'None'
[0.316s] Level 5:colcon.colcon_core.verb:set package 'tello_description' build argument 'cmake_target_skip_unavailable' from command line to 'False'
[0.316s] Level 5:colcon.colcon_core.verb:set package 'tello_description' build argument 'cmake_clean_cache' from command line to 'False'
[0.316s] Level 5:colcon.colcon_core.verb:set package 'tello_description' build argument 'cmake_clean_first' from command line to 'False'
[0.316s] Level 5:colcon.colcon_core.verb:set package 'tello_description' build argument 'cmake_force_configure' from command line to 'False'
[0.316s] Level 5:colcon.colcon_core.verb:set package 'tello_description' build argument 'ament_cmake_args' from command line to 'None'
[0.316s] Level 5:colcon.colcon_core.verb:set package 'tello_description' build argument 'catkin_cmake_args' from command line to 'None'
[0.316s] Level 5:colcon.colcon_core.verb:set package 'tello_description' build argument 'catkin_skip_building_tests' from command line to 'False'
[0.316s] DEBUG:colcon.colcon_core.verb:Building package 'tello_description' with the following arguments: {'ament_cmake_args': None, 'build_base': '/home/wuray/tello_ros_ws/build/tello_description', 'catkin_cmake_args': None, 'catkin_skip_building_tests': False, 'cmake_args': None, 'cmake_clean_cache': False, 'cmake_clean_first': False, 'cmake_force_configure': False, 'cmake_target': None, 'cmake_target_skip_unavailable': False, 'install_base': '/home/wuray/tello_ros_ws/install/tello_description', 'merge_install': False, 'path': '/home/wuray/tello_ros_ws/src/tello_ros/tello_description', 'symlink_install': False, 'test_result_base': None}
[0.331s] Level 5:colcon.colcon_core.verb:set package 'tello_msgs' build argument 'cmake_args' from command line to 'None'
[0.331s] Level 5:colcon.colcon_core.verb:set package 'tello_msgs' build argument 'cmake_target' from command line to 'None'
[0.331s] Level 5:colcon.colcon_core.verb:set package 'tello_msgs' build argument 'cmake_target_skip_unavailable' from command line to 'False'
[0.331s] Level 5:colcon.colcon_core.verb:set package 'tello_msgs' build argument 'cmake_clean_cache' from command line to 'False'
[0.331s] Level 5:colcon.colcon_core.verb:set package 'tello_msgs' build argument 'cmake_clean_first' from command line to 'False'
[0.331s] Level 5:colcon.colcon_core.verb:set package 'tello_msgs' build argument 'cmake_force_configure' from command line to 'False'
[0.331s] Level 5:colcon.colcon_core.verb:set package 'tello_msgs' build argument 'ament_cmake_args' from command line to 'None'
[0.331s] Level 5:colcon.colcon_core.verb:set package 'tello_msgs' build argument 'catkin_cmake_args' from command line to 'None'
[0.331s] Level 5:colcon.colcon_core.verb:set package 'tello_msgs' build argument 'catkin_skip_building_tests' from command line to 'False'
[0.331s] DEBUG:colcon.colcon_core.verb:Building package 'tello_msgs' with the following arguments: {'ament_cmake_args': None, 'build_base': '/home/wuray/tello_ros_ws/build/tello_msgs', 'catkin_cmake_args': None, 'catkin_skip_building_tests': False, 'cmake_args': None, 'cmake_clean_cache': False, 'cmake_clean_first': False, 'cmake_force_configure': False, 'cmake_target': None, 'cmake_target_skip_unavailable': False, 'install_base': '/home/wuray/tello_ros_ws/install/tello_msgs', 'merge_install': False, 'path': '/home/wuray/tello_ros_ws/src/tello_ros/tello_msgs', 'symlink_install': False, 'test_result_base': None}
[0.336s] Level 5:colcon.colcon_core.verb:set package 'tello_driver' build argument 'cmake_args' from command line to 'None'
[0.336s] Level 5:colcon.colcon_core.verb:set package 'tello_driver' build argument 'cmake_target' from command line to 'None'
[0.336s] Level 5:colcon.colcon_core.verb:set package 'tello_driver' build argument 'cmake_target_skip_unavailable' from command line to 'False'
[0.336s] Level 5:colcon.colcon_core.verb:set package 'tello_driver' build argument 'cmake_clean_cache' from command line to 'False'
[0.336s] Level 5:colcon.colcon_core.verb:set package 'tello_driver' build argument 'cmake_clean_first' from command line to 'False'
[0.336s] Level 5:colcon.colcon_core.verb:set package 'tello_driver' build argument 'cmake_force_configure' from command line to 'False'
[0.336s] Level 5:colcon.colcon_core.verb:set package 'tello_driver' build argument 'ament_cmake_args' from command line to 'None'
[0.336s] Level 5:colcon.colcon_core.verb:set package 'tello_driver' build argument 'catkin_cmake_args' from command line to 'None'
[0.336s] Level 5:colcon.colcon_core.verb:set package 'tello_driver' build argument 'catkin_skip_building_tests' from command line to 'False'
[0.336s] DEBUG:colcon.colcon_core.verb:Building package 'tello_driver' with the following arguments: {'ament_cmake_args': None, 'build_base': '/home/wuray/tello_ros_ws/build/tello_driver', 'catkin_cmake_args': None, 'catkin_skip_building_tests': False, 'cmake_args': None, 'cmake_clean_cache': False, 'cmake_clean_first': False, 'cmake_force_configure': False, 'cmake_target': None, 'cmake_target_skip_unavailable': False, 'install_base': '/home/wuray/tello_ros_ws/install/tello_driver', 'merge_install': False, 'path': '/home/wuray/tello_ros_ws/src/tello_ros/tello_driver', 'symlink_install': False, 'test_result_base': None}
[0.340s] Level 5:colcon.colcon_core.verb:set package 'tello_gazebo' build argument 'cmake_args' from command line to 'None'
[0.340s] Level 5:colcon.colcon_core.verb:set package 'tello_gazebo' build argument 'cmake_target' from command line to 'None'
[0.340s] Level 5:colcon.colcon_core.verb:set package 'tello_gazebo' build argument 'cmake_target_skip_unavailable' from command line to 'False'
[0.340s] Level 5:colcon.colcon_core.verb:set package 'tello_gazebo' build argument 'cmake_clean_cache' from command line to 'False'
[0.340s] Level 5:colcon.colcon_core.verb:set package 'tello_gazebo' build argument 'cmake_clean_first' from command line to 'False'
[0.340s] Level 5:colcon.colcon_core.verb:set package 'tello_gazebo' build argument 'cmake_force_configure' from command line to 'False'
[0.340s] Level 5:colcon.colcon_core.verb:set package 'tello_gazebo' build argument 'ament_cmake_args' from command line to 'None'
[0.340s] Level 5:colcon.colcon_core.verb:set package 'tello_gazebo' build argument 'catkin_cmake_args' from command line to 'None'
[0.341s] Level 5:colcon.colcon_core.verb:set package 'tello_gazebo' build argument 'catkin_skip_building_tests' from command line to 'False'
[0.341s] DEBUG:colcon.colcon_core.verb:Building package 'tello_gazebo' with the following arguments: {'ament_cmake_args': None, 'build_base': '/home/wuray/tello_ros_ws/build/tello_gazebo', 'catkin_cmake_args': None, 'catkin_skip_building_tests': False, 'cmake_args': None, 'cmake_clean_cache': False, 'cmake_clean_first': False, 'cmake_force_configure': False, 'cmake_target': None, 'cmake_target_skip_unavailable': False, 'install_base': '/home/wuray/tello_ros_ws/install/tello_gazebo', 'merge_install': False, 'path': '/home/wuray/tello_ros_ws/src/tello_ros/tello_gazebo', 'symlink_install': False, 'test_result_base': None}
[0.341s] INFO:colcon.colcon_core.executor:Executing jobs using 'parallel' executor
[0.344s] DEBUG:colcon.colcon_parallel_executor.executor.parallel:run_until_complete
[0.345s] INFO:colcon.colcon_ros.task.ament_cmake.build:Building ROS package in '/home/wuray/tello_ros_ws/src/tello_ros/tello_msgs' with build type 'ament_cmake'
[0.345s] INFO:colcon.colcon_cmake.task.cmake.build:Building CMake package in '/home/wuray/tello_ros_ws/src/tello_ros/tello_msgs'
[0.350s] INFO:colcon.colcon_core.plugin_system:Skipping extension 'colcon_core.shell.bat': Not used on non-Windows systems
[0.350s] INFO:colcon.colcon_core.shell:Skip shell extension 'powershell' for command environment: Not usable outside of PowerShell
[0.350s] DEBUG:colcon.colcon_core.shell:Skip shell extension 'dsv' for command environment
[0.354s] DEBUG:colcon.colcon_core.shell:Ignoring prefix path '/opt/ros/dashing'
[0.354s] DEBUG:colcon.colcon_core.shell:Ignoring prefix path '/home/wuray/flock_catkin_ws/devel'
[0.354s] DEBUG:colcon.colcon_core.shell:Ignoring prefix path '/opt/ros/melodic'
[0.357s] INFO:colcon.colcon_ros.task.ament_cmake.build:Building ROS package in '/home/wuray/tello_ros_ws/src/ros2_shared' with build type 'ament_cmake'
[0.358s] INFO:colcon.colcon_cmake.task.cmake.build:Building CMake package in '/home/wuray/tello_ros_ws/src/ros2_shared'
[0.359s] INFO:colcon.colcon_core.shell:Skip shell extension 'powershell' for command environment: Not usable outside of PowerShell
[0.360s] DEBUG:colcon.colcon_core.shell:Skip shell extension 'dsv' for command environment
[0.363s] DEBUG:colcon.colcon_core.shell:Ignoring prefix path '/opt/ros/dashing'
[0.363s] DEBUG:colcon.colcon_core.shell:Ignoring prefix path '/home/wuray/flock_catkin_ws/devel'
[0.363s] DEBUG:colcon.colcon_core.shell:Ignoring prefix path '/opt/ros/melodic'
[0.366s] INFO:colcon.colcon_ros.task.ament_cmake.build:Building ROS package in '/home/wuray/tello_ros_ws/src/tello_ros/tello_description' with build type 'ament_cmake'
[0.366s] INFO:colcon.colcon_cmake.task.cmake.build:Building CMake package in '/home/wuray/tello_ros_ws/src/tello_ros/tello_description'
[0.368s] INFO:colcon.colcon_core.shell:Skip shell extension 'powershell' for command environment: Not usable outside of PowerShell
[0.368s] DEBUG:colcon.colcon_core.shell:Skip shell extension 'dsv' for command environment
[0.371s] DEBUG:colcon.colcon_core.shell:Ignoring prefix path '/opt/ros/dashing'
[0.371s] DEBUG:colcon.colcon_core.shell:Ignoring prefix path '/home/wuray/flock_catkin_ws/devel'
[0.371s] DEBUG:colcon.colcon_core.shell:Ignoring prefix path '/opt/ros/melodic'
[0.390s] DEBUG:colcon.colcon_core.event_handler.log_command:Invoking command in '/home/wuray/tello_ros_ws/build/tello_msgs': CMAKE_PREFIX_PATH=/home/wuray/tello_ros_ws/install/tello_description:/home/wuray/tello_ros_ws/install/ros2_shared:/opt/ros/dashing:/home/wuray/flock_catkin_ws/devel:/opt/ros/melodic /usr/local/bin/cmake --build /home/wuray/tello_ros_ws/build/tello_msgs -- -j4 -l4
[0.397s] DEBUG:colcon.colcon_core.event_handler.log_command:Invoking command in '/home/wuray/tello_ros_ws/build/ros2_shared': CMAKE_PREFIX_PATH=/home/wuray/tello_ros_ws/install/tello_description:/home/wuray/tello_ros_ws/install/ros2_shared:/opt/ros/dashing:/home/wuray/flock_catkin_ws/devel:/opt/ros/melodic /usr/local/bin/cmake --build /home/wuray/tello_ros_ws/build/ros2_shared -- -j4 -l4
[0.403s] DEBUG:colcon.colcon_core.event_handler.log_command:Invoking command in '/home/wuray/tello_ros_ws/build/tello_description': CMAKE_PREFIX_PATH=/home/wuray/tello_ros_ws/install/tello_description:/home/wuray/tello_ros_ws/install/ros2_shared:/opt/ros/dashing:/home/wuray/flock_catkin_ws/devel:/opt/ros/melodic /usr/local/bin/cmake --build /home/wuray/tello_ros_ws/build/tello_description -- -j4 -l4
[0.429s] DEBUG:colcon.colcon_core.event_handler.log_command:Invoked command in '/home/wuray/tello_ros_ws/build/ros2_shared' returned '0': CMAKE_PREFIX_PATH=/home/wuray/tello_ros_ws/install/tello_description:/home/wuray/tello_ros_ws/install/ros2_shared:/opt/ros/dashing:/home/wuray/flock_catkin_ws/devel:/opt/ros/melodic /usr/local/bin/cmake --build /home/wuray/tello_ros_ws/build/ros2_shared -- -j4 -l4
[0.505s] DEBUG:colcon.colcon_core.event_handler.log_command:Invoking command in '/home/wuray/tello_ros_ws/build/ros2_shared': CMAKE_PREFIX_PATH=/home/wuray/tello_ros_ws/install/tello_description:/home/wuray/tello_ros_ws/install/ros2_shared:/opt/ros/dashing:/home/wuray/flock_catkin_ws/devel:/opt/ros/melodic /usr/local/bin/cmake --install /home/wuray/tello_ros_ws/build/ros2_shared
[0.509s] DEBUG:colcon.colcon_core.event_handler.log_command:Invoked command in '/home/wuray/tello_ros_ws/build/tello_description' returned '0': CMAKE_PREFIX_PATH=/home/wuray/tello_ros_ws/install/tello_description:/home/wuray/tello_ros_ws/install/ros2_shared:/opt/ros/dashing:/home/wuray/flock_catkin_ws/devel:/opt/ros/melodic /usr/local/bin/cmake --build /home/wuray/tello_ros_ws/build/tello_description -- -j4 -l4
[0.517s] Level 1:colcon.colcon_core.environment:create_environment_scripts_only(ros2_shared)
[0.520s] DEBUG:colcon.colcon_core.event_handler.log_command:Invoked command in '/home/wuray/tello_ros_ws/build/ros2_shared' returned '0': CMAKE_PREFIX_PATH=/home/wuray/tello_ros_ws/install/tello_description:/home/wuray/tello_ros_ws/install/ros2_shared:/opt/ros/dashing:/home/wuray/flock_catkin_ws/devel:/opt/ros/melodic /usr/local/bin/cmake --install /home/wuray/tello_ros_ws/build/ros2_shared
[0.526s] Level 1:colcon.colcon_core.environment:checking '/home/wuray/tello_ros_ws/install/ros2_shared' for CMake module files
[0.527s] Level 1:colcon.colcon_core.environment:checking '/home/wuray/tello_ros_ws/install/ros2_shared' for CMake config files
[0.527s] Level 1:colcon.colcon_core.shell:create_environment_hook('ros2_shared', 'cmake_prefix_path')
[0.528s] INFO:colcon.colcon_core.shell:Creating environment hook '/home/wuray/tello_ros_ws/install/ros2_shared/share/ros2_shared/hook/cmake_prefix_path.ps1'
[0.529s] INFO:colcon.colcon_core.shell:Creating environment descriptor '/home/wuray/tello_ros_ws/install/ros2_shared/share/ros2_shared/hook/cmake_prefix_path.dsv'
[0.530s] INFO:colcon.colcon_core.shell:Creating environment hook '/home/wuray/tello_ros_ws/install/ros2_shared/share/ros2_shared/hook/cmake_prefix_path.sh'
[0.532s] Level 1:colcon.colcon_core.environment:checking '/home/wuray/tello_ros_ws/install/ros2_shared/bin'
[0.532s] Level 1:colcon.colcon_core.environment:checking '/home/wuray/tello_ros_ws/install/ros2_shared/lib/pkgconfig/ros2_shared.pc'
[0.532s] Level 1:colcon.colcon_core.environment:checking '/home/wuray/tello_ros_ws/install/ros2_shared/lib/python3.6/site-packages'
[0.534s] INFO:colcon.colcon_core.shell:Creating package script '/home/wuray/tello_ros_ws/install/ros2_shared/share/ros2_shared/package.ps1'
[0.535s] INFO:colcon.colcon_core.shell:Creating package descriptor '/home/wuray/tello_ros_ws/install/ros2_shared/share/ros2_shared/package.dsv'
[0.537s] INFO:colcon.colcon_core.shell:Creating package script '/home/wuray/tello_ros_ws/install/ros2_shared/share/ros2_shared/package.sh'
[0.538s] INFO:colcon.colcon_core.shell:Creating package script '/home/wuray/tello_ros_ws/install/ros2_shared/share/ros2_shared/package.bash'
[0.540s] INFO:colcon.colcon_core.shell:Creating package script '/home/wuray/tello_ros_ws/install/ros2_shared/share/ros2_shared/package.zsh'
[0.541s] Level 1:colcon.colcon_core.environment:create_file_with_runtime_dependencies(/home/wuray/tello_ros_ws/install/ros2_shared/share/colcon-core/packages/ros2_shared)
[0.550s] DEBUG:colcon.colcon_core.event_handler.log_command:Invoking command in '/home/wuray/tello_ros_ws/build/tello_description': CMAKE_PREFIX_PATH=/home/wuray/tello_ros_ws/install/tello_description:/home/wuray/tello_ros_ws/install/ros2_shared:/opt/ros/dashing:/home/wuray/flock_catkin_ws/devel:/opt/ros/melodic /usr/local/bin/cmake --install /home/wuray/tello_ros_ws/build/tello_description
[0.561s] Level 1:colcon.colcon_core.environment:create_environment_scripts_only(tello_description)
[0.564s] Level 1:colcon.colcon_core.environment:checking '/home/wuray/tello_ros_ws/install/tello_description' for CMake module files
[0.565s] DEBUG:colcon.colcon_core.event_handler.log_command:Invoked command in '/home/wuray/tello_ros_ws/build/tello_description' returned '0': CMAKE_PREFIX_PATH=/home/wuray/tello_ros_ws/install/tello_description:/home/wuray/tello_ros_ws/install/ros2_shared:/opt/ros/dashing:/home/wuray/flock_catkin_ws/devel:/opt/ros/melodic /usr/local/bin/cmake --install /home/wuray/tello_ros_ws/build/tello_description
[0.566s] Level 1:colcon.colcon_core.environment:checking '/home/wuray/tello_ros_ws/install/tello_description' for CMake config files
[0.566s] Level 1:colcon.colcon_core.shell:create_environment_hook('tello_description', 'cmake_prefix_path')
[0.567s] INFO:colcon.colcon_core.shell:Creating environment hook '/home/wuray/tello_ros_ws/install/tello_description/share/tello_description/hook/cmake_prefix_path.ps1'
[0.568s] INFO:colcon.colcon_core.shell:Creating environment descriptor '/home/wuray/tello_ros_ws/install/tello_description/share/tello_description/hook/cmake_prefix_path.dsv'
[0.569s] INFO:colcon.colcon_core.shell:Creating environment hook '/home/wuray/tello_ros_ws/install/tello_description/share/tello_description/hook/cmake_prefix_path.sh'
[0.570s] Level 1:colcon.colcon_core.environment:checking '/home/wuray/tello_ros_ws/install/tello_description/bin'
[0.570s] Level 1:colcon.colcon_core.environment:checking '/home/wuray/tello_ros_ws/install/tello_description/lib/pkgconfig/tello_description.pc'
[0.570s] Level 1:colcon.colcon_core.environment:checking '/home/wuray/tello_ros_ws/install/tello_description/lib/python3.6/site-packages'
[0.572s] INFO:colcon.colcon_core.shell:Creating package script '/home/wuray/tello_ros_ws/install/tello_description/share/tello_description/package.ps1'
[0.573s] INFO:colcon.colcon_core.shell:Creating package descriptor '/home/wuray/tello_ros_ws/install/tello_description/share/tello_description/package.dsv'
[0.574s] INFO:colcon.colcon_core.shell:Creating package script '/home/wuray/tello_ros_ws/install/tello_description/share/tello_description/package.sh'
[0.574s] INFO:colcon.colcon_core.shell:Creating package script '/home/wuray/tello_ros_ws/install/tello_description/share/tello_description/package.bash'
[0.575s] INFO:colcon.colcon_core.shell:Creating package script '/home/wuray/tello_ros_ws/install/tello_description/share/tello_description/package.zsh'
[0.575s] Level 1:colcon.colcon_core.environment:create_file_with_runtime_dependencies(/home/wuray/tello_ros_ws/install/tello_description/share/colcon-core/packages/tello_description)
[0.582s] Level 1:colcon.colcon_core.environment:create_environment_scripts_only(ros2_shared)
[0.584s] Level 1:colcon.colcon_core.environment:checking '/home/wuray/tello_ros_ws/install/ros2_shared' for CMake module files
[0.584s] Level 1:colcon.colcon_core.environment:checking '/home/wuray/tello_ros_ws/install/ros2_shared' for CMake config files
[0.585s] Level 1:colcon.colcon_core.shell:create_environment_hook('ros2_shared', 'cmake_prefix_path')
[0.585s] INFO:colcon.colcon_core.shell:Creating environment hook '/home/wuray/tello_ros_ws/install/ros2_shared/share/ros2_shared/hook/cmake_prefix_path.ps1'
[0.586s] INFO:colcon.colcon_core.shell:Creating environment descriptor '/home/wuray/tello_ros_ws/install/ros2_shared/share/ros2_shared/hook/cmake_prefix_path.dsv'
[0.588s] INFO:colcon.colcon_core.shell:Creating environment hook '/home/wuray/tello_ros_ws/install/ros2_shared/share/ros2_shared/hook/cmake_prefix_path.sh'
[0.589s] Level 1:colcon.colcon_core.environment:checking '/home/wuray/tello_ros_ws/install/ros2_shared/bin'
[0.589s] Level 1:colcon.colcon_core.environment:checking '/home/wuray/tello_ros_ws/install/ros2_shared/lib/pkgconfig/ros2_shared.pc'
[0.589s] Level 1:colcon.colcon_core.environment:checking '/home/wuray/tello_ros_ws/install/ros2_shared/lib/python3.6/site-packages'
[0.591s] INFO:colcon.colcon_core.shell:Creating package script '/home/wuray/tello_ros_ws/install/ros2_shared/share/ros2_shared/package.ps1'
[0.591s] INFO:colcon.colcon_core.shell:Creating package descriptor '/home/wuray/tello_ros_ws/install/ros2_shared/share/ros2_shared/package.dsv'
[0.592s] INFO:colcon.colcon_core.shell:Creating package script '/home/wuray/tello_ros_ws/install/ros2_shared/share/ros2_shared/package.sh'
[0.593s] INFO:colcon.colcon_core.shell:Creating package script '/home/wuray/tello_ros_ws/install/ros2_shared/share/ros2_shared/package.bash'
[0.594s] INFO:colcon.colcon_core.shell:Creating package script '/home/wuray/tello_ros_ws/install/ros2_shared/share/ros2_shared/package.zsh'
[0.594s] Level 1:colcon.colcon_core.environment:create_file_with_runtime_dependencies(/home/wuray/tello_ros_ws/install/ros2_shared/share/colcon-core/packages/ros2_shared)
[0.618s] DEBUG:colcon.colcon_core.event_handler.log_command:Invoked command in '/home/wuray/tello_ros_ws/build/tello_msgs' returned '0': CMAKE_PREFIX_PATH=/home/wuray/tello_ros_ws/install/tello_description:/home/wuray/tello_ros_ws/install/ros2_shared:/opt/ros/dashing:/home/wuray/flock_catkin_ws/devel:/opt/ros/melodic /usr/local/bin/cmake --build /home/wuray/tello_ros_ws/build/tello_msgs -- -j4 -l4
[0.623s] Level 1:colcon.colcon_core.environment:create_environment_scripts_only(tello_description)
[0.625s] Level 1:colcon.colcon_core.environment:checking '/home/wuray/tello_ros_ws/install/tello_description' for CMake module files
[0.626s] Level 1:colcon.colcon_core.environment:checking '/home/wuray/tello_ros_ws/install/tello_description' for CMake config files
[0.626s] Level 1:colcon.colcon_core.shell:create_environment_hook('tello_description', 'cmake_prefix_path')
[0.627s] INFO:colcon.colcon_core.shell:Creating environment hook '/home/wuray/tello_ros_ws/install/tello_description/share/tello_description/hook/cmake_prefix_path.ps1'
[0.628s] INFO:colcon.colcon_core.shell:Creating environment descriptor '/home/wuray/tello_ros_ws/install/tello_description/share/tello_description/hook/cmake_prefix_path.dsv'
[0.628s] INFO:colcon.colcon_core.shell:Creating environment hook '/home/wuray/tello_ros_ws/install/tello_description/share/tello_description/hook/cmake_prefix_path.sh'
[0.630s] Level 1:colcon.colcon_core.environment:checking '/home/wuray/tello_ros_ws/install/tello_description/bin'
[0.630s] Level 1:colcon.colcon_core.environment:checking '/home/wuray/tello_ros_ws/install/tello_description/lib/pkgconfig/tello_description.pc'
[0.630s] Level 1:colcon.colcon_core.environment:checking '/home/wuray/tello_ros_ws/install/tello_description/lib/python3.6/site-packages'
[0.631s] INFO:colcon.colcon_core.shell:Creating package script '/home/wuray/tello_ros_ws/install/tello_description/share/tello_description/package.ps1'
[0.632s] INFO:colcon.colcon_core.shell:Creating package descriptor '/home/wuray/tello_ros_ws/install/tello_description/share/tello_description/package.dsv'
[0.633s] INFO:colcon.colcon_core.shell:Creating package script '/home/wuray/tello_ros_ws/install/tello_description/share/tello_description/package.sh'
[0.633s] INFO:colcon.colcon_core.shell:Creating package script '/home/wuray/tello_ros_ws/install/tello_description/share/tello_description/package.bash'
[0.634s] INFO:colcon.colcon_core.shell:Creating package script '/home/wuray/tello_ros_ws/install/tello_description/share/tello_description/package.zsh'
[0.635s] Level 1:colcon.colcon_core.environment:create_file_with_runtime_dependencies(/home/wuray/tello_ros_ws/install/tello_description/share/colcon-core/packages/tello_description)
[0.716s] DEBUG:colcon.colcon_core.event_handler.log_command:Invoking command in '/home/wuray/tello_ros_ws/build/tello_msgs': CMAKE_PREFIX_PATH=/home/wuray/tello_ros_ws/install/tello_description:/home/wuray/tello_ros_ws/install/ros2_shared:/opt/ros/dashing:/home/wuray/flock_catkin_ws/devel:/opt/ros/melodic /usr/local/bin/cmake --install /home/wuray/tello_ros_ws/build/tello_msgs
[0.779s] Level 1:colcon.colcon_core.environment:create_environment_scripts_only(tello_msgs)
[0.781s] Level 1:colcon.colcon_core.environment:checking '/home/wuray/tello_ros_ws/install/tello_msgs' for CMake module files
[0.784s] DEBUG:colcon.colcon_core.event_handler.log_command:Invoked command in '/home/wuray/tello_ros_ws/build/tello_msgs' returned '0': CMAKE_PREFIX_PATH=/home/wuray/tello_ros_ws/install/tello_description:/home/wuray/tello_ros_ws/install/ros2_shared:/opt/ros/dashing:/home/wuray/flock_catkin_ws/devel:/opt/ros/melodic /usr/local/bin/cmake --install /home/wuray/tello_ros_ws/build/tello_msgs
[0.784s] Level 1:colcon.colcon_core.environment:checking '/home/wuray/tello_ros_ws/install/tello_msgs' for CMake config files
[0.785s] Level 1:colcon.colcon_core.shell:create_environment_hook('tello_msgs', 'cmake_prefix_path')
[0.785s] INFO:colcon.colcon_core.shell:Creating environment hook '/home/wuray/tello_ros_ws/install/tello_msgs/share/tello_msgs/hook/cmake_prefix_path.ps1'
[0.786s] INFO:colcon.colcon_core.shell:Creating environment descriptor '/home/wuray/tello_ros_ws/install/tello_msgs/share/tello_msgs/hook/cmake_prefix_path.dsv'
[0.787s] INFO:colcon.colcon_core.shell:Creating environment hook '/home/wuray/tello_ros_ws/install/tello_msgs/share/tello_msgs/hook/cmake_prefix_path.sh'
[0.788s] Level 1:colcon.colcon_core.environment:checking '/home/wuray/tello_ros_ws/install/tello_msgs/lib'
[0.788s] Level 1:colcon.colcon_core.shell:create_environment_hook('tello_msgs', 'ld_library_path_lib')
[0.789s] INFO:colcon.colcon_core.shell:Creating environment hook '/home/wuray/tello_ros_ws/install/tello_msgs/share/tello_msgs/hook/ld_library_path_lib.ps1'
[0.790s] INFO:colcon.colcon_core.shell:Creating environment descriptor '/home/wuray/tello_ros_ws/install/tello_msgs/share/tello_msgs/hook/ld_library_path_lib.dsv'
[0.790s] INFO:colcon.colcon_core.shell:Creating environment hook '/home/wuray/tello_ros_ws/install/tello_msgs/share/tello_msgs/hook/ld_library_path_lib.sh'
[0.791s] Level 1:colcon.colcon_core.environment:checking '/home/wuray/tello_ros_ws/install/tello_msgs/bin'
[0.791s] Level 1:colcon.colcon_core.environment:checking '/home/wuray/tello_ros_ws/install/tello_msgs/lib/pkgconfig/tello_msgs.pc'
[0.791s] Level 1:colcon.colcon_core.environment:checking '/home/wuray/tello_ros_ws/install/tello_msgs/lib/python3.6/site-packages'
[0.791s] Level 1:colcon.colcon_core.shell:create_environment_hook('tello_msgs', 'pythonpath')
[0.792s] INFO:colcon.colcon_core.shell:Creating environment hook '/home/wuray/tello_ros_ws/install/tello_msgs/share/tello_msgs/hook/pythonpath.ps1'
[0.792s] INFO:colcon.colcon_core.shell:Creating environment descriptor '/home/wuray/tello_ros_ws/install/tello_msgs/share/tello_msgs/hook/pythonpath.dsv'
[0.793s] INFO:colcon.colcon_core.shell:Creating environment hook '/home/wuray/tello_ros_ws/install/tello_msgs/share/tello_msgs/hook/pythonpath.sh'
[0.794s] INFO:colcon.colcon_core.shell:Creating package script '/home/wuray/tello_ros_ws/install/tello_msgs/share/tello_msgs/package.ps1'
[0.795s] INFO:colcon.colcon_core.shell:Creating package descriptor '/home/wuray/tello_ros_ws/install/tello_msgs/share/tello_msgs/package.dsv'
[0.796s] INFO:colcon.colcon_core.shell:Creating package script '/home/wuray/tello_ros_ws/install/tello_msgs/share/tello_msgs/package.sh'
[0.796s] INFO:colcon.colcon_core.shell:Creating package script '/home/wuray/tello_ros_ws/install/tello_msgs/share/tello_msgs/package.bash'
[0.797s] INFO:colcon.colcon_core.shell:Creating package script '/home/wuray/tello_ros_ws/install/tello_msgs/share/tello_msgs/package.zsh'
[0.797s] Level 1:colcon.colcon_core.environment:create_file_with_runtime_dependencies(/home/wuray/tello_ros_ws/install/tello_msgs/share/colcon-core/packages/tello_msgs)
[0.888s] Level 1:colcon.colcon_core.environment:create_environment_scripts_only(tello_msgs)
[0.890s] Level 1:colcon.colcon_core.environment:checking '/home/wuray/tello_ros_ws/install/tello_msgs' for CMake module files
[0.891s] Level 1:colcon.colcon_core.environment:checking '/home/wuray/tello_ros_ws/install/tello_msgs' for CMake config files
[0.891s] Level 1:colcon.colcon_core.shell:create_environment_hook('tello_msgs', 'cmake_prefix_path')
[0.892s] INFO:colcon.colcon_core.shell:Creating environment hook '/home/wuray/tello_ros_ws/install/tello_msgs/share/tello_msgs/hook/cmake_prefix_path.ps1'
[0.893s] INFO:colcon.colcon_core.shell:Creating environment descriptor '/home/wuray/tello_ros_ws/install/tello_msgs/share/tello_msgs/hook/cmake_prefix_path.dsv'
[0.893s] INFO:colcon.colcon_core.shell:Creating environment hook '/home/wuray/tello_ros_ws/install/tello_msgs/share/tello_msgs/hook/cmake_prefix_path.sh'
[0.894s] Level 1:colcon.colcon_core.environment:checking '/home/wuray/tello_ros_ws/install/tello_msgs/lib'
[0.894s] Level 1:colcon.colcon_core.shell:create_environment_hook('tello_msgs', 'ld_library_path_lib')
[0.896s] INFO:colcon.colcon_core.shell:Creating environment hook '/home/wuray/tello_ros_ws/install/tello_msgs/share/tello_msgs/hook/ld_library_path_lib.ps1'
[0.896s] INFO:colcon.colcon_core.shell:Creating environment descriptor '/home/wuray/tello_ros_ws/install/tello_msgs/share/tello_msgs/hook/ld_library_path_lib.dsv'
[0.897s] INFO:colcon.colcon_core.shell:Creating environment hook '/home/wuray/tello_ros_ws/install/tello_msgs/share/tello_msgs/hook/ld_library_path_lib.sh'
[0.897s] Level 1:colcon.colcon_core.environment:checking '/home/wuray/tello_ros_ws/install/tello_msgs/bin'
[0.897s] Level 1:colcon.colcon_core.environment:checking '/home/wuray/tello_ros_ws/install/tello_msgs/lib/pkgconfig/tello_msgs.pc'
[0.897s] Level 1:colcon.colcon_core.environment:checking '/home/wuray/tello_ros_ws/install/tello_msgs/lib/python3.6/site-packages'
[0.897s] Level 1:colcon.colcon_core.shell:create_environment_hook('tello_msgs', 'pythonpath')
[0.898s] INFO:colcon.colcon_core.shell:Creating environment hook '/home/wuray/tello_ros_ws/install/tello_msgs/share/tello_msgs/hook/pythonpath.ps1'
[0.899s] INFO:colcon.colcon_core.shell:Creating environment descriptor '/home/wuray/tello_ros_ws/install/tello_msgs/share/tello_msgs/hook/pythonpath.dsv'
[0.899s] INFO:colcon.colcon_core.shell:Creating environment hook '/home/wuray/tello_ros_ws/install/tello_msgs/share/tello_msgs/hook/pythonpath.sh'
[0.900s] INFO:colcon.colcon_core.shell:Creating package script '/home/wuray/tello_ros_ws/install/tello_msgs/share/tello_msgs/package.ps1'
[0.901s] INFO:colcon.colcon_core.shell:Creating package descriptor '/home/wuray/tello_ros_ws/install/tello_msgs/share/tello_msgs/package.dsv'
[0.902s] INFO:colcon.colcon_core.shell:Creating package script '/home/wuray/tello_ros_ws/install/tello_msgs/share/tello_msgs/package.sh'
[0.903s] INFO:colcon.colcon_core.shell:Creating package script '/home/wuray/tello_ros_ws/install/tello_msgs/share/tello_msgs/package.bash'
[0.903s] INFO:colcon.colcon_core.shell:Creating package script '/home/wuray/tello_ros_ws/install/tello_msgs/share/tello_msgs/package.zsh'
[0.904s] Level 1:colcon.colcon_core.environment:create_file_with_runtime_dependencies(/home/wuray/tello_ros_ws/install/tello_msgs/share/colcon-core/packages/tello_msgs)
[0.905s] INFO:colcon.colcon_ros.task.ament_cmake.build:Building ROS package in '/home/wuray/tello_ros_ws/src/tello_ros/tello_driver' with build type 'ament_cmake'
[0.905s] INFO:colcon.colcon_cmake.task.cmake.build:Building CMake package in '/home/wuray/tello_ros_ws/src/tello_ros/tello_driver'
[0.906s] INFO:colcon.colcon_core.shell:Skip shell extension 'powershell' for command environment: Not usable outside of PowerShell
[0.906s] DEBUG:colcon.colcon_core.shell:Skip shell extension 'dsv' for command environment
[0.911s] DEBUG:colcon.colcon_core.shell:Ignoring prefix path '/opt/ros/dashing'
[0.911s] DEBUG:colcon.colcon_core.shell:Ignoring prefix path '/home/wuray/flock_catkin_ws/devel'
[0.911s] DEBUG:colcon.colcon_core.shell:Ignoring prefix path '/opt/ros/melodic'
[0.914s] INFO:colcon.colcon_ros.task.ament_cmake.build:Building ROS package in '/home/wuray/tello_ros_ws/src/tello_ros/tello_gazebo' with build type 'ament_cmake'
[0.914s] INFO:colcon.colcon_cmake.task.cmake.build:Building CMake package in '/home/wuray/tello_ros_ws/src/tello_ros/tello_gazebo'
[0.917s] INFO:colcon.colcon_core.shell:Skip shell extension 'powershell' for command environment: Not usable outside of PowerShell
[0.917s] DEBUG:colcon.colcon_core.shell:Skip shell extension 'dsv' for command environment
[0.920s] DEBUG:colcon.colcon_core.shell:Ignoring prefix path '/opt/ros/dashing'
[0.921s] DEBUG:colcon.colcon_core.shell:Ignoring prefix path '/home/wuray/flock_catkin_ws/devel'
[0.921s] DEBUG:colcon.colcon_core.shell:Ignoring prefix path '/opt/ros/melodic'
[0.935s] DEBUG:colcon.colcon_core.event_handler.log_command:Invoking command in '/home/wuray/tello_ros_ws/build/tello_driver': AMENT_PREFIX_PATH=/home/wuray/tello_ros_ws/install/tello_msgs:${AMENT_PREFIX_PATH} CMAKE_PREFIX_PATH=/home/wuray/tello_ros_ws/install/tello_msgs:/home/wuray/tello_ros_ws/install/ros2_shared:/home/wuray/tello_ros_ws/install/tello_description:/opt/ros/dashing:/home/wuray/flock_catkin_ws/devel:/opt/ros/melodic LD_LIBRARY_PATH=/home/wuray/tello_ros_ws/install/tello_msgs/lib:${LD_LIBRARY_PATH} PYTHONPATH=/home/wuray/tello_ros_ws/install/tello_msgs/lib/python3.6/site-packages:${PYTHONPATH} /usr/local/bin/cmake --build /home/wuray/tello_ros_ws/build/tello_driver -- -j4 -l4
[0.946s] DEBUG:colcon.colcon_core.event_handler.log_command:Invoking command in '/home/wuray/tello_ros_ws/build/tello_gazebo': AMENT_PREFIX_PATH=/home/wuray/tello_ros_ws/install/tello_msgs:${AMENT_PREFIX_PATH} CMAKE_PREFIX_PATH=/home/wuray/tello_ros_ws/install/tello_msgs:/home/wuray/tello_ros_ws/install/tello_description:/home/wuray/tello_ros_ws/install/ros2_shared:/opt/ros/dashing:/home/wuray/flock_catkin_ws/devel:/opt/ros/melodic LD_LIBRARY_PATH=/home/wuray/tello_ros_ws/install/tello_msgs/lib:${LD_LIBRARY_PATH} PYTHONPATH=/home/wuray/tello_ros_ws/install/tello_msgs/lib/python3.6/site-packages:${PYTHONPATH} /usr/local/bin/cmake --build /home/wuray/tello_ros_ws/build/tello_gazebo -- -j4 -l4
[1.014s] DEBUG:colcon.colcon_core.event_handler.log_command:Invoked command in '/home/wuray/tello_ros_ws/build/tello_driver' returned '0': AMENT_PREFIX_PATH=/home/wuray/tello_ros_ws/install/tello_msgs:${AMENT_PREFIX_PATH} CMAKE_PREFIX_PATH=/home/wuray/tello_ros_ws/install/tello_msgs:/home/wuray/tello_ros_ws/install/ros2_shared:/home/wuray/tello_ros_ws/install/tello_description:/opt/ros/dashing:/home/wuray/flock_catkin_ws/devel:/opt/ros/melodic LD_LIBRARY_PATH=/home/wuray/tello_ros_ws/install/tello_msgs/lib:${LD_LIBRARY_PATH} PYTHONPATH=/home/wuray/tello_ros_ws/install/tello_msgs/lib/python3.6/site-packages:${PYTHONPATH} /usr/local/bin/cmake --build /home/wuray/tello_ros_ws/build/tello_driver -- -j4 -l4
[1.071s] DEBUG:colcon.colcon_core.event_handler.log_command:Invoking command in '/home/wuray/tello_ros_ws/build/tello_driver': AMENT_PREFIX_PATH=/home/wuray/tello_ros_ws/install/tello_msgs:${AMENT_PREFIX_PATH} CMAKE_PREFIX_PATH=/home/wuray/tello_ros_ws/install/tello_msgs:/home/wuray/tello_ros_ws/install/ros2_shared:/home/wuray/tello_ros_ws/install/tello_description:/opt/ros/dashing:/home/wuray/flock_catkin_ws/devel:/opt/ros/melodic LD_LIBRARY_PATH=/home/wuray/tello_ros_ws/install/tello_msgs/lib:${LD_LIBRARY_PATH} PYTHONPATH=/home/wuray/tello_ros_ws/install/tello_msgs/lib/python3.6/site-packages:${PYTHONPATH} /usr/local/bin/cmake --install /home/wuray/tello_ros_ws/build/tello_driver
[1.083s] Level 1:colcon.colcon_core.environment:create_environment_scripts_only(tello_driver)
[1.085s] Level 1:colcon.colcon_core.environment:checking '/home/wuray/tello_ros_ws/install/tello_driver' for CMake module files
[1.087s] Level 1:colcon.colcon_core.environment:checking '/home/wuray/tello_ros_ws/install/tello_driver' for CMake config files
[1.088s] DEBUG:colcon.colcon_core.event_handler.log_command:Invoked command in '/home/wuray/tello_ros_ws/build/tello_driver' returned '0': AMENT_PREFIX_PATH=/home/wuray/tello_ros_ws/install/tello_msgs:${AMENT_PREFIX_PATH} CMAKE_PREFIX_PATH=/home/wuray/tello_ros_ws/install/tello_msgs:/home/wuray/tello_ros_ws/install/ros2_shared:/home/wuray/tello_ros_ws/install/tello_description:/opt/ros/dashing:/home/wuray/flock_catkin_ws/devel:/opt/ros/melodic LD_LIBRARY_PATH=/home/wuray/tello_ros_ws/install/tello_msgs/lib:${LD_LIBRARY_PATH} PYTHONPATH=/home/wuray/tello_ros_ws/install/tello_msgs/lib/python3.6/site-packages:${PYTHONPATH} /usr/local/bin/cmake --install /home/wuray/tello_ros_ws/build/tello_driver
[1.089s] Level 1:colcon.colcon_core.shell:create_environment_hook('tello_driver', 'cmake_prefix_path')
[1.090s] INFO:colcon.colcon_core.shell:Creating environment hook '/home/wuray/tello_ros_ws/install/tello_driver/share/tello_driver/hook/cmake_prefix_path.ps1'
[1.091s] INFO:colcon.colcon_core.shell:Creating environment descriptor '/home/wuray/tello_ros_ws/install/tello_driver/share/tello_driver/hook/cmake_prefix_path.dsv'
[1.091s] INFO:colcon.colcon_core.shell:Creating environment hook '/home/wuray/tello_ros_ws/install/tello_driver/share/tello_driver/hook/cmake_prefix_path.sh'
[1.092s] Level 1:colcon.colcon_core.environment:checking '/home/wuray/tello_ros_ws/install/tello_driver/lib'
[1.092s] Level 1:colcon.colcon_core.shell:create_environment_hook('tello_driver', 'ld_library_path_lib')
[1.093s] INFO:colcon.colcon_core.shell:Creating environment hook '/home/wuray/tello_ros_ws/install/tello_driver/share/tello_driver/hook/ld_library_path_lib.ps1'
[1.094s] INFO:colcon.colcon_core.shell:Creating environment descriptor '/home/wuray/tello_ros_ws/install/tello_driver/share/tello_driver/hook/ld_library_path_lib.dsv'
[1.095s] INFO:colcon.colcon_core.shell:Creating environment hook '/home/wuray/tello_ros_ws/install/tello_driver/share/tello_driver/hook/ld_library_path_lib.sh'
[1.095s] Level 1:colcon.colcon_core.environment:checking '/home/wuray/tello_ros_ws/install/tello_driver/bin'
[1.095s] Level 1:colcon.colcon_core.environment:checking '/home/wuray/tello_ros_ws/install/tello_driver/lib/pkgconfig/tello_driver.pc'
[1.095s] Level 1:colcon.colcon_core.environment:checking '/home/wuray/tello_ros_ws/install/tello_driver/lib/python3.6/site-packages'
[1.096s] INFO:colcon.colcon_core.shell:Creating package script '/home/wuray/tello_ros_ws/install/tello_driver/share/tello_driver/package.ps1'
[1.097s] INFO:colcon.colcon_core.shell:Creating package descriptor '/home/wuray/tello_ros_ws/install/tello_driver/share/tello_driver/package.dsv'
[1.097s] INFO:colcon.colcon_core.shell:Creating package script '/home/wuray/tello_ros_ws/install/tello_driver/share/tello_driver/package.sh'
[1.098s] INFO:colcon.colcon_core.shell:Creating package script '/home/wuray/tello_ros_ws/install/tello_driver/share/tello_driver/package.bash'
[1.098s] INFO:colcon.colcon_core.shell:Creating package script '/home/wuray/tello_ros_ws/install/tello_driver/share/tello_driver/package.zsh'
[1.099s] Level 1:colcon.colcon_core.environment:create_file_with_runtime_dependencies(/home/wuray/tello_ros_ws/install/tello_driver/share/colcon-core/packages/tello_driver)
[1.143s] Level 1:colcon.colcon_core.environment:create_environment_scripts_only(tello_driver)
[1.145s] Level 1:colcon.colcon_core.environment:checking '/home/wuray/tello_ros_ws/install/tello_driver' for CMake module files
[1.147s] Level 1:colcon.colcon_core.environment:checking '/home/wuray/tello_ros_ws/install/tello_driver' for CMake config files
[1.147s] Level 1:colcon.colcon_core.shell:create_environment_hook('tello_driver', 'cmake_prefix_path')
[1.148s] INFO:colcon.colcon_core.shell:Creating environment hook '/home/wuray/tello_ros_ws/install/tello_driver/share/tello_driver/hook/cmake_prefix_path.ps1'
[1.149s] INFO:colcon.colcon_core.shell:Creating environment descriptor '/home/wuray/tello_ros_ws/install/tello_driver/share/tello_driver/hook/cmake_prefix_path.dsv'
[1.150s] INFO:colcon.colcon_core.shell:Creating environment hook '/home/wuray/tello_ros_ws/install/tello_driver/share/tello_driver/hook/cmake_prefix_path.sh'
[1.151s] Level 1:colcon.colcon_core.environment:checking '/home/wuray/tello_ros_ws/install/tello_driver/lib'
[1.151s] Level 1:colcon.colcon_core.shell:create_environment_hook('tello_driver', 'ld_library_path_lib')
[1.152s] INFO:colcon.colcon_core.shell:Creating environment hook '/home/wuray/tello_ros_ws/install/tello_driver/share/tello_driver/hook/ld_library_path_lib.ps1'
[1.152s] INFO:colcon.colcon_core.shell:Creating environment descriptor '/home/wuray/tello_ros_ws/install/tello_driver/share/tello_driver/hook/ld_library_path_lib.dsv'
[1.153s] INFO:colcon.colcon_core.shell:Creating environment hook '/home/wuray/tello_ros_ws/install/tello_driver/share/tello_driver/hook/ld_library_path_lib.sh'
[1.153s] Level 1:colcon.colcon_core.environment:checking '/home/wuray/tello_ros_ws/install/tello_driver/bin'
[1.153s] Level 1:colcon.colcon_core.environment:checking '/home/wuray/tello_ros_ws/install/tello_driver/lib/pkgconfig/tello_driver.pc'
[1.153s] Level 1:colcon.colcon_core.environment:checking '/home/wuray/tello_ros_ws/install/tello_driver/lib/python3.6/site-packages'
[1.154s] INFO:colcon.colcon_core.shell:Creating package script '/home/wuray/tello_ros_ws/install/tello_driver/share/tello_driver/package.ps1'
[1.155s] INFO:colcon.colcon_core.shell:Creating package descriptor '/home/wuray/tello_ros_ws/install/tello_driver/share/tello_driver/package.dsv'
[1.156s] INFO:colcon.colcon_core.shell:Creating package script '/home/wuray/tello_ros_ws/install/tello_driver/share/tello_driver/package.sh'
[1.157s] INFO:colcon.colcon_core.shell:Creating package script '/home/wuray/tello_ros_ws/install/tello_driver/share/tello_driver/package.bash'
[1.157s] INFO:colcon.colcon_core.shell:Creating package script '/home/wuray/tello_ros_ws/install/tello_driver/share/tello_driver/package.zsh'
[1.158s] Level 1:colcon.colcon_core.environment:create_file_with_runtime_dependencies(/home/wuray/tello_ros_ws/install/tello_driver/share/colcon-core/packages/tello_driver)
[2.575s] DEBUG:colcon.colcon_core.event_handler.log_command:Invoked command in '/home/wuray/tello_ros_ws/build/tello_gazebo' returned '2': AMENT_PREFIX_PATH=/home/wuray/tello_ros_ws/install/tello_msgs:${AMENT_PREFIX_PATH} CMAKE_PREFIX_PATH=/home/wuray/tello_ros_ws/install/tello_msgs:/home/wuray/tello_ros_ws/install/tello_description:/home/wuray/tello_ros_ws/install/ros2_shared:/opt/ros/dashing:/home/wuray/flock_catkin_ws/devel:/opt/ros/melodic LD_LIBRARY_PATH=/home/wuray/tello_ros_ws/install/tello_msgs/lib:${LD_LIBRARY_PATH} PYTHONPATH=/home/wuray/tello_ros_ws/install/tello_msgs/lib/python3.6/site-packages:${PYTHONPATH} /usr/local/bin/cmake --build /home/wuray/tello_ros_ws/build/tello_gazebo -- -j4 -l4
[2.619s] Level 1:colcon.colcon_core.environment:create_environment_scripts_only(tello_gazebo)
[2.621s] Level 1:colcon.colcon_core.environment:checking '/home/wuray/tello_ros_ws/install/tello_gazebo' for CMake module files
[2.621s] Level 1:colcon.colcon_core.environment:checking '/home/wuray/tello_ros_ws/install/tello_gazebo' for CMake config files
[2.622s] Level 1:colcon.colcon_core.environment:checking '/home/wuray/tello_ros_ws/install/tello_gazebo/bin'
[2.622s] Level 1:colcon.colcon_core.environment:checking '/home/wuray/tello_ros_ws/install/tello_gazebo/lib/pkgconfig/tello_gazebo.pc'
[2.622s] Level 1:colcon.colcon_core.environment:checking '/home/wuray/tello_ros_ws/install/tello_gazebo/lib/python3.6/site-packages'
[2.623s] INFO:colcon.colcon_core.shell:Creating package script '/home/wuray/tello_ros_ws/install/tello_gazebo/share/tello_gazebo/package.ps1'
[2.624s] INFO:colcon.colcon_core.shell:Creating package descriptor '/home/wuray/tello_ros_ws/install/tello_gazebo/share/tello_gazebo/package.dsv'
[2.625s] INFO:colcon.colcon_core.shell:Creating package script '/home/wuray/tello_ros_ws/install/tello_gazebo/share/tello_gazebo/package.sh'
[2.625s] INFO:colcon.colcon_core.shell:Creating package script '/home/wuray/tello_ros_ws/install/tello_gazebo/share/tello_gazebo/package.bash'
[2.626s] INFO:colcon.colcon_core.shell:Creating package script '/home/wuray/tello_ros_ws/install/tello_gazebo/share/tello_gazebo/package.zsh'
[2.627s] Level 1:colcon.colcon_core.environment:create_file_with_runtime_dependencies(/home/wuray/tello_ros_ws/install/tello_gazebo/share/colcon-core/packages/tello_gazebo)
[2.637s] DEBUG:colcon.colcon_parallel_executor.executor.parallel:closing loop
[2.639s] DEBUG:colcon.colcon_parallel_executor.executor.parallel:loop closed
[2.639s] DEBUG:colcon.colcon_parallel_executor.executor.parallel:run_until_complete finished with '2'
[2.640s] DEBUG:colcon.colcon_core.event_reactor:joining thread
[2.649s] INFO:colcon.colcon_core.plugin_system:Skipping extension 'colcon_notification.desktop_notification.terminal_notifier': Not used on non-Darwin systems
[2.649s] INFO:colcon.colcon_core.plugin_system:Skipping extension 'colcon_notification.desktop_notification.win32': Not used on non-Windows systems
[2.649s] INFO:colcon.colcon_notification.desktop_notification:Sending desktop notification using 'notify2'
[2.653s] DEBUG:colcon.colcon_core.event_reactor:joined thread
[2.656s] INFO:colcon.colcon_core.shell:Creating prefix script '/home/wuray/tello_ros_ws/install/local_setup.ps1'
[2.659s] INFO:colcon.colcon_core.shell:Creating prefix util module '/home/wuray/tello_ros_ws/install/_local_setup_util_ps1.py'
[2.664s] INFO:colcon.colcon_core.shell:Creating prefix chain script '/home/wuray/tello_ros_ws/install/setup.ps1'
[2.671s] INFO:colcon.colcon_core.shell:Creating prefix script '/home/wuray/tello_ros_ws/install/local_setup.sh'
[2.673s] INFO:colcon.colcon_core.shell:Creating prefix util module '/home/wuray/tello_ros_ws/install/_local_setup_util_sh.py'
[2.674s] INFO:colcon.colcon_core.shell:Creating prefix chain script '/home/wuray/tello_ros_ws/install/setup.sh'
[2.682s] INFO:colcon.colcon_core.shell:Creating prefix script '/home/wuray/tello_ros_ws/install/local_setup.bash'
[2.684s] INFO:colcon.colcon_core.shell:Creating prefix chain script '/home/wuray/tello_ros_ws/install/setup.bash'
[2.692s] INFO:colcon.colcon_core.shell:Creating prefix script '/home/wuray/tello_ros_ws/install/local_setup.zsh'
[2.694s] INFO:colcon.colcon_core.shell:Creating prefix chain script '/home/wuray/tello_ros_ws/install/setup.zsh'
