-- The C compiler identification is GNU 7.5.0
-- The CXX compiler identification is GNU 7.5.0
-- Detecting C compiler ABI info
-- Detecting C compiler ABI info - done
-- Check for working C compiler: /usr/bin/cc - skipped
-- Detecting C compile features
-- Detecting C compile features - done
-- Detecting CXX compiler ABI info
-- Detecting CXX compiler ABI info - done
-- Check for working CXX compiler: /usr/bin/c++ - skipped
-- Detecting CXX compile features
-- Detecting CXX compile features - done
-- Found ament_cmake: 0.7.5 (/opt/ros/dashing/share/ament_cmake/cmake)
-- Found PythonInterp: /usr/bin/python3 (found suitable version "3.6.9", minimum required is "3") 
-- Using PYTHON_EXECUTABLE: /usr/bin/python3
-- Found camera_calibration_parsers: 2.1.1 (/opt/ros/dashing/share/camera_calibration_parsers/cmake)
-- Found rosidl_adapter: 0.7.9 (/opt/ros/dashing/share/rosidl_adapter/cmake)
-- Found rmw_implementation_cmake: 0.7.2 (/opt/ros/dashing/share/rmw_implementation_cmake/cmake)
-- Using RMW implementation 'rmw_fastrtps_cpp' as default
-- Looking for pthread.h
-- Looking for pthread.h - found
-- Performing Test CMAKE_HAVE_LIBC_PTHREAD
-- Performing Test CMAKE_HAVE_LIBC_PTHREAD - Failed
-- Looking for pthread_create in pthreads
-- Looking for pthread_create in pthreads - not found
-- Looking for pthread_create in pthread
-- Looking for pthread_create in pthread - found
-- Found Threads: TRUE  
-- Setting yaml-cpp_DIR to: '/opt/ros/dashing/share/yaml_cpp_vendor/cmake/../../../opt/yaml_cpp_vendor/lib/cmake/yaml-cpp'
-- Found class_loader: 1.3.3 (/opt/ros/dashing/share/class_loader/cmake)
-- Found poco_vendor:  (/opt/ros/dashing/share/poco_vendor/cmake)
-- Found cv_bridge: 2.1.4 (/opt/ros/dashing/share/cv_bridge/cmake)
-- Found OpenCV: /usr (found version "3.2.0") 
-- Found rclcpp_components: 0.7.14 (/opt/ros/dashing/share/rclcpp_components/cmake)
-- Found ros2_shared: 0.1.0 (/home/wuray/tello_ros_ws/install/ros2_shared/share/ros2_shared/cmake)
-- Found tello_msgs: 0.1.0 (/home/wuray/tello_ros_ws/install/tello_msgs/share/tello_msgs/cmake)
-- Configuring done
-- Generating done
-- Build files have been written to: /home/wuray/tello_ros_ws/build/tello_driver
[35m[1mScanning dependencies of target tello_emulator[0m
[35m[1mScanning dependencies of target tello_joy_node[0m
[35m[1mScanning dependencies of target tello_driver_node[0m
[  4%] [32mBuilding CXX object CMakeFiles/tello_emulator.dir/src/tello_emulator.cpp.o[0m
[  9%] [32mBuilding CXX object CMakeFiles/tello_joy_node.dir/src/tello_joy_node.cpp.o[0m
[ 13%] [32mBuilding CXX object CMakeFiles/tello_driver_node.dir/src/tello_driver_node.cpp.o[0m
[35m[1mScanning dependencies of target tello_driver_main[0m
[ 18%] [32mBuilding CXX object CMakeFiles/tello_driver_main.dir/src/tello_driver_main.cpp.o[0m
[ 22%] [32m[1mLinking CXX executable tello_emulator[0m
[ 22%] Built target tello_emulator
[35m[1mScanning dependencies of target tello_joy_main[0m
[ 27%] [32mBuilding CXX object CMakeFiles/tello_joy_main.dir/src/tello_joy_main.cpp.o[0m
[ 31%] [32mBuilding CXX object CMakeFiles/tello_joy_main.dir/src/tello_joy_node.cpp.o[0m
[ 36%] [32m[1mLinking CXX shared library libtello_joy_node.so[0m
[ 40%] [32mBuilding CXX object CMakeFiles/tello_driver_main.dir/src/tello_driver_node.cpp.o[0m
[ 40%] Built target tello_joy_node
[ 45%] [32mBuilding CXX object CMakeFiles/tello_driver_main.dir/src/tello_socket.cpp.o[0m
[ 50%] [32mBuilding CXX object CMakeFiles/tello_driver_node.dir/src/tello_socket.cpp.o[0m
[ 54%] [32m[1mLinking CXX executable tello_joy_main[0m
[ 54%] Built target tello_joy_main
[ 59%] [32mBuilding CXX object CMakeFiles/tello_driver_node.dir/src/command_socket.cpp.o[0m
[ 63%] [32mBuilding CXX object CMakeFiles/tello_driver_main.dir/src/state_socket.cpp.o[0m
[ 68%] [32mBuilding CXX object CMakeFiles/tello_driver_node.dir/src/state_socket.cpp.o[0m
[ 72%] [32mBuilding CXX object CMakeFiles/tello_driver_main.dir/src/command_socket.cpp.o[0m
[ 77%] [32mBuilding CXX object CMakeFiles/tello_driver_node.dir/src/video_socket.cpp.o[0m
[ 81%] [32mBuilding CXX object CMakeFiles/tello_driver_main.dir/src/video_socket.cpp.o[0m
[ 86%] [32mBuilding CXX object CMakeFiles/tello_driver_main.dir/h264decoder/h264decoder.cpp.o[0m
[ 90%] [32mBuilding CXX object CMakeFiles/tello_driver_node.dir/h264decoder/h264decoder.cpp.o[0m
[ 95%] [32m[1mLinking CXX shared library libtello_driver_node.so[0m
[100%] [32m[1mLinking CXX executable tello_driver_main[0m
[100%] Built target tello_driver_node
[100%] Built target tello_driver_main
-- Install configuration: ""
-- Installing: /home/wuray/tello_ros_ws/install/tello_driver/share/tello_driver/environment/library_path.sh
-- Installing: /home/wuray/tello_ros_ws/install/tello_driver/lib/libtello_driver_node.so
-- Set runtime path of "/home/wuray/tello_ros_ws/install/tello_driver/lib/libtello_driver_node.so" to ""
-- Installing: /home/wuray/tello_ros_ws/install/tello_driver/lib/libtello_joy_node.so
-- Set runtime path of "/home/wuray/tello_ros_ws/install/tello_driver/lib/libtello_joy_node.so" to ""
-- Installing: /home/wuray/tello_ros_ws/install/tello_driver/lib/tello_driver/tello_driver_main
-- Set runtime path of "/home/wuray/tello_ros_ws/install/tello_driver/lib/tello_driver/tello_driver_main" to ""
-- Installing: /home/wuray/tello_ros_ws/install/tello_driver/lib/tello_driver/tello_joy_main
-- Set runtime path of "/home/wuray/tello_ros_ws/install/tello_driver/lib/tello_driver/tello_joy_main" to ""
-- Installing: /home/wuray/tello_ros_ws/install/tello_driver/lib/tello_driver/tello_emulator
-- Installing: /home/wuray/tello_ros_ws/install/tello_driver/share/tello_driver/cfg
-- Installing: /home/wuray/tello_ros_ws/install/tello_driver/share/tello_driver/cfg/camera_info.yaml
-- Installing: /home/wuray/tello_ros_ws/install/tello_driver/share/tello_driver/launch
-- Installing: /home/wuray/tello_ros_ws/install/tello_driver/share/tello_driver/launch/emulator_launch.py
-- Installing: /home/wuray/tello_ros_ws/install/tello_driver/share/tello_driver/launch/teleop_launch.py
-- Installing: /home/wuray/tello_ros_ws/install/tello_driver/share/tello_driver/launch/emulators_launch.py
-- Installing: /home/wuray/tello_ros_ws/install/tello_driver/share/ament_index/resource_index/package_run_dependencies/tello_driver
-- Installing: /home/wuray/tello_ros_ws/install/tello_driver/share/ament_index/resource_index/parent_prefix_path/tello_driver
-- Installing: /home/wuray/tello_ros_ws/install/tello_driver/share/tello_driver/environment/ament_prefix_path.sh
-- Installing: /home/wuray/tello_ros_ws/install/tello_driver/share/tello_driver/environment/path.sh
-- Installing: /home/wuray/tello_ros_ws/install/tello_driver/share/tello_driver/local_setup.bash
-- Installing: /home/wuray/tello_ros_ws/install/tello_driver/share/tello_driver/local_setup.sh
-- Installing: /home/wuray/tello_ros_ws/install/tello_driver/share/tello_driver/local_setup.zsh
-- Installing: /home/wuray/tello_ros_ws/install/tello_driver/share/ament_index/resource_index/packages/tello_driver
-- Installing: /home/wuray/tello_ros_ws/install/tello_driver/share/ament_index/resource_index/rclcpp_components/tello_driver
-- Installing: /home/wuray/tello_ros_ws/install/tello_driver/share/tello_driver/cmake/tello_driverConfig.cmake
-- Installing: /home/wuray/tello_ros_ws/install/tello_driver/share/tello_driver/cmake/tello_driverConfig-version.cmake
-- Installing: /home/wuray/tello_ros_ws/install/tello_driver/share/tello_driver/package.xml
