[0.013s] Invoking command in '/home/wuray/tello_ros_ws/build/tello_driver': AMENT_PREFIX_PATH=/home/wuray/tello_ros_ws/install/tello_msgs:${AMENT_PREFIX_PATH} CMAKE_PREFIX_PATH=/home/wuray/tello_ros_ws/install/tello_msgs:/home/wuray/tello_ros_ws/install/ros2_shared:/home/wuray/tello_ros_ws/install/tello_description:/opt/ros/dashing:/home/wuray/flock_catkin_ws/devel:/opt/ros/melodic LD_LIBRARY_PATH=/home/wuray/tello_ros_ws/install/tello_msgs/lib:${LD_LIBRARY_PATH} PYTHONPATH=/home/wuray/tello_ros_ws/install/tello_msgs/lib/python3.6/site-packages:${PYTHONPATH} /usr/local/bin/cmake /home/wuray/tello_ros_ws/src/tello_ros/tello_driver -DCMAKE_INSTALL_PREFIX=/home/wuray/tello_ros_ws/install/tello_driver
[0.076s] -- The C compiler identification is GNU 7.5.0
[0.146s] -- The CXX compiler identification is GNU 7.5.0
[0.156s] -- Detecting C compiler ABI info
[0.218s] -- Detecting C compiler ABI info - done
[0.232s] -- Check for working C compiler: /usr/bin/cc - skipped
[0.233s] -- Detecting C compile features
[0.233s] -- Detecting C compile features - done
[0.238s] -- Detecting CXX compiler ABI info
[0.315s] -- Detecting CXX compiler ABI info - done
[0.329s] -- Check for working CXX compiler: /usr/bin/c++ - skipped
[0.329s] -- Detecting CXX compile features
[0.330s] -- Detecting CXX compile features - done
[0.333s] -- Found ament_cmake: 0.7.5 (/opt/ros/dashing/share/ament_cmake/cmake)
[0.372s] -- Found PythonInterp: /usr/bin/python3 (found suitable version "3.6.9", minimum required is "3") 
[0.372s] -- Using PYTHON_EXECUTABLE: /usr/bin/python3
[0.677s] -- Found camera_calibration_parsers: 2.1.1 (/opt/ros/dashing/share/camera_calibration_parsers/cmake)
[0.707s] -- Found rosidl_adapter: 0.7.9 (/opt/ros/dashing/share/rosidl_adapter/cmake)
[0.759s] -- Found rmw_implementation_cmake: 0.7.2 (/opt/ros/dashing/share/rmw_implementation_cmake/cmake)
[0.761s] -- Using RMW implementation 'rmw_fastrtps_cpp' as default
[0.762s] -- Looking for pthread.h
[0.829s] -- Looking for pthread.h - found
[0.830s] -- Performing Test CMAKE_HAVE_LIBC_PTHREAD
[0.898s] -- Performing Test CMAKE_HAVE_LIBC_PTHREAD - Failed
[0.898s] -- Looking for pthread_create in pthreads
[0.949s] -- Looking for pthread_create in pthreads - not found
[0.950s] -- Looking for pthread_create in pthread
[1.013s] -- Looking for pthread_create in pthread - found
[1.014s] -- Found Threads: TRUE  
[1.102s] -- Setting yaml-cpp_DIR to: '/opt/ros/dashing/share/yaml_cpp_vendor/cmake/../../../opt/yaml_cpp_vendor/lib/cmake/yaml-cpp'
[1.106s] -- Found class_loader: 1.3.3 (/opt/ros/dashing/share/class_loader/cmake)
[1.108s] -- Found poco_vendor:  (/opt/ros/dashing/share/poco_vendor/cmake)
[1.120s] -- Found cv_bridge: 2.1.4 (/opt/ros/dashing/share/cv_bridge/cmake)
[1.329s] -- Found OpenCV: /usr (found version "3.2.0") 
[1.332s] -- Found rclcpp_components: 0.7.14 (/opt/ros/dashing/share/rclcpp_components/cmake)
[1.346s] -- Found ros2_shared: 0.1.0 (/home/wuray/tello_ros_ws/install/ros2_shared/share/ros2_shared/cmake)
[1.348s] -- Found tello_msgs: 0.1.0 (/home/wuray/tello_ros_ws/install/tello_msgs/share/tello_msgs/cmake)
[1.717s] -- Configuring done
[1.813s] -- Generating done
[1.815s] -- Build files have been written to: /home/wuray/tello_ros_ws/build/tello_driver
[1.821s] Invoked command in '/home/wuray/tello_ros_ws/build/tello_driver' returned '0': AMENT_PREFIX_PATH=/home/wuray/tello_ros_ws/install/tello_msgs:${AMENT_PREFIX_PATH} CMAKE_PREFIX_PATH=/home/wuray/tello_ros_ws/install/tello_msgs:/home/wuray/tello_ros_ws/install/ros2_shared:/home/wuray/tello_ros_ws/install/tello_description:/opt/ros/dashing:/home/wuray/flock_catkin_ws/devel:/opt/ros/melodic LD_LIBRARY_PATH=/home/wuray/tello_ros_ws/install/tello_msgs/lib:${LD_LIBRARY_PATH} PYTHONPATH=/home/wuray/tello_ros_ws/install/tello_msgs/lib/python3.6/site-packages:${PYTHONPATH} /usr/local/bin/cmake /home/wuray/tello_ros_ws/src/tello_ros/tello_driver -DCMAKE_INSTALL_PREFIX=/home/wuray/tello_ros_ws/install/tello_driver
[1.825s] Invoking command in '/home/wuray/tello_ros_ws/build/tello_driver': AMENT_PREFIX_PATH=/home/wuray/tello_ros_ws/install/tello_msgs:${AMENT_PREFIX_PATH} CMAKE_PREFIX_PATH=/home/wuray/tello_ros_ws/install/tello_msgs:/home/wuray/tello_ros_ws/install/ros2_shared:/home/wuray/tello_ros_ws/install/tello_description:/opt/ros/dashing:/home/wuray/flock_catkin_ws/devel:/opt/ros/melodic LD_LIBRARY_PATH=/home/wuray/tello_ros_ws/install/tello_msgs/lib:${LD_LIBRARY_PATH} PYTHONPATH=/home/wuray/tello_ros_ws/install/tello_msgs/lib/python3.6/site-packages:${PYTHONPATH} /usr/local/bin/cmake --build /home/wuray/tello_ros_ws/build/tello_driver -- -j4 -l4
[1.852s] [35m[1mScanning dependencies of target tello_emulator[0m
[1.852s] [35m[1mScanning dependencies of target tello_joy_node[0m
[1.852s] [35m[1mScanning dependencies of target tello_driver_node[0m
[1.857s] [  4%] [32mBuilding CXX object CMakeFiles/tello_emulator.dir/src/tello_emulator.cpp.o[0m
[1.879s] [  9%] [32mBuilding CXX object CMakeFiles/tello_joy_node.dir/src/tello_joy_node.cpp.o[0m
[1.949s] [ 13%] [32mBuilding CXX object CMakeFiles/tello_driver_node.dir/src/tello_driver_node.cpp.o[0m
[3.948s] [35m[1mScanning dependencies of target tello_driver_main[0m
[4.043s] [ 18%] [32mBuilding CXX object CMakeFiles/tello_driver_main.dir/src/tello_driver_main.cpp.o[0m
[4.129s] [ 22%] [32m[1mLinking CXX executable tello_emulator[0m
[4.320s] [ 22%] Built target tello_emulator
[4.330s] [35m[1mScanning dependencies of target tello_joy_main[0m
[4.391s] [ 27%] [32mBuilding CXX object CMakeFiles/tello_joy_main.dir/src/tello_joy_main.cpp.o[0m
[7.080s] [ 31%] [32mBuilding CXX object CMakeFiles/tello_joy_main.dir/src/tello_joy_node.cpp.o[0m
[7.798s] [ 36%] [32m[1mLinking CXX shared library libtello_joy_node.so[0m
[8.056s] [ 40%] [32mBuilding CXX object CMakeFiles/tello_driver_main.dir/src/tello_driver_node.cpp.o[0m
[8.276s] [ 40%] Built target tello_joy_node
[8.282s] [ 45%] [32mBuilding CXX object CMakeFiles/tello_driver_main.dir/src/tello_socket.cpp.o[0m
[13.621s] [ 50%] [32mBuilding CXX object CMakeFiles/tello_driver_node.dir/src/tello_socket.cpp.o[0m
[13.639s] [ 54%] [32m[1mLinking CXX executable tello_joy_main[0m
[14.018s] [ 54%] Built target tello_joy_main
[16.421s] [ 59%] [32mBuilding CXX object CMakeFiles/tello_driver_node.dir/src/command_socket.cpp.o[0m
[16.952s] [ 63%] [32mBuilding CXX object CMakeFiles/tello_driver_main.dir/src/state_socket.cpp.o[0m
[17.953s] [ 68%] [32mBuilding CXX object CMakeFiles/tello_driver_node.dir/src/state_socket.cpp.o[0m
[17.959s] [ 72%] [32mBuilding CXX object CMakeFiles/tello_driver_main.dir/src/command_socket.cpp.o[0m
[19.887s] [ 77%] [32mBuilding CXX object CMakeFiles/tello_driver_node.dir/src/video_socket.cpp.o[0m
[22.661s] [ 81%] [32mBuilding CXX object CMakeFiles/tello_driver_main.dir/src/video_socket.cpp.o[0m
[24.715s] [ 86%] [32mBuilding CXX object CMakeFiles/tello_driver_main.dir/h264decoder/h264decoder.cpp.o[0m
[25.196s] [ 90%] [32mBuilding CXX object CMakeFiles/tello_driver_node.dir/h264decoder/h264decoder.cpp.o[0m
[25.708s] [ 95%] [32m[1mLinking CXX shared library libtello_driver_node.so[0m
[26.671s] [100%] [32m[1mLinking CXX executable tello_driver_main[0m
[27.030s] [100%] Built target tello_driver_node
[28.981s] [100%] Built target tello_driver_main
[28.989s] Invoked command in '/home/wuray/tello_ros_ws/build/tello_driver' returned '0': AMENT_PREFIX_PATH=/home/wuray/tello_ros_ws/install/tello_msgs:${AMENT_PREFIX_PATH} CMAKE_PREFIX_PATH=/home/wuray/tello_ros_ws/install/tello_msgs:/home/wuray/tello_ros_ws/install/ros2_shared:/home/wuray/tello_ros_ws/install/tello_description:/opt/ros/dashing:/home/wuray/flock_catkin_ws/devel:/opt/ros/melodic LD_LIBRARY_PATH=/home/wuray/tello_ros_ws/install/tello_msgs/lib:${LD_LIBRARY_PATH} PYTHONPATH=/home/wuray/tello_ros_ws/install/tello_msgs/lib/python3.6/site-packages:${PYTHONPATH} /usr/local/bin/cmake --build /home/wuray/tello_ros_ws/build/tello_driver -- -j4 -l4
[29.035s] Invoking command in '/home/wuray/tello_ros_ws/build/tello_driver': AMENT_PREFIX_PATH=/home/wuray/tello_ros_ws/install/tello_msgs:${AMENT_PREFIX_PATH} CMAKE_PREFIX_PATH=/home/wuray/tello_ros_ws/install/tello_msgs:/home/wuray/tello_ros_ws/install/ros2_shared:/home/wuray/tello_ros_ws/install/tello_description:/opt/ros/dashing:/home/wuray/flock_catkin_ws/devel:/opt/ros/melodic LD_LIBRARY_PATH=/home/wuray/tello_ros_ws/install/tello_msgs/lib:${LD_LIBRARY_PATH} PYTHONPATH=/home/wuray/tello_ros_ws/install/tello_msgs/lib/python3.6/site-packages:${PYTHONPATH} /usr/local/bin/cmake --install /home/wuray/tello_ros_ws/build/tello_driver
[29.038s] -- Install configuration: ""
[29.038s] -- Installing: /home/wuray/tello_ros_ws/install/tello_driver/share/tello_driver/environment/library_path.sh
[29.039s] -- Installing: /home/wuray/tello_ros_ws/install/tello_driver/lib/libtello_driver_node.so
[29.044s] -- Set runtime path of "/home/wuray/tello_ros_ws/install/tello_driver/lib/libtello_driver_node.so" to ""
[29.044s] -- Installing: /home/wuray/tello_ros_ws/install/tello_driver/lib/libtello_joy_node.so
[29.046s] -- Set runtime path of "/home/wuray/tello_ros_ws/install/tello_driver/lib/libtello_joy_node.so" to ""
[29.046s] -- Installing: /home/wuray/tello_ros_ws/install/tello_driver/lib/tello_driver/tello_driver_main
[29.049s] -- Set runtime path of "/home/wuray/tello_ros_ws/install/tello_driver/lib/tello_driver/tello_driver_main" to ""
[29.049s] -- Installing: /home/wuray/tello_ros_ws/install/tello_driver/lib/tello_driver/tello_joy_main
[29.051s] -- Set runtime path of "/home/wuray/tello_ros_ws/install/tello_driver/lib/tello_driver/tello_joy_main" to ""
[29.051s] -- Installing: /home/wuray/tello_ros_ws/install/tello_driver/lib/tello_driver/tello_emulator
[29.052s] -- Installing: /home/wuray/tello_ros_ws/install/tello_driver/share/tello_driver/cfg
[29.052s] -- Installing: /home/wuray/tello_ros_ws/install/tello_driver/share/tello_driver/cfg/camera_info.yaml
[29.052s] -- Installing: /home/wuray/tello_ros_ws/install/tello_driver/share/tello_driver/launch
[29.053s] -- Installing: /home/wuray/tello_ros_ws/install/tello_driver/share/tello_driver/launch/emulator_launch.py
[29.054s] -- Installing: /home/wuray/tello_ros_ws/install/tello_driver/share/tello_driver/launch/teleop_launch.py
[29.054s] -- Installing: /home/wuray/tello_ros_ws/install/tello_driver/share/tello_driver/launch/emulators_launch.py
[29.054s] -- Installing: /home/wuray/tello_ros_ws/install/tello_driver/share/ament_index/resource_index/package_run_dependencies/tello_driver
[29.054s] -- Installing: /home/wuray/tello_ros_ws/install/tello_driver/share/ament_index/resource_index/parent_prefix_path/tello_driver
[29.054s] -- Installing: /home/wuray/tello_ros_ws/install/tello_driver/share/tello_driver/environment/ament_prefix_path.sh
[29.055s] -- Installing: /home/wuray/tello_ros_ws/install/tello_driver/share/tello_driver/environment/path.sh
[29.055s] -- Installing: /home/wuray/tello_ros_ws/install/tello_driver/share/tello_driver/local_setup.bash
[29.055s] -- Installing: /home/wuray/tello_ros_ws/install/tello_driver/share/tello_driver/local_setup.sh
[29.055s] -- Installing: /home/wuray/tello_ros_ws/install/tello_driver/share/tello_driver/local_setup.zsh
[29.055s] -- Installing: /home/wuray/tello_ros_ws/install/tello_driver/share/ament_index/resource_index/packages/tello_driver
[29.056s] -- Installing: /home/wuray/tello_ros_ws/install/tello_driver/share/ament_index/resource_index/rclcpp_components/tello_driver
[29.056s] -- Installing: /home/wuray/tello_ros_ws/install/tello_driver/share/tello_driver/cmake/tello_driverConfig.cmake
[29.056s] -- Installing: /home/wuray/tello_ros_ws/install/tello_driver/share/tello_driver/cmake/tello_driverConfig-version.cmake
[29.056s] -- Installing: /home/wuray/tello_ros_ws/install/tello_driver/share/tello_driver/package.xml
[29.060s] Invoked command in '/home/wuray/tello_ros_ws/build/tello_driver' returned '0': AMENT_PREFIX_PATH=/home/wuray/tello_ros_ws/install/tello_msgs:${AMENT_PREFIX_PATH} CMAKE_PREFIX_PATH=/home/wuray/tello_ros_ws/install/tello_msgs:/home/wuray/tello_ros_ws/install/ros2_shared:/home/wuray/tello_ros_ws/install/tello_description:/opt/ros/dashing:/home/wuray/flock_catkin_ws/devel:/opt/ros/melodic LD_LIBRARY_PATH=/home/wuray/tello_ros_ws/install/tello_msgs/lib:${LD_LIBRARY_PATH} PYTHONPATH=/home/wuray/tello_ros_ws/install/tello_msgs/lib/python3.6/site-packages:${PYTHONPATH} /usr/local/bin/cmake --install /home/wuray/tello_ros_ws/build/tello_driver
