-- The C compiler identification is GNU 7.5.0
-- The CXX compiler identification is GNU 7.5.0
-- Detecting C compiler ABI info
-- Detecting C compiler ABI info - done
-- Check for working C compiler: /usr/bin/cc - skipped
-- Detecting C compile features
-- Detecting C compile features - done
-- Detecting CXX compiler ABI info
-- Detecting CXX compiler ABI info - done
-- Check for working CXX compiler: /usr/bin/c++ - skipped
-- Detecting CXX compile features
-- Detecting CXX compile features - done
-- Found ament_cmake: 0.7.5 (/opt/ros/dashing/share/ament_cmake/cmake)
-- Found PythonInterp: /usr/bin/python3 (found suitable version "3.6.9", minimum required is "3") 
-- Using PYTHON_EXECUTABLE: /usr/bin/python3
creating rules for /home/wuray/tello_ros_ws/build/tello_description/urdf/tello.urdf
creating rules for /home/wuray/tello_ros_ws/build/tello_description/urdf/tello_1.urdf
creating rules for /home/wuray/tello_ros_ws/build/tello_description/urdf/tello_2.urdf
creating rules for /home/wuray/tello_ros_ws/build/tello_description/urdf/tello_3.urdf
creating rules for /home/wuray/tello_ros_ws/build/tello_description/urdf/tello_4.urdf
creating rules for /home/wuray/tello_ros_ws/build/tello_description/urdf/tello_5.urdf
creating rules for /home/wuray/tello_ros_ws/build/tello_description/urdf/tello_6.urdf
creating rules for /home/wuray/tello_ros_ws/build/tello_description/urdf/tello_7.urdf
creating rules for /home/wuray/tello_ros_ws/build/tello_description/urdf/tello_8.urdf
-- Configuring done
-- Generating done
-- Build files have been written to: /home/wuray/tello_ros_ws/build/tello_description
